4048
69756 404303 74 22
77907 482785 98 23
11759 158303 122 9
70882 320344 140 17
48174 198346 147 13
26964 77908 158 8
28491 157882 162 9
54874 242257 226 10
93422 278997 259 14
125165 319459 272 17
152778 402810 276 22
59028 -4326 299 3
166098 480451 309 23
162552 517955 361 18
142886 193136 375 13
117830 72280 384 8
175055 317693 393 17
203159 563036 395 24
210124 562590 412 24
141157 154937 438 9
149428 237211 453 10
225085 398726 454 22
124163 -5777 458 3
188944 190511 487 13
166772 154111 502 9
223719 315301 511 17
214598 272318 554 14
249062 234998 702 10
277385 68568 783 8
277581 68563 875 15
203491 68050 1060 15
222177 305871 1081 12
187347 139300 1098 16
243775 344658 1099 5
157298 26199 1106 21
223993 422180 1140 6
208711 503591 1174 7
177391 304874 1193 12
175790 304781 1197 12
199989 420342 1200 6
198112 224905 1213 4
195782 343727 1219 5
132656 65268 1237 15
186234 343178 1243 5
161600 183490 1243 11
207668 551671 1254 2
145931 304060 1272 12
117185 137242 1273 16
194486 628835 1281 3
156854 418994 1308 6
148118 223251 1338 4
144763 340384 1347 5
167769 627531 1348 3
112062 183164 1367 11
157350 548200 1380 2
100304 300758 1386 12
125230 417315 1387 6
48039 -19950 1387 20
40946 18813 1397 21
53535 64843 1435 15
159531 587288 1444 0
24785 -21287 1445 20
14940 18258 1462 21
97079 221305 1466 4
84278 501760 1485 7
71235 416978 1522 6
12793 130911 1534 16
62150 218315 1557 4
33600 180508 1563 11
-9211 130370 1589 16
-10714 63055 1596 15
-4833 496290 1708 7
-44144 495244 1806 7
-52089 416447 1830 6
-71679 493120 1875 7
-47507 445349 3008 23
-41845 525028 3022 24
-60219 486599 3041 18
5037 359440 3144 22
-51113 115711 3198 9
33024 269140 3268 17
11924 158287 3284 13
28542 157833 3326 13
61504 267270 3340 17
95984 355172 3371 22
21698 112629 3380 9
54913 242283 3386 14
37980 191575 3414 10
113809 431865 3417 23
119165 353630 3429 22
99665 264674 3435 17
28967 -47576 3460 3
151821 430097 3508 23
75336 29158 3518 8
162526 517961 3533 24
169286 593725 3551 20
168244 352526 3552 22
150225 472737 3567 18
189594 351816 3605 22
141159 154939 3607 13
113850 109546 3610 9
149533 237217 3623 14
169135 553312 3626 19
201247 351548 3634 22
129085 185027 3642 10
130196 27683 3655 8
215954 427269 3666 23
166754 154166 3671 13
198115 469173 3687 18
201529 552606 3707 19
152011 26194 3710 8
157082 26120 3723 8
161621 183589 3723 10
219240 260860 3734 17
243252 349336 3739 22
196370 104116 3816 9
249054 234999 3872 14
201409 97473 4303 16
252006 374110 4310 6
219394 261007 4328 12
230104 373082 4365 6
217200 299724 4406 5
222396 451331 4409 7
178368 258702 4431 12
140386 94136 4455 16
170284 136800 4461 11
208859 503599 4491 2
96882 -21804 4497 21
178170 172831 4503 4
195719 575702 4518 3
112134 12829 4529 15
163595 371093 4531 6
162933 295676 4541 5
213768 536474 4548 0
70899 -22854 4562 21
119865 256050 4577 12
142158 295354 4593 5
52694 -23644 4608 21
79245 11671 4611 15
100604 254752 4625 12
104258 134933 4626 11
93118 254678 4644 12
174642 535886 4646 0
104665 367935 4679 6
96501 169845 4707 4
12160 -26065 4709 21
64181 254275 4716 12
66329 131710 4721 11
82317 292976 4743 5
43923 365969 4830 6
-12759 90366 4838 16
12745 130848 4855 11
-9329 130364 4910 11
-31929 450101 5021 7
-5810 493516 5028 2
-63262 449394 5097 7
-57409 492197 5157 2
-58956 548754 6220 20
-74435 513161 6257 19
-38499 467737 6271 24
-61328 425897 6284 18
-59287 106424 6346 13
-51334 106261 6366 13
-30031 512272 6368 19
-6382 384056 6375 23
-53636 67773 6431 9
-6601 103744 6478 13
-26811 138039 6492 10
58425 309589 6517 22
59482 382554 6533 23
-5681 66601 6551 9
799 66063 6567 9
78675 308519 6568 22
33627 180518 6573 14
60393 218719 6577 17
89145 308350 6594 22
93978 461883 6602 24
69033 421505 6604 18
99971 382529 6630 23
24583 -21363 6631 8
29302 137063 6633 10
104701 307363 6633 22
29097 66271 6638 9
58146 99225 6640 13
39171 66068 6663 9
53406 64871 6699 9
110498 216801 6702 17
59980 -22554 6720 8
119822 419220 6731 18
70848 -22855 6747 8
131259 215509 6754 17
176148 541144 6808 20
175678 304773 6810 22
176431 378162 6813 23
104200 134917 6820 10
151646 505535 6822 19
156817 419001 6824 18
140185 94094 6845 13
144377 176292 6850 14
175626 174273 6928 14
200998 416143 6934 18
202468 504241 6949 19
208788 503849 6965 19
166790 55594 6982 9
184271 54113 7026 9
243797 209880 7035 17
276439 50125 7257 9
278972 59865 7349 16
264019 59454 7386 16
283272 338573 7472 6
243827 209918 7507 12
184290 54070 7586 16
225920 408312 7611 7
186910 87656 7660 11
150276 53255 7671 16
228503 450194 7682 2
193369 248029 7705 5
157037 204158 7724 12
207044 531538 7730 3
204299 449796 7743 2
168571 247200 7767 5
191046 530543 7770 3
141265 85103 7774 11
157674 407287 7782 7
92903 -29192 7817 15
120691 83619 7825 11
195739 490668 7833 0
163722 529765 7838 3
161039 529570 7845 3
136871 121651 7846 4
135913 246436 7849 5
152960 446047 7871 2
67603 48752 7877 16
91383 201646 7888 12
104194 323798 7920 6
75093 201505 7929 12
46273 48247 7931 16
88338 404516 7955 7
121041 366412 7960 1
91013 120840 7961 4
140432 490030 7971 0
106195 443251 7988 2
69964 404321 8001 7
73396 246091 8005 5
105830 487303 8059 0
41678 118431 8084 4
-16439 403793 8217 7
-39547 78576 8226 11
-64866 78278 8289 11
-50868 115717 8316 4
-31909 516537 8327 3
-29953 480961 8397 0
-72604 504432 9426 20
-61449 425652 9453 24
-62902 465591 9526 19
-52832 65217 9602 13
-68341 94332 9629 10
-6364 383804 9656 18
-26666 138063 9662 14
38771 341203 9703 23
-10617 63105 9708 13
50985 261464 9739 22
33605 180524 9750 17
32468 381759 9753 18
62967 418912 9764 24
-12895 90365 9767 10
29317 137070 9802 14
14707 18190 9842 9
112366 337426 9887 23
89371 378043 9895 18
115620 494979 9896 20
125290 417227 9920 24
131449 336877 9935 23
65615 15496 9969 9
104080 134990 9989 14
158546 415290 10003 24
133010 377999 10004 18
165316 493265 10021 20
144479 176295 10027 17
101326 88733 10053 10
176779 254451 10053 22
155375 376827 10060 18
182043 254245 10066 22
186666 491834 10074 20
157862 455088 10078 19
111990 12846 10085 9
147032 55321 10102 13
175724 174282 10105 17
208523 412933 10128 24
220378 329799 10157 23
180254 53038 10185 13
230077 373084 10247 18
186822 87798 10266 10
276470 50128 10426 13
286512 356340 10742 7
234634 205083 10842 5
245752 401822 10879 2
201600 281857 10916 6
175584 155200 10918 12
196432 76952 10938 4
139717 -11087 10970 16
148004 153378 10987 12
169346 202060 11005 5
165299 281875 11007 6
218421 442577 11017 0
172233 352652 11017 7
189660 398008 11019 2
168278 352614 11027 7
178207 478949 11042 3
121686 36441 11063 11
142518 281432 11064 6
145635 200583 11065 5
135856 351920 11105 7
128008 72605 11109 4
149298 396710 11120 2
118073 72225 11133 4
114758 279123 11134 6
131251 395975 11166 2
93595 279001 11186 6
47445 -13060 11194 16
60985 152802 11204 12
91384 349849 11212 7
102937 394267 11236 2
76645 199275 11237 5
25390 150974 11293 12
48154 198414 11308 5
59541 393661 11345 2
9674 70870 11404 4
51002 433876 11435 0
-53481 67812 11562 4
-38595 467739 11584 3
-61391 414657 12770 19
-31868 450269 12786 20
-68262 94346 12798 14
-26627 138037 12839 17
23696 373441 12906 24
-45326 53531 12926 10
-12845 90594 12937 14
37346 286787 12940 23
-66824 -188796 12941 3
41737 372837 12951 24
45177 286247 12959 23
29426 137068 12979 17
-12081 51083 13009 10
46956 330092 13029 18
26612 13735 13041 13
80492 371959 13048 24
5601 50718 13053 10
83153 206905 13059 22
85715 286132 13061 23
97545 285621 13090 23
69878 409163 13104 19
7917 -192599 13127 3
34483 -37983 13132 9
46342 48265 13155 10
126962 371856 13164 24
104161 134972 13166 17
79152 11677 13172 13
52319 -38104 13176 9
137337 282657 13190 23
101294 88750 13222 14
100767 9949 13226 13
152776 446053 13235 20
156039 205865 13241 22
163367 371264 13255 24
164926 281758 13259 23
110310 46284 13315 10
157544 407336 13318 19
172553 328767 13343 18
201622 281870 13351 23
202934 370899 13354 24
218230 442599 13394 20
116501 -198925 13399 3
230944 202423 13429 22
186877 87689 13436 14
258505 370682 13493 24
286485 356109 14017 2
249139 235002 14037 6
201905 109012 14092 12
223814 315302 14097 7
132146 -211049 14143 20
214664 272488 14206 1
201405 351547 14230 2
168165 152795 14248 5
139883 -11250 14257 11
218815 390826 14258 0
157263 26143 14275 4
204002 390319 14294 0
143073 312940 14298 7
142715 234200 14303 6
128025 312051 14336 7
151960 429979 14348 3
107615 310867 14387 7
101172 231184 14407 6
124067 349333 14423 2
30765 -57892 14449 16
78665 308925 14459 7
56 -212367 14467 20
47502 -13025 14488 11
40586 107597 14495 12
121789 387788 14498 0
-22239 -183371 14515 21
82309 347826 14528 2
79443 429823 14529 3
54143 145862 14533 5
-34367 -214676 14553 20
-17606 -138538 14573 15
63836 346873 14574 2
62610 266780 14587 1
24591 23863 14607 4
49084 345756 14612 2
-61475 -183622 14613 21
-61931 -215876 14622 20
-33809 103833 14681 12
-6312 383865 14818 0
-64978 78317 15983 17
-16584 403785 16046 20
-101688 -240188 16093 3
11860 158497 16138 22
11986 73073 16176 17
28507 157884 16179 22
-64691 -240907 16186 3
-34632 -162443 16203 8
50190 326563 16213 24
54958 242260 16224 23
62774 401684 16244 20
37376 286794 16245 18
-39855 -241502 16248 3
45356 286212 16265 18
42274 364350 16269 19
28511 44092 16280 14
27934 -43263 16284 13
90916 325265 16314 24
-331 -242422 16347 3
85715 286140 16366 18
46809 -8880 16396 10
97674 285570 16396 18
117846 72175 16440 17
142244 398786 16443 20
141233 154922 16453 22
118057 362029 16458 19
113407 43133 16493 14
137374 282671 16495 18
166852 154122 16516 22
96754 -9340 16521 10
189757 398022 16562 20
164920 281776 16564 18
106411 -244539 16614 3
139798 -11341 16629 10
114154 -244668 16633 3
221237 318848 16640 24
194923 358915 16651 19
203405 68061 16654 17
249063 235005 16709 23
171014 -248792 16775 3
277549 68566 17143 12
191384 -258030 17238 20
157818 -259279 17320 20
203526 68059 17328 12
222836 192128 17343 6
219247 260887 17348 7
132211 -211013 17369 21
135586 -260362 17374 20
238701 386650 17378 3
222089 305862 17418 2
196335 104126 17418 5
189097 190538 17427 6
243643 344661 17433 0
178470 258704 17450 7
105273 -261755 17451 20
204155 385808 17461 3
192870 223443 17501 1
132658 65317 17505 12
155835 189293 17511 6
177316 304831 17530 2
175754 304782 17534 2
195721 343708 17553 0
135549 103699 17570 5
186217 343194 17577 0
119711 256083 17597 7
146070 304246 17608 2
100663 254757 17644 7
93320 254695 17663 7
96895 -21799 17666 4
121918 304099 17669 2
144913 340166 17680 0
53530 64911 17703 12
-11042 -217159 17727 21
70974 -22745 17731 4
64004 254284 17736 7
64716 185779 17738 6
89355 378048 17744 3
59865 254274 17746 7
7929 -192637 17749 15
58211 99275 17763 5
52701 -23642 17777 4
-39413 -219055 17798 21
66564 303089 17807 2
38133 -24829 17813 4
62070 218158 17828 1
29166 97790 17836 5
12209 -26055 17878 4
-46897 -194507 17886 15
27386 377994 17899 3
-113185 -267438 17990 20
-52889 96354 18041 5
-51098 115726 19203 22
-69382 -207011 19356 8
21698 112650 19385 22
-50388 -207904 19404 8
12575 26297 19417 17
37956 191689 19421 23
58777 350971 19474 20
70415 268693 19503 24
28752 -15192 19521 14
-3042 -209340 19522 8
50069 314059 19528 19
61026 239027 19544 18
91483 349852 19556 20
25962 -53509 19584 10
74296 312980 19589 19
113877 109547 19616 22
123999 349335 19637 20
128063 266205 19647 24
129063 185039 19649 23
107542 310915 19672 19
161584 183675 19734 23
137550 233178 19739 18
135206 309663 19741 19
77757 -290830 19782 3
152356 309038 19784 19
84956 -290826 19800 3
196232 104127 19822 22
93985 -290873 19823 3
243613 344717 19936 20
188238 -296622 20058 3
214253 -297657 20123 3
276879 -298767 20280 3
210537 -268451 20413 21
278929 59873 20451 5
263939 59384 20489 5
177316 -269237 20496 21
243870 209974 20526 7
159010 -270233 20542 21
185207 -234481 20546 15
219287 260911 20665 2
108736 -270735 20668 21
187258 139303 20672 6
101755 -270896 20685 21
184163 53917 20688 5
178473 258748 20767 2
205285 297079 20769 0
150284 53257 20773 5
70192 -311193 20776 20
175593 174283 20784 1
112227 12887 20796 12
123882 209676 20826 7
117304 137280 20847 6
162941 295663 20875 0
79278 11706 20879 12
91961 209407 20906 7
119729 256086 20914 2
142199 295355 20927 0
-121 -275464 20940 21
100585 254655 20962 2
67540 48746 20980 5
83875 170699 21013 1
-6870 -238382 21026 15
46190 48293 21033 5
64074 254303 21053 2
59720 254289 21064 2
54310 331787 21072 3
82508 293006 21076 0
-34508 -162441 21093 16
12763 130947 21108 6
-9364 130325 21164 6
-64534 -240897 21170 15
-53583 67778 22437 22
-104328 -257704 22509 8
-5946 66748 22556 22
16846 152498 22609 23
29238 66268 22644 22
-47386 -180244 22647 9
-17582 -138537 22650 13
39232 66056 22669 22
24618 -21348 22687 17
-31387 -262342 22691 8
33671 180545 22716 18
66434 303074 22734 20
26019 -53507 22754 14
59897 -22547 22776 17
61630 267277 22797 19
70752 -22848 22803 17
97124 221309 22810 24
100121 300812 22818 20
115289 144398 22855 23
121122 219768 22870 24
127707 300098 22887 20
99666 264901 22893 19
133757 218824 22902 24
132779 65354 22903 22
34930 -340485 22915 3
143924 142462 22926 23
128207 180174 22952 18
79470 -340669 23026 3
105194 -261744 23033 8
187303 139304 23035 23
196192 297460 23058 20
96109 -341704 23068 3
204640 297110 23079 20
203882 259367 23153 19
158889 -264671 23167 8
175528 -265736 23209 8
263932 59388 23231 22
210516 -268421 23296 8
282792 -273050 23477 8
278390 -311420 23484 21
282885 -273029 23542 15
219510 -313541 23631 21
195746 -273931 23760 15
149673 -355699 23820 20
243713 209898 23844 2
153602 -276381 23865 15
123696 -318787 23870 21
186964 87687 23913 6
104796 -357509 23929 20
178139 172836 23931 7
116515 -198911 23955 16
201644 282075 23957 3
106787 -277022 23982 15
141147 85109 24027 6
193288 248018 24039 0
165424 281888 24044 3
52066 -360407 24057 20
157000 204167 24061 2
120738 83650 24078 6
36206 -319708 24089 21
142572 281434 24099 3
168486 247191 24101 0
102287 167935 24120 7
114530 279230 24168 3
136062 246464 24182 0
52525 -38111 24186 12
39692 -39017 24218 12
93443 279018 24219 3
91422 201673 24225 2
65461 3154 24225 5
75169 201545 24266 2
-16013 -201832 24286 16
27107 77926 24312 6
20699 163459 24324 7
67090 244022 24355 0
-34484 -162401 24413 11
-68325 -204749 24417 16
-62697 75628 24537 6
-59285 106426 25658 23
-51227 106263 25678 23
-66865 -188766 25767 13
-6415 103745 25790 23
-26833 138070 25805 18
14862 18195 25848 22
-61237 -231399 25874 9
33739 180550 25891 24
-40810 -150166 25897 10
-39547 -231407 25926 9
27595 -57684 25935 17
30691 -57885 25943 17
29441 137069 25945 18
58119 99310 25952 23
7978 -192581 25954 13
59661 254302 25957 20
65684 15529 25975 22
60428 218730 26034 19
96260 253127 26048 20
112019 12897 26091 22
128276 180163 26128 24
104137 135024 26132 18
140202 94104 26157 23
110453 216832 26159 19
70186 -311226 26185 8
131248 215539 26211 19
193300 248023 26291 20
105735 -394947 26332 3
131582 -238546 26350 9
139501 -395580 26416 3
162072 -396915 26473 3
243656 209963 26492 19
240056 -320829 26610 8
240705 -398783 26669 3
264521 -357168 26758 21
227399 -357393 26851 21
252680 -314585 26857 15
173054 -402422 27002 20
186497 -247405 27020 16
158639 -360327 27023 21
150423 -403065 27057 20
125549 -404275 27118 20
195459 122249 27127 7
113823 -361113 27135 21
107036 -405042 27163 20
230946 202532 27185 0
120015 -251860 27186 16
153915 32471 27235 6
175705 155236 27254 2
90066 -324079 27264 15
136682 121561 27274 7
44884 -365677 27307 21
119107 32382 27322 6
148080 153386 27323 2
142787 234203 27335 3
91065 120862 27388 7
144389 199219 27402 0
81200 31649 27417 6
101308 231185 27435 3
5587 -253373 27472 16
45876 117503 27501 7
60911 152661 27541 2
29014 -47562 27556 5
1478 -210420 27563 11
12752 26328 27588 6
25471 150977 27630 2
48864 191936 27640 0
-29174 -212053 27640 11
38096 191706 27667 0
9786 70872 27679 1
-30290 -172225 27704 4
-50943 115776 27743 7
-104313 -257681 27747 16
-73948 -214212 27752 11
-45455 53540 28933 23
-68306 94348 28941 18
-113345 -267478 28962 9
-26753 138078 28980 24
-73749 -232104 28990 13
-12057 51189 29016 23
-50159 -232705 29049 13
5562 50752 29060 23
-40711 -150190 29067 14
-66877 -188748 29072 10
-12924 90384 29080 18
46157 48324 29162 23
50371 -30282 29177 22
66157 131512 29212 24
-385 -275380 29244 9
82978 206948 29255 20
7952 -192572 29259 10
110388 46300 29322 23
101407 88739 29365 18
102231 167932 29379 19
52064 -360405 29380 8
156009 206009 29437 20
106411 -244537 29440 13
114010 -244584 29459 13
146239 166702 29489 19
106796 -277006 29512 9
116622 -198905 29531 10
113737 -361086 29534 8
195245 122243 29535 24
170205 165225 29549 19
186848 87751 29579 18
111010 -442602 29585 3
171041 -248786 29602 13
148031 -363146 29620 8
230953 202550 29625 20
178590 -445620 29754 3
221360 -363244 29803 8
255798 -285216 29885 9
281489 -282200 30023 16
230495 -419115 30083 21
226160 -419391 30094 21
277547 68572 30162 7
197048 -421044 30167 21
171727 -421138 30230 21
161440 -449418 30273 20
181400 -374683 30276 15
144605 -449986 30314 20
133401 -450225 30342 20
203463 68069 30347 7
222657 192125 30377 3
102169 -422213 30404 21
156301 -256159 30416 11
121464 -291119 30423 16
202100 109156 30428 2
84654 -422814 30448 21
110856 -377082 30452 15
188958 190516 30458 3
89702 -292446 30502 16
139846 -11293 30511 6
155803 189361 30538 3
123177 67383 30548 7
136055 144770 30662 0
115381 144367 30714 0
53493 64958 30722 7
47493 -13024 30741 6
64588 185763 30766 3
82982 143507 30795 0
3192 -258598 30799 11
40458 107531 30832 2
-17526 -138533 30841 12
59341 142072 30854 0
-10563 63254 30882 7
-11114 -217157 30896 4
-6438 103915 30953 2
-39514 -219054 30967 4
-33800 103843 31019 2
-118055 -246428 32184 10
-39562 78578 32188 24
-69876 -205087 32234 14
-39348 -152115 32247 17
11958 158293 32317 20
27049 77913 32355 24
28623 157836 32359 20
-2913 -209353 32402 14
28546 44100 32423 18
-19226 -246228 32431 10
59057 -4318 32434 23
41618 118649 32472 19
117939 72181 32582 24
124133 -5775 32597 23
77781 -290810 32609 13
85036 -290821 32627 13
113401 43150 32635 18
141154 154943 32640 20
93980 -290843 32649 13
75344 -411450 32678 8
75532 -333467 32678 9
166792 154176 32704 20
121488 -291113 32718 13
132119 -210978 32739 14
119807 -252007 32779 10
168658 113950 32785 19
124544 -413263 32801 8
156171 -414940 32880 8
188257 -296484 32886 13
214399 -297695 32950 13
191285 -257766 32959 10
277365 68590 32980 24
217755 -414501 33034 8
276753 -298716 33106 13
252512 -331834 33117 9
253306 -339727 33333 16
276960 -298701 33355 11
252307 -427016 33370 15
200099 -454956 33399 21
189051 -496754 33442 20
277425 68600 33480 2
168574 -340860 33545 16
140557 -456239 33548 21
166625 -430141 33578 15
200482 -260062 33607 4
118164 -341403 33671 16
187285 139331 33699 3
157218 26124 33703 7
183325 65447 33715 2
96000 -341690 33726 16
152522 -262143 33727 4
122336 -301372 33741 11
193084 98432 33760 0
99353 -302416 33799 11
117278 137419 33874 3
41054 18816 33993 7
7848 -192469 34017 12
30839 -57883 34023 6
14795 18209 34059 7
43217 -25016 34075 1
16959 53266 34131 2
12613 130843 34136 3
37456 93798 34149 0
11999 -26059 34153 1
-47004 -194472 34154 12
-9422 130358 34191 3
-11897 51124 34203 2
-39400 -152114 34207 5
-12868 90578 34275 0
-136446 -249088 35308 14
-51029 115722 35400 20
-74118 -214178 35401 17
-62737 75668 35446 19
-34562 -214509 35499 17
21787 112632 35582 20
25965 -53505 35591 23
-14695 -252225 35612 14
11888 73082 35633 19
-4021 -252345 35639 14
28739 -15041 35679 18
75368 29236 35715 24
34803 -340453 35741 13
113827 109551 35812 20
130162 27709 35852 24
79591 -340697 35853 13
51516 -374408 35854 9
59562 -375050 35874 9
121903 -220688 35891 17
96022 -341665 35894 13
152003 26207 35907 24
75837 -299532 35909 10
123205 67393 35911 19
157201 26127 35920 24
95925 -375085 35965 9
135385 -260451 35988 14
196223 104135 36018 20
122214 -301400 36025 10
183178 65446 36061 19
171233 -537792 36216 3
183792 -537761 36247 3
212016 -306792 36249 10
227939 -380122 36295 9
242413 -308143 36325 10
201682 -513649 36635 21
228034 -380134 36636 16
199400 -549203 36659 20
176603 -514416 36698 21
256173 -310307 36708 4
199580 -473236 36710 15
172372 -383110 36775 16
195942 -349972 36797 11
215697 -313038 36809 4
185135 -234476 36814 12
151931 -349889 36907 11
186953 87844 36947 3
95195 -386438 36968 16
184244 53933 37022 0
108078 -315146 37078 4
96877 -21784 37094 7
150284 53261 37107 0
64589 -356820 37126 11
112058 12948 37133 2
85373 -316668 37135 4
70787 -22845 37159 7
52649 -23636 37204 7
79258 11751 37215 2
38157 -24747 37241 7
36090 -319703 37258 4
-6885 -238378 37294 12
12147 -26054 37306 7
67662 48759 37313 0
8029 -192456 37329 5
22741 84750 37351 3
46152 48325 37367 0
-64613 -240865 37438 12
-47007 -194463 37466 5
-34298 84167 37493 3
-136599 -248952 38484 17
-53583 67788 38633 20
-30356 -172292 38695 22
-5761 66605 38753 20
875 66288 38770 20
-14668 -252217 38789 17
-4043 -252331 38816 17
24675 -21358 38829 24
26146 -53495 38897 18
24459 23900 38904 19
60088 -22539 38917 24
70756 -22838 38944 24
34749 -340435 39046 10
70114 -311221 39064 14
76168 -386222 39085 13
94967 -386508 39132 13
77021 -425700 39158 9
79524 -340692 39158 10
135424 -260442 39164 17
166661 55615 39184 20
96000 -341586 39199 10
143587 -386532 39253 13
161079 -387464 39297 13
134727 -428232 39302 9
166694 -430176 39382 9
204247 -390809 39405 13
179099 -508953 39418 8
215661 -313005 39428 14
195753 -349759 39455 10
194841 -509007 39457 8
276586 50192 39459 20
252527 -314632 39520 14
228901 -433244 39538 9
282835 -273026 39810 12
252400 -427194 39815 16
204578 -560613 39868 21
240770 -398808 39925 11
264504 -357160 39927 4
201467 -513683 39945 15
169774 -561373 39955 21
176650 -514414 40007 15
227411 -357369 40020 4
195732 -273884 40028 12
166668 -430134 40030 16
185354 -234434 40125 5
153645 -276371 40133 12
154771 -399931 40140 11
158674 -360324 40192 4
90896 -435232 40219 16
106810 -277001 40250 12
106539 -400903 40261 11
131699 -238562 40263 5
121832 -238969 40287 5
113848 -361067 40304 4
121725 36461 40343 3
66063 -402309 40362 11
44865 -365678 40476 4
52342 -38090 40523 2
39626 -39041 40555 2
-183 -242406 40589 5
-34693 -162430 40667 6
-60511 -242934 40740 5
-117898 -246404 40884 5
-40063 -220151 41911 22
-17637 -138526 41962 23
26573 13737 42074 20
11997 -25965 42113 19
79150 11754 42205 20
34891 -340468 42216 14
58432 -26671 42229 19
70165 -311215 42241 17
122813 -225561 42318 22
77024 -425698 42327 13
62946 -395932 42357 10
108066 -344829 42399 14
93955 -397331 42434 10
134744 -428230 42471 13
166599 -430106 42551 13
154648 -399921 42586 10
215803 -312995 42605 17
195745 -349962 42619 14
166417 -479701 42621 9
169690 -561357 42634 8
252632 -314598 42697 17
228860 -433134 42707 13
281376 -282191 43125 5
239909 -320817 43157 12
180980 -647145 43175 20
204704 -560486 43177 15
201731 -483710 43182 16
184649 -484027 43225 16
169725 -561348 43265 15
178655 -445490 43320 11
129400 -327675 43433 12
157671 -412069 43434 4
125474 -447472 43453 11
132279 -211006 43490 6
124658 -413275 43517 4
121499 -291109 43525 5
139780 -11289 43538 3
89740 -292378 43604 5
47383 -13062 43769 3
1642 -210413 43816 6
-17530 -138524 43860 7
-29153 -212052 43893 6
26073 -53492 43897 0
-73945 -214174 44005 6
-113236 -267469 44968 22
-66857 -188703 45079 23
-40723 -150188 45210 18
-137 -275265 45257 22
34490 -37922 45334 20
44758 -365689 45418 17
106742 -276998 45518 22
63065 -395926 45527 14
116638 -198899 45538 23
93908 -397328 45604 14
133005 -369042 45638 17
91093 -435447 45667 10
154601 -399916 45756 14
156740 -486800 45766 13
158326 -520432 45841 9
163315 -440155 45848 10
255682 -285183 45890 22
222014 -441638 45994 10
252539 -331818 46437 5
193986 -537263 46441 16
183744 -537757 46467 16
188862 -496808 46535 11
181422 -374681 46543 12
200421 -260057 46559 6
200155 -454919 46568 4
152694 -261967 46678 6
145981 -262035 46695 6
147528 -338617 46700 5
140460 -456223 46717 4
110774 -377066 46720 12
126007 -339331 46754 5
105456 -261748 46797 6
97866 -340846 46824 5
30658 -57889 47051 3
-22354 -183365 47112 7
-31246 -262376 47138 6
-17440 -138520 47177 2
-61577 -183618 47210 7
-113264 -267457 47343 6
-101623 -240218 48232 23
-64644 -240906 48325 23
-69781 -205145 48377 18
-39837 -241493 48387 23
-34681 -162420 48400 24
-310 -242420 48486 23
36088 -319697 48581 22
66101 -402297 48711 17
106462 -244538 48753 23
114046 -244640 48772 23
127998 -324788 48811 22
107010 -405005 48813 17
132233 -210995 48882 18
110985 -442585 48887 14
171045 -248785 48914 23
188096 -325530 48961 22
165430 -532968 49028 13
178491 -445600 49055 14
209425 -411552 49069 17
156745 -486746 49071 10
159193 -578479 49083 9
202713 -578094 49192 9
276748 -298664 49608 6
252224 -427052 49636 12
203662 -582471 49657 16
178113 -584189 49721 16
228156 -380038 49738 5
168851 -584329 49744 16
193940 -543574 49762 11
189700 -506598 49834 4
162672 -546017 49840 11
166689 -430102 49843 12
172269 -383093 49878 5
125475 -221545 49982 7
122325 -301347 49994 6
103171 -383452 50051 5
99243 -302393 50052 6
19403 -226915 50248 7
-39703 -231393 50395 7
-61319 -231570 50449 7
-73920 -232096 50481 7
-47014 -194450 50491 2
-39426 -152112 50541 0
-136562 -248937 51450 18
-69833 -205142 51552 24
-83201 -249164 51584 18
-3049 -209313 51719 24
-14609 -252214 51755 18
-3892 -252303 51782 18
51556 -374402 51860 22
77864 -290806 51921 23
84960 -290808 51939 23
93991 -290796 51961 23
96026 -375097 51971 22
121422 -291105 52030 23
132145 -210965 52057 24
133432 -450216 52119 17
135371 -260414 52130 18
152835 -260452 52174 18
188176 -296600 52197 23
155891 -503190 52239 14
159011 -578471 52252 13
214335 -297669 52262 23
199987 -454881 52286 17
228084 -380120 52301 22
162805 -545990 52326 10
199301 -548962 52419 10
276794 -298637 52419 23
282874 -273018 52829 7
252259 -427262 52918 5
184962 -630957 52944 16
199501 -473197 52978 12
195601 -273810 53047 7
199285 -555032 53050 4
195901 -349919 53050 6
166612 -430068 53132 5
185283 -234444 53150 2
153712 -276369 53152 7
151955 -349871 53160 6
114829 -279497 53253 7
90994 -435433 53321 5
64304 -357025 53379 6
55937 -357539 53400 6
-6721 -238358 53630 2
827 -198264 53680 0
-34609 -162424 53694 3
-64644 -240867 53775 2
-108074 -247790 54697 24
-83096 -249148 54759 24
-47389 -180241 54849 20
-74114 -214176 54858 19
-14686 -252213 54930 24
-4037 -252300 54957 24
-11147 -217134 55015 19
34773 -340429 55053 23
77042 -425695 55164 22
79552 -340683 55165 23
96066 -341667 55207 23
75836 -299473 55221 18
135352 -260364 55305 24
134732 -428210 55308 22
122191 -301399 55337 18
152748 -260438 55349 24
125476 -221512 55357 19
166582 -430055 55388 22
155857 -503174 55415 17
195823 -349872 55456 23
162621 -545989 55496 14
184848 -630953 55557 13
212108 -306822 55562 18
168868 -584188 55582 10
177881 -584336 55604 10
242435 -308174 55638 18
278429 -311419 56080 7
282895 -272983 56146 2
240766 -398820 56178 6
264640 -357045 56201 1
201551 -513679 56213 12
219445 -313539 56227 7
176684 -514413 56275 12
201539 -483713 56285 5
184531 -483986 56327 5
173107 -402408 56347 6
150360 -403068 56404 6
125567 -404250 56466 6
123563 -318858 56467 7
153669 -276316 56469 2
107255 -405040 56512 6
134593 -240735 56586 0
36250 -319556 56685 7
44755 -365685 56751 1
1691 -210406 56843 3
-29393 -212050 56921 3
-19120 -246263 56970 0
-73985 -214064 57033 3
-83009 -249146 57130 0
-127621 -261002 57964 19
19173 -226910 58255 20
62981 -395775 58364 23
70107 -311182 58382 24
52563 -352058 58403 18
102993 -354661 58529 18
101841 -270893 58538 19
139536 -395555 58555 23
144672 -469314 58573 22
161953 -396886 58611 23
185191 -234473 58670 20
169800 -561305 58690 17
199672 -473013 58710 22
215672 -312974 58746 24
195712 -273713 58773 19
240729 -398769 58808 23
252538 -314578 58838 24
227406 -357273 58840 18
180780 -647200 58851 10
248745 -358891 58894 18
266802 -275169 58950 19
264513 -357154 59355 7
230737 -438770 59443 6
227652 -357350 59447 7
202991 -573030 59449 12
281444 -282178 59459 0
186348 -528177 59563 5
189512 -331125 59620 2
158494 -360321 59620 7
186569 -247383 59621 3
170993 -248587 59660 3
125402 -447462 59707 6
113931 -361065 59731 7
138103 -410795 59758 1
119814 -251998 59788 3
121312 -291101 59859 0
44827 -365676 59904 7
75360 -333742 59905 2
89737 -292264 59938 0
5412 -253407 60074 3
-104175 -257657 60348 3
-351 -275479 61447 20
52095 -360395 61577 24
63042 -395924 61669 18
90902 -435442 61674 23
113747 -361062 61731 24
114772 -279687 61734 20
93785 -397309 61746 18
148108 -363130 61817 24
151532 -436419 61825 23
123520 -318815 61832 19
158402 -520421 61847 22
154608 -399887 61898 18
221370 -363231 62000 24
221968 -441615 62001 23
180825 -647219 62021 14
255774 -285214 62087 20
276805 -298570 62667 3
230326 -419141 62680 7
226358 -419390 62690 7
202966 -573035 62761 5
197059 -421232 62763 7
252525 -331769 62771 0
188811 -496780 62788 6
181397 -374559 62880 2
102245 -422206 63000 7
147668 -338532 63033 0
122203 -301396 63038 3
84668 -422635 63044 7
110865 -376928 63056 2
126077 -339296 63087 0
99274 -302390 63093 3
98031 -340742 63157 0
66070 -402282 64852 24
44737 -365669 64875 19
105412 -326810 64951 20
107076 -405033 64955 24
94600 -368791 65000 19
129469 -327670 65011 20
100207 -368960 65014 19
111037 -442582 65029 18
156745 -486684 65078 23
156480 -566876 65082 22
189487 -331101 65161 20
159597 -371640 65162 19
178481 -445599 65198 18
209561 -411567 65211 24
252588 -331692 65319 20
199922 -454958 65996 7
230551 -419112 65997 2
199240 -549198 66002 6
226173 -419388 66008 2
196946 -421255 66081 2
195836 -349845 66085 3
151750 -349893 66191 3
172442 -383067 66211 0
76968 -425677 66381 2
94986 -386505 66405 0
64006 -351698 66408 3
52557 -352054 66436 3
51548 -374386 68056 20
96003 -375074 68167 20
140411 -456232 68278 24
113146 -415264 68286 19
165355 -532965 68340 23
155845 -503138 68381 18
227908 -380113 68497 20
226208 -419530 68569 19
201632 -513678 69232 7
205739 -396479 69293 3
176728 -514410 69294 7
229059 -433071 69310 0
199591 -473178 69315 2
162149 -396914 69402 3
151680 -436413 69503 0
106596 -400878 69541 3
112890 -438539 69600 0
66251 -402284 69642 3
76991 -425656 71360 20
134790 -428194 71504 20
155887 -503187 71557 24
166699 -430054 71584 20
177980 -584330 71611 23
162624 -545910 71638 18
167793 -468880 71663 19
204658 -560445 72464 7
224390 -442484 72487 3
180864 -647210 72528 6
169679 -561303 72552 7
187092 -442997 72580 3
187892 -524201 72584 2
201665 -483670 72618 0
184517 -483995 72661 0
125461 -447439 72734 3
166359 -479675 74823 20
169687 -561214 74831 24
185007 -630949 74869 23
160812 -516486 74885 19
202917 -573028 75786 2
186251 -528175 75897 0
186305 -528169 78113 20
180873 -647207 78164 18
190671 -563753 78200 19
193787 -543580 79043 3
202886 -578018 79095 0
159768 -580779 79203 0
183714 -572430 81347 20
202958 -573016 81395 20
184852 -630944 82380 0
-58917 548713 87220 24
-74310 513153 87246 18
-38422 467740 87270 23
-30169 512286 87356 18
-53498 67882 87436 8
50133 313956 87551 17
71767 383317 87551 22
-5823 66634 87555 8
750 66075 87572 8
33196 269130 87572 14
33615 180552 87578 13
93987 461915 87601 23
74245 312981 87611 17
100033 382527 87621 22
61603 267314 87643 14
44918 143134 87678 9
103385 510431 87690 18
107441 310966 87694 17
28804 -15126 87700 3
53343 64901 87703 8
60391 218747 87710 10
59162 142078 87713 9
99677 264757 87738 14
157246 548205 87760 24
135329 309645 87764 17
86181 142313 87781 9
152347 308802 87807 17
151633 507821 87811 18
128315 180175 87815 13
110422 216899 87835 10
159475 587295 87842 19
176361 307149 87867 17
204833 379834 87883 22
131206 215530 87887 10
143950 142467 87925 9
202552 504201 87938 18
208762 503732 87954 18
162673 213019 87966 10
221938 305771 87981 17
166830 55611 87987 8
203829 259370 87999 14
184204 54119 88030 8
187221 139420 88033 9
243694 209900 88169 10
276553 50132 88261 8
276675 50303 88357 15
195421 122250 88558 16
243751 209911 88579 4
205440 297151 88603 12
226153 408319 88615 6
220314 329805 88638 5
153483 46654 88665 15
199555 495585 88677 7
112108 12953 88699 21
136785 121568 88704 16
222319 451135 88707 1
170294 165437 88709 11
163057 295705 88709 12
213811 536299 88719 2
178184 493949 88731 7
172547 328781 88757 5
165458 493441 88762 7
110374 46318 88773 15
189259 534894 88780 2
79284 11766 88781 21
157641 407288 88786 6
157125 204177 88796 4
208063 568905 88802 0
90843 120836 88819 16
123553 164854 88821 11
120741 490340 88874 7
104170 323688 88928 5
73396 290958 88933 12
41814 118436 88942 16
88451 404519 88959 6
91344 201703 88960 4
28484 44104 88978 15
74993 201548 89001 4
69914 404416 89005 6
36539 160845 89036 11
-51050 115729 89174 16
-16472 403826 89221 6
-30033 480913 89251 7
-41742 524891 89358 2
-72636 504463 90425 24
-61288 425622 90453 23
-51244 502907 90479 24
-63013 465616 90514 18
-51867 543447 90554 19
-68328 94355 90635 9
-26813 138122 90667 13
38788 341217 90708 22
63100 418840 90764 23
51031 261479 90793 17
29470 137074 90808 13
84147 501759 90817 24
66191 261376 90831 17
77185 456105 90865 18
26549 13747 90876 8
60525 218720 90880 14
33730 180585 90884 10
112473 337398 90892 22
37370 93806 90899 9
119866 419072 90906 23
99766 455673 90921 18
131362 336894 90940 22
104330 134940 90995 13
156788 419091 90998 23
110467 216847 91005 14
159169 496829 91005 24
79258 11767 91008 8
131271 215516 91057 14
101381 88743 91059 9
100728 9963 91062 8
157793 455103 91066 18
155069 539002 91071 19
195612 575678 91096 20
199693 495587 91106 24
176656 254580 91107 17
200917 416048 91109 23
182123 254327 91121 17
144361 176302 91160 10
211167 536683 91211 19
222499 451149 91228 18
175581 174288 91238 10
186830 87805 91273 9
243682 209920 91338 14
258499 370753 91774 6
196443 76967 91795 16
212987 243712 91824 12
228593 450235 91845 7
195480 122457 91878 11
204347 449849 91905 7
201743 281883 91924 5
192907 366183 91938 6
210203 562588 91962 3
128007 72654 91966 16
124287 -5768 91978 15
175657 155322 91989 4
146986 243081 91989 12
118015 72185 91991 16
164947 281779 92016 5
152861 446054 92034 7
181539 483575 92040 2
203882 522175 92053 0
142643 281471 92072 5
141308 155175 92075 4
52424 -38054 92089 21
121002 366371 92118 6
168877 522217 92140 0
106245 443264 92150 7
108934 280046 92156 5
48640 -9825 92167 15
93603 279064 92195 5
61014 239029 92204 12
29167 66296 92213 16
64165 154342 92268 4
56030 361083 92280 6
826 66037 92284 16
77904 482660 92299 2
26734 111474 92306 11
-31121 65316 92364 16
25411 151075 92367 4
45867 395760 92388 1
5284 359466 92407 6
-24333 478175 92554 2
-58911 548716 92635 3
-30112 512337 92638 0
-36876 461144 93755 24
-61401 414666 93758 18
-68100 94359 93804 13
-44368 495193 93812 19
23736 373444 93906 23
-5789 493519 93909 19
-45416 53543 93932 9
-12856 90393 93942 13
41815 372842 93951 23
-17026 132905 93997 10
-12136 51195 94015 9
45322 203635 94019 17
20537 163370 94020 14
68415 293795 94022 22
47765 409706 94031 18
77201 456112 94040 24
80556 371960 94048 23
82341 292988 94057 22
5800 50696 94060 9
12593 130844 94071 10
64629 408842 94073 18
75027 201577 94093 17
99700 455686 94096 24
83219 407939 94120 18
34536 -37897 94136 8
127023 371872 94164 23
50816 49316 94172 9
52304 -37968 94181 8
105310 490620 94187 19
67496 48750 94214 9
120758 490344 94225 19
101371 88745 94228 13
157726 455121 94241 24
161025 529377 94250 20
163415 371089 94255 23
144157 199249 94266 17
140382 489967 94274 19
152788 402823 94294 18
184822 286051 94314 22
110304 46340 94321 9
141072 155168 94324 14
203082 370901 94354 23
184789 198294 94368 17
136821 121574 94381 10
166872 154163 94387 14
222444 451162 94403 24
153442 46656 94429 9
229287 399832 94485 18
258575 370816 94493 23
286483 356169 95027 1
222869 192137 95040 12
245888 401838 95041 7
249135 235018 95046 5
223725 315328 95101 6
188994 190532 95124 12
157172 26129 95133 16
202063 109162 95163 4
189743 398025 95182 7
216870 438586 95191 2
155674 189302 95208 12
199330 437640 95235 2
195711 510236 95238 3
149192 396647 95283 7
207238 475435 95284 0
173745 508487 95293 3
123173 67401 95299 11
142898 312899 95303 6
142590 234178 95312 5
172079 352651 95313 1
131139 395980 95328 7
189038 474172 95330 0
159289 435082 95335 2
127952 312084 95340 6
151594 507853 95349 3
113747 109561 95384 4
107587 310900 95391 6
103163 394291 95398 7
101327 231227 95415 5
40821 18779 95424 16
150327 472769 95427 0
64678 185775 95435 12
113789 431673 95449 2
30660 -57884 95452 15
78692 308579 95463 6
75467 392475 95467 7
53401 64980 95474 11
14837 18211 95489 16
79440 429837 95535 2
40510 107563 95567 4
-10654 63123 95634 11
-6586 103749 95685 4
-33898 103746 95753 4
-51077 502823 95855 3
-61406 425623 95887 2
-38515 467749 95899 0
-62858 465864 95960 0
-61472 414864 96933 24
-60381 486608 96936 20
-63295 449398 97005 19
-51089 115845 97081 14
-64901 78319 97117 10
5044 359462 97164 18
11812 158326 97175 17
46885 330106 97204 23
47772 409779 97206 24
28620 157858 97217 17
54879 242329 97228 22
64859 408832 97249 24
-34660 -162381 97261 3
21714 112669 97263 14
77820 482668 97282 20
28583 44260 97286 13
83086 407942 97295 24
11972 73167 97309 10
95897 355280 97392 18
106047 443288 97428 19
59004 -4313 97433 9
152689 402832 97469 24
113739 109643 97493 14
113434 43190 97498 13
141061 155045 97498 17
165991 480477 97502 20
166787 154189 97563 17
168194 352642 97572 18
117903 72187 97574 10
124044 -5766 97596 9
189731 351830 97626 18
221148 318852 97639 23
225130 398728 97650 24
201337 351554 97655 18
199240 437618 97661 19
249142 235022 97714 22
203398 68074 97788 10
286455 356108 98180 7
277515 68611 98215 4
219249 260889 98352 6
187399 139345 98368 12
238593 386656 98377 2
201462 351579 98392 7
139728 -11260 98417 16
221995 305774 98428 1
183381 65468 98450 4
178376 258713 98454 6
204254 385824 98463 2
220495 424517 98491 0
161584 183609 98505 5
117178 137281 98544 12
161066 464082 98565 3
124137 349343 98586 7
119721 256111 98601 6
111938 183237 98629 5
131228 462994 98640 3
100612 254584 98649 6
125278 383359 98660 2
152850 420688 98667 0
39305 -16187 98668 16
118257 462451 98672 3
65653 15749 98688 11
82243 347875 98690 7
100064 382528 98723 2
100337 300768 98732 1
94202 461701 98732 3
63894 347004 98736 7
64001 254287 98740 6
-17472 -138510 98743 21
-22402 -183339 98763 20
34929 181991 98821 5
49763 379880 98849 2
-9414 130590 98860 12
16934 53286 98866 4
63002 418844 98885 0
27426 378205 98905 2
-45439 53544 99022 4
-34711 457221 99054 3
-52188 416358 99173 0
-51030 115736 100258 17
-64749 78392 100287 14
5125 359470 100340 24
-69817 -205093 100413 3
38081 191710 100426 22
33040 269179 100434 23
21856 112633 100440 17
47977 432949 100447 20
11950 73260 100479 14
50193 313958 100517 18
45996 395770 100518 19
70341 268697 100524 23
28774 -15104 100526 13
12604 26300 100551 10
95956 355202 100567 24
74437 312983 100578 18
-3006 -209311 100580 3
26012 -53446 100590 9
78696 394932 100600 19
113855 431594 100612 20
119179 353491 100625 24
107475 310872 100661 18
102955 394232 100661 19
128050 266047 100663 23
113757 109571 100670 17
151872 429980 100707 20
155640 189309 100720 22
135274 309659 100730 18
117957 72190 100744 14
168418 352643 100748 24
152542 308807 100773 18
181296 188524 100784 22
189649 351836 100801 24
201327 351606 100830 24
176469 307151 100833 18
180935 307054 100844 18
215928 427275 100867 20
196264 104240 100876 17
151978 26225 100899 10
157181 26137 100912 10
204049 388957 100913 19
243286 349372 100935 24
222024 305808 100947 18
203422 68081 100958 14
236044 388153 100993 19
283333 338583 101505 2
243657 220881 101531 6
201275 97478 101574 12
221901 305813 101581 7
122858 -225342 101646 20
218093 413787 101662 3
208639 413048 101686 3
178347 305918 101690 7
170185 136820 101723 5
140335 94116 101726 12
152297 213756 101759 6
145882 304065 101771 7
176485 378270 101841 0
92764 -29185 101855 11
146322 254338 101857 1
138502 411123 101861 3
112204 13005 101868 4
158895 377112 101885 0
131358 336930 101885 2
100147 300752 101886 7
104202 135053 101888 5
155380 376856 101894 0
19298 -226907 101899 20
92095 209421 101910 6
906 -198255 101937 21
137858 375947 101938 0
133613 375935 101949 0
79305 11787 101950 4
50537 -30283 101961 11
37458 93818 101983 12
83323 407985 101999 3
54458 331815 102077 2
80547 371966 102081 0
-61145 -231543 102100 20
-39352 -152098 102107 15
-12771 90388 102109 12
12600 130847 102117 5
-73932 -232086 102132 20
44847 370925 102170 0
-9359 130372 102172 5
545 405850 102206 3
-62606 75659 103469 17
-104327 -257671 103581 3
9582 70874 103650 17
-47412 -180240 103651 8
44895 143171 103683 22
58399 309597 103713 24
59479 382561 103716 20
59194 142209 103719 22
12529 26309 103720 14
50980 261482 103759 18
27595 -57681 103763 13
78725 308610 103764 24
48978 345539 103766 19
30696 -57855 103771 13
88918 308358 103789 24
66243 261381 103797 18
97043 221317 103809 23
12119 -25840 103810 10
104552 307386 103828 24
3129 -258591 103839 3
121035 219773 103869 23
133732 218796 103901 23
52669 -26033 103908 10
145842 304245 103933 24
123167 67434 103934 17
170160 136822 103997 22
176363 378173 104008 20
178404 258743 104078 18
183250 65469 104084 17
105292 -261743 104091 3
186213 343199 104109 19
217198 299739 104110 24
207814 258034 104151 18
145833 -262050 104192 3
152579 -262141 104209 3
256126 61377 104266 17
193554 -265423 104312 3
278990 59890 104323 17
283256 338574 104351 19
276618 50155 104625 12
185301 -234456 104716 21
153652 -276351 104827 20
247332 366125 104839 3
213067 243775 104843 7
121871 -238957 104875 21
153602 46667 104933 12
178138 172839 104935 6
106775 -276952 104941 20
200472 290015 104952 2
116724 -198883 104957 15
171992 82395 104959 5
194009 364170 104967 3
220314 329810 104972 0
159845 243883 104976 7
147129 243096 105008 7
110435 46323 105041 12
136628 82286 105047 5
154332 286558 105068 2
151173 361571 105070 3
156120 205906 105073 1
172449 328788 105091 0
102346 168089 105124 6
-297 -242417 105180 21
97706 285725 105209 2
61086 239032 105223 7
52319 -37966 105258 4
104402 323644 105262 0
-16133 -201920 105289 15
34504 -37863 105302 4
56083 361089 105307 3
27077 77920 105321 5
20723 163575 105328 6
-60314 -242900 105330 21
-68509 -204765 105420 15
5063 359472 105435 3
-117916 -246380 105474 21
-62645 75693 105545 5
-54359 96522 106675 22
33695 180613 106891 23
-40790 -150153 106903 9
14780 18215 106903 17
37355 93819 106905 22
50970 261527 106934 24
12119 -26050 106959 14
66222 261386 106973 24
60552 218722 107023 18
65786 15498 107030 17
19205 -226891 107058 8
58497 -26692 107075 14
78817 295545 107080 19
112396 337428 107088 20
119525 91197 107110 22
128238 180176 107127 23
131329 337058 107136 20
111986 12918 107146 17
110556 216822 107148 18
92730 -29011 107161 14
131238 215523 107200 18
70180 -311203 107243 3
176895 254468 107249 24
182039 254322 107262 24
162819 213153 107279 18
185235 -234468 107473 8
243770 209914 107481 18
215671 -312948 107607 3
252508 -314568 107699 3
282741 -272992 107713 21
240069 -320779 107835 20
243825 209921 108007 7
186421 -247404 108023 15
153741 -276248 108035 21
128043 -324777 108107 20
195260 122266 108132 6
221154 319077 108148 3
106885 -276807 108152 21
212956 243561 108161 2
119873 -251995 108189 15
157186 204184 108223 7
124174 -5683 108246 12
201696 281873 108258 0
175155 317681 108259 3
153675 32659 108260 5
136822 121610 108278 6
118963 32296 108344 5
135674 314930 108354 3
91238 201685 108388 7
90805 120845 108393 6
108708 314303 108419 3
74921 201551 108429 7
81219 31690 108435 5
48634 -9799 108435 12
120559 276567 108461 0
5524 -253402 108475 15
74436 312996 108502 3
45796 117424 108506 6
67667 232492 108530 2
-26281 -178961 108561 16
16860 152508 108661 1
-50970 115765 108748 6
-104154 -257542 108749 15
-45440 53564 109938 22
-26833 138144 109979 23
5625 50700 110065 22
-40779 -150101 110072 13
-66802 -188729 110078 9
12137 -26047 110136 17
37286 286813 110141 20
45217 286273 110161 20
20540 163485 110178 18
50843 49347 110178 22
66293 131509 110212 23
67517 48755 110220 22
-349 -275458 110249 8
58545 -26694 110252 17
52114 249266 110254 19
82972 207042 110254 24
97488 285637 110291 20
110261 46353 110327 22
92876 -29098 110338 17
145788 283958 110412 20
156170 205917 110437 24
52198 -360402 110438 3
133183 247911 110456 19
195288 122267 110535 23
114829 -279701 110537 8
116630 -198896 110537 9
201611 281882 110551 20
177590 245185 110567 19
113735 -361059 110592 3
230991 202566 110625 24
212865 243754 110655 19
147917 -363038 110677 3
221331 -363229 110861 3
255766 -285207 110889 8
281451 -282139 111025 15
252650 -331674 111028 21
277560 68706 111166 6
159643 -371813 111276 20
147522 -338580 111291 21
125989 -339106 111345 21
203625 68105 111351 6
222913 192213 111376 2
249261 235040 111379 0
132260 -210964 111396 16
214808 272331 111400 3
97873 -340844 111415 21
175580 155205 111417 7
121445 -291096 111425 15
96108 -375033 111431 20
188872 190520 111461 2
147945 153409 111486 7
176509 269443 111492 3
89592 -292431 111505 15
139824 -11234 111519 5
155672 189333 111544 2
123195 67439 111552 6
128238 266088 111608 3
118647 265683 111631 3
99689 264778 111678 3
60824 152737 111704 7
117364 227161 111709 0
30630 -57854 111720 12
41 -212361 111726 16
53411 64986 111727 6
104109 227129 111742 0
47410 -13047 111750 5
64640 185778 111772 2
25511 150983 111792 7
51026 261487 111800 3
-34463 -214616 111813 16
-26119 -179200 111872 11
-61980 -215865 111881 16
-10681 63125 111887 6
-17508 -138461 111912 4
-47337 -180211 111925 11
-64961 78470 113148 23
-39490 78598 113209 23
-101641 -240200 113231 9
-45462 121478 113238 18
-69853 -205066 113240 13
11760 158394 113316 24
-64601 -240863 113324 9
28568 157877 113358 24
26975 77922 113369 23
-39980 -241322 113385 9
-34669 -162365 113393 10
-2856 -209310 113407 13
54996 242265 113425 20
59051 -4268 113439 22
41604 118451 113456 18
-276 -242412 113485 9
75012 201626 113551 19
117838 72198 113587 23
124049 -5756 113601 22
141122 154947 113640 24
166796 154190 113704 24
144272 199223 113724 19
132094 -210953 113745 13
106419 -244383 113751 9
105319 -326798 113753 8
114004 -244473 113770 9
168614 113808 113773 18
129365 -327667 113813 8
107083 -405020 113815 3
218762 194948 113910 19
249116 235046 113910 20
171122 -248775 113913 9
189569 -331024 113964 8
277371 68642 113980 23
209520 -411566 114071 3
252448 -331682 114121 8
228108 -379963 114329 21
253230 -339718 114336 15
230554 -419099 114347 20
200447 -260053 114465 16
172262 -383091 114469 21
171709 -421135 114490 20
168660 -340816 114547 15
243642 220886 114570 3
152810 -260428 114584 16
201887 109013 114591 7
103315 -383334 114641 21
102189 -422207 114659 20
118242 -341386 114673 15
84554 -422805 114702 20
105191 -261738 114703 16
187272 139319 114705 2
157270 26145 114707 6
96119 -341644 114729 15
125495 -221494 114733 11
171009 60454 114756 1
135473 103901 114757 7
133911 218797 114834 3
161663 183610 114838 0
117134 218678 114875 3
117320 137427 114880 2
58084 99357 114951 7
40859 18800 114998 6
19229 -226885 114999 11
62162 218074 115012 3
29270 97791 115023 7
27652 18851 115031 6
14761 18228 115063 6
29320 137082 115100 2
41663 174770 115138 0
-39703 -231141 115147 11
-61253 -231568 115200 11
-52856 96392 115228 7
-73927 -232079 115232 11
-113202 -267387 115249 16
-66726 -188737 115275 4
-118094 -246377 116359 13
-51036 115839 116399 24
-64882 78417 116430 18
-83226 -249119 116446 13
-74102 -214172 116534 10
-34555 -162362 116563 14
21765 112641 116581 24
28892 -47561 116603 22
-14595 -252191 116618 13
12033 73085 116622 18
37932 191790 116622 20
-4000 -252239 116644 13
16839 152603 116645 19
-11110 -217148 116692 10
75520 29180 116715 23
113759 109593 116811 24
129969 185593 116852 20
130289 27693 116852 23
51588 -374310 116859 8
118018 72200 116887 18
151939 26293 116906 23
76015 -299488 116915 9
157057 26155 116919 23
119996 -251994 116954 13
95860 -375031 116970 8
196452 104141 117018 24
121981 -220685 117024 10
122206 -301374 117031 9
203383 68091 117100 18
191339 -257763 117135 13
140395 -456225 117139 3
227900 -380105 117300 8
252226 -427256 117509 21
278389 -311395 117510 16
279020 59901 117639 7
219593 -313513 117657 16
263861 59389 117676 7
212648 -390589 117677 15
189962 -467923 117677 20
204364 -390777 117698 15
166600 -430015 117723 21
167830 -468867 117731 20
210606 -268392 117761 11
144850 -469256 117787 20
177207 -269239 117844 11
139525 -395323 117861 15
184313 53989 117875 7
159094 -270221 117889 11
123651 -318717 117897 16
201333 97519 117910 2
90939 -435430 117912 21
150301 53377 117960 7
178169 172906 117962 3
93894 -397304 117974 15
108661 -270730 118015 11
101895 -270839 118032 11
140298 94130 118063 2
92788 -29181 118108 6
36117 -319700 118116 16
102265 167938 118152 3
67484 48769 118167 7
50543 -30278 118214 6
74244 8758 118237 1
-327 -275452 118288 11
45377 6982 118310 1
66253 131528 118317 0
20627 163385 118356 3
-6824 -238356 118366 4
-39389 -152100 118375 12
-12688 90407 118445 2
6438 128990 118466 0
-64696 -240847 118510 4
-12953 127875 118515 0
-53456 67886 119633 24
-127607 -260985 119640 10
-61546 -183600 119672 17
-59318 106468 119695 19
-73927 -214004 119704 14
-51321 106266 119715 19
-5838 66652 119752 24
824 66239 119769 24
24634 -21333 119828 23
29327 66199 119840 24
-11061 -217122 119861 14
12552 26314 119863 18
39083 66070 119865 24
44929 143156 119880 20
-31184 -262370 119881 10
59154 142261 119915 20
59895 -22526 119916 23
70755 -22836 119943 23
34775 -340427 120052 9
75999 -299478 120084 13
76983 -425652 120162 8
79566 -340674 120164 9
170149 136828 120193 20
122045 -220687 120194 14
170798 60457 120194 24
122193 -301356 120200 13
96125 -341641 120206 9
101787 -270870 120214 10
134705 -428192 120307 8
193132 98440 120326 19
166717 -429991 120387 8
183492 -271206 120418 10
211986 -306788 120424 13
263936 59419 120427 24
195753 -349925 120455 9
179113 -508941 120475 3
242372 -308087 120500 13
194823 -509006 120515 3
266743 -275161 120626 10
264439 -357134 120785 16
230744 -438769 120872 15
201693 -483626 120875 21
282880 -272942 120881 4
201689 -513638 120891 20
252660 -314536 120895 11
184508 -483990 120918 21
176678 -514403 120952 20
276517 50158 120962 2
163461 -440031 121040 15
158451 -360303 121050 16
113763 -361055 121162 16
195397 122271 121164 3
111188 -442556 121171 15
153697 -276144 121204 4
123549 -318813 121218 11
116583 -198889 121225 12
124058 -5513 121266 7
153671 46721 121269 2
172044 82628 121292 0
136680 121577 121306 3
106865 -276907 121321 4
44961 -365666 121334 16
110295 46356 121378 2
136816 82290 121381 0
90892 120848 121420 3
45764 117427 121533 3
-16128 -201906 121557 12
27028 77935 121655 0
-34623 -162353 121675 5
-68475 -204741 121688 12
-50970 115778 121775 3
-62636 75701 121879 0
-127473 -261007 122810 14
-54448 96527 122871 20
-52876 96496 122875 20
-73901 -231962 122881 17
-50188 -232682 122940 17
-18438 58420 123037 19
14728 18229 123044 24
-31336 -262368 123051 14
37363 93823 123101 20
12011 -26043 123102 18
65670 15548 123171 24
58558 -26686 123218 18
58141 53635 123229 19
52338 -352050 123265 13
111989 12924 123287 24
92811 -29179 123304 18
119489 91201 123306 20
63038 -395904 123363 9
121791 -238940 123370 17
70238 -311175 123375 10
101698 -270862 123383 14
103157 -354666 123392 13
93871 -397303 123440 9
154699 -399911 123592 9
166450 -479699 123626 8
221402 -363225 123688 13
172624 -559613 123708 3
215682 -312947 123739 10
204521 -560583 123785 3
266749 -275155 123796 14
252733 -314532 123831 10
240819 -398807 124084 16
204561 -560547 124121 20
187874 -524200 124150 21
201619 -483675 124185 15
169791 -561257 124206 20
221571 -363209 124213 11
184459 -483984 124228 15
240018 -320693 124229 4
172890 -402421 124254 16
186427 -247389 124291 12
150451 -403025 124310 16
125584 -404136 124372 16
151083 -366460 124389 11
196406 76974 124397 3
107193 -405031 124418 16
119856 -251957 124457 12
132132 -210857 124498 5
105676 -368690 124503 11
129398 -327663 124505 4
100042 -368988 124517 11
127865 72614 124568 3
153802 32397 124578 0
124063 -5741 124583 2
117990 72208 124593 3
63482 -370322 124608 11
118944 32340 124665 0
47080 -42207 124698 7
5514 -253398 124743 12
28093 -43264 124746 7
81242 31691 124759 0
48539 -9914 124772 2
39284 66113 124789 3
-67 -212360 124829 5
-17547 -138523 124864 6
858 66085 124886 3
-61867 -215801 124983 5
-104226 -257591 125017 12
-52632 65219 125019 3
-113379 -267464 126022 17
-66772 -188742 126084 22
11985 -26039 126277 24
-304 -275387 126305 17
45255 6848 126436 19
36128 -319540 126459 14
92813 -29159 126479 24
113437 43218 126531 20
63037 -395903 126532 13
116502 -198772 126542 22
44763 -365649 126551 10
106853 -276936 126573 17
93801 -397293 126609 13
94577 -368774 126676 10
128005 -324769 126689 14
100055 -368846 126690 10
110978 -442574 126723 9
154802 -399894 126761 13
133136 -369050 126772 10
188066 -325524 126839 14
178542 -445581 126892 9
186259 -528166 126916 8
255746 -285201 126945 17
269102 -291076 127324 12
203717 -582356 127350 21
199984 -454950 127426 16
193868 -537341 127444 15
217908 -414444 127462 11
183886 -537746 127469 15
188415 -296655 127526 12
140575 -456222 127575 16
157440 -415810 127614 11
181256 -374550 127615 4
156316 -256424 127678 5
122193 -301350 127691 12
157241 26164 127735 3
99384 -302222 127748 12
110683 -377052 127792 4
78315 -418674 127811 11
40919 18823 128025 3
30603 -57853 128057 2
27805 18862 128058 3
3289 -258543 128061 5
48057 -19940 128082 0
14960 18311 128090 3
-22250 -183329 128116 6
24577 -21299 128141 0
-61443 -183599 128214 6
-113212 -267253 128352 5
-101547 -240187 129237 22
-64540 -240820 129330 22
-39907 -241451 129391 22
-34645 -162283 129400 23
-319 -242339 129490 22
58994 -4254 129635 20
36141 -319558 129636 17
46988 -42198 129681 19
44887 -365655 129721 14
106437 -244483 129757 22
114029 -244637 129776 22
124048 -5744 129798 20
66036 -402269 129845 10
94539 -368768 129845 14
127862 -324714 129865 17
111018 -442532 129892 13
173087 -247003 129924 22
107194 -405021 129947 10
186479 -247372 129957 22
159530 -371789 130008 14
188241 -325538 130016 17
178458 -445580 130061 13
183717 -572427 130149 8
188824 -496774 130157 9
202930 -572976 130197 8
209536 -411551 130203 10
253399 -339670 130603 12
185018 -630943 130637 21
203537 -582497 130660 15
194850 -508998 130679 16
177989 -584264 130724 15
230540 -419041 130732 4
226264 -419385 130743 4
214360 -297668 130773 5
168637 -340833 130815 12
196884 -421254 130816 4
171686 -421127 130879 4
145564 -464754 130883 11
118206 -341366 130941 12
125522 -221480 130986 6
96064 -341607 130997 12
122327 -301330 131003 5
99268 -302341 131061 5
76988 -425618 131116 4
92931 -29130 131135 3
50634 -30276 131241 3
19307 -226882 131252 6
-39310 -152090 131394 7
-39624 -231375 131399 6
-61213 -231470 131453 6
-73919 -232053 131485 6
-69753 -205055 132552 23
-34611 -162258 132705 18
-3002 -209308 132719 23
44827 -365645 132898 17
77786 -290749 132926 22
84870 -290807 132944 22
94654 -368765 133022 17
121303 -291090 133034 22
75303 -411375 133037 14
132099 -210933 133057 23
133030 -369023 133118 17
124530 -413259 133160 14
156106 -414934 133239 14
155989 -503176 133244 13
140415 -456218 133270 10
214239 -297452 133270 22
162777 -545983 133332 9
226251 -419519 133415 14
282728 -272964 133833 6
199174 -555022 133908 16
212649 -390558 133945 12
185098 -630890 133946 15
204243 -390769 133966 12
201510 -513628 133983 11
176778 -514400 134045 11
199535 -473177 134050 4
195852 -349913 134059 5
139665 -395463 134128 12
153639 -276341 134156 6
93781 -397290 134242 12
116665 -198857 134244 7
114872 -279506 134253 6
103114 -354658 134291 5
64315 -357022 134388 5
55822 -357555 134409 5
-16063 -201882 134576 7
-68525 -204719 134707 7
-108060 -247776 135696 23
-83223 -249056 135758 23
-47461 -180230 135848 24
-62056 -215848 135877 18
-14647 -252182 135930 23
-4034 -252194 135956 23
-17619 -138319 136003 19
-11016 -217143 136004 18
34828 -340432 136058 22
96042 -341604 136211 22
77138 -425555 136219 17
105190 -261526 136239 23
145707 -262030 136336 23
121919 -220657 136337 18
152534 -262134 136353 23
134756 -428180 136363 17
166712 -429936 136443 17
144636 -469298 136451 14
193640 -265384 136452 23
162822 -545977 136501 13
155909 -503170 136549 10
199494 -473077 136591 14
199304 -548975 136595 13
282821 -272883 136680 23
278361 -311410 137084 6
230806 -438768 137140 12
240956 -398797 137186 5
204520 -560488 137216 11
219559 -313518 137231 6
169705 -561195 137303 11
163386 -440139 137308 12
185154 -234464 137313 7
187886 -524195 137319 4
172979 -402410 137356 5
150306 -403064 137413 5
111056 -442526 137439 12
131710 -238617 137447 7
123508 -318749 137471 6
121940 -238944 137471 7
125445 -404273 137475 5
106999 -404980 137521 5
116535 -198895 137562 2
36106 -319538 137690 6
-100 -242403 137776 7
-40474 -245646 137881 7
-16139 -201869 137894 2
-83200 -248920 137987 7
-68338 -204651 138024 2
-127604 -260983 138953 18
-40015 -220150 139107 24
-61563 -183566 139129 19
-31363 -262327 139193 18
70173 -311154 139382 23
76162 -386213 139402 22
95074 -386497 139449 22
122680 -225553 139514 24
101743 -270868 139526 18
144643 -469292 139627 17
204228 -390726 139722 22
158246 -520416 139725 14
183400 -271202 139730 18
215844 -312937 139746 23
199586 -473151 139765 17
169688 -561159 139824 10
252501 -314498 139838 23
266734 -275149 139939 18
281480 -282133 140312 7
264493 -357129 140359 6
201524 -483673 140453 12
184607 -483946 140495 12
202905 -572822 140521 4
178576 -445556 140582 5
186509 -247380 140627 2
157106 -361883 140627 6
126755 -364176 140703 6
121456 -291014 140712 7
125387 -447371 140715 5
89609 -292385 140792 7
119906 -251949 140794 2
83574 -364742 140811 6
132189 -210840 140832 0
44830 -365636 140908 6
5497 -253397 141080 2
-26259 -179197 141153 3
86 -212354 141162 0
-47467 -180220 141206 3
-61913 -215829 141317 0
-104283 -257653 141354 2
-113364 -267462 142164 24
-46938 -194435 142330 20
-73793 -232048 142339 19
-50030 -232618 142398 19
-297 -275446 142446 24
52180 -360394 142577 23
36229 -319510 142602 18
90892 -435423 142678 22
106813 -276908 142714 24
113740 -361044 142731 23
116536 -198893 142739 20
112798 -240201 142805 19
147924 -363124 142816 23
127902 -324764 142832 18
134415 -240725 142859 19
163265 -440151 142859 22
158224 -520283 142901 17
151631 -566420 142948 14
156502 -566688 142960 14
188166 -325531 142982 18
221370 -363206 143000 23
222079 -441628 143006 22
180722 -647193 143026 13
255762 -285189 143086 24
253261 -339715 143623 7
269326 -290990 143660 2
230334 -419134 143684 6
226328 -419459 143694 6
193845 -537326 143712 12
183781 -537738 143737 12
197083 -421231 143768 6
171399 -537784 143768 12
188950 -496752 143796 5
171620 -421137 143831 6
168666 -340815 143834 7
188280 -296525 143863 2
191296 -258021 143924 0
118244 -341344 143960 7
102388 -422203 144004 6
157749 -259259 144008 0
125402 -221477 144014 3
96050 -341596 144016 7
122408 -301327 144028 2
84700 -422546 144048 6
135481 -260247 144064 0
99300 -302277 144085 2
19351 -226748 144279 3
-31153 -262261 144480 0
-113126 -267343 144685 0
-101696 -240136 145433 20
-64694 -240815 145526 20
-39955 -241448 145588 20
-290 -242409 145687 20
36071 -319472 145777 24
66224 -402261 145852 23
44776 -365626 145864 18
107076 -404978 145954 23
94618 -368764 145988 18
100041 -368798 146002 18
128091 -324761 146007 24
156829 -486783 146083 22
133017 -368978 146084 18
170999 -248772 146115 20
151819 -566474 146125 17
156567 -566783 146137 17
188119 -325516 146157 24
209519 -411501 146210 23
228020 -380097 146926 7
203607 -582457 146928 12
253305 -339710 146940 2
177964 -584306 146992 12
193840 -543568 147024 5
189902 -467895 147025 6
210604 -268244 147045 3
172319 -383078 147065 7
167914 -468866 147080 6
162785 -545903 147102 5
177305 -269233 147125 3
144746 -469288 147138 6
168498 -340856 147152 2
158923 -270081 147170 3
138228 -426996 147238 1
103178 -383420 147238 7
108806 -270720 147296 3
108084 -344825 147303 2
101758 -270854 147313 3
114725 -304313 147356 0
-312 -275433 147568 3
51637 -374290 149056 24
96044 -375008 149167 24
75390 -411444 149180 18
75411 -333733 149192 19
107879 -294123 149197 20
99454 -335218 149252 19
140378 -456159 149277 23
110738 -335911 149280 19
124582 -413240 149303 18
171231 -537779 149359 22
156104 -414931 149382 18
167906 -339445 149423 19
184980 -630687 149461 17
186584 -417301 149461 18
227923 -380094 149497 24
226172 -419518 149557 18
252259 -427243 150105 7
278182 -311408 150112 3
184992 -630927 150214 12
201527 -513625 150236 6
219384 -313528 150259 3
212485 -390583 150282 2
176744 -514391 150298 6
204478 -390678 150302 2
199537 -473168 150324 1
149522 -432476 150362 7
195760 -349844 150393 0
132451 -433666 150405 7
139738 -395519 150464 2
123680 -318570 150498 3
91068 -435416 150508 7
93923 -397288 150579 2
103171 -354644 150625 0
64443 -356949 150721 0
55807 -357554 150743 0
34775 -340360 152254 20
78170 -418605 152362 24
108127 -344807 152438 20
103242 -383350 152501 19
155883 -503163 152556 23
164843 -424763 152579 24
144628 -469191 152593 18
177893 -584320 152616 22
160351 -385608 152644 19
199543 -473137 152731 18
252297 -427233 152798 24
264558 -357100 153386 3
204631 -560429 153469 6
201556 -483662 153472 7
230931 -438752 153476 2
184523 -483932 153515 7
240880 -398795 153520 0
163292 -440148 153645 2
156972 -362022 153655 3
173069 -402409 153690 0
126666 -364182 153731 3
150450 -402891 153746 0
111052 -442493 153776 2
125463 -404235 153809 0
83678 -364720 153838 3
107037 -404970 153855 0
44904 -365620 153935 3
63124 -395748 155587 20
144733 -469278 155769 24
132379 -433665 155814 19
162001 -396869 155827 20
172489 -559612 155838 23
158381 -520407 155868 18
204626 -560412 155918 23
240807 -398798 156019 20
230803 -438757 156060 19
193849 -537270 156731 7
183914 -537730 156756 7
209635 -411550 156764 3
171450 -537705 156787 7
157787 -412063 156893 3
156906 -486788 156901 2
161332 -449433 156959 0
124668 -413238 156976 3
144450 -449971 157001 0
133453 -450165 157029 0
111029 -442453 158925 20
158360 -520370 159043 24
151725 -566357 159091 18
178502 -445577 159094 20
156447 -566680 159103 18
184456 -483906 159184 19
203718 -582353 159947 7
178138 -584331 160011 7
193733 -537348 160049 2
183743 -537756 160074 2
171385 -537780 160105 2
188866 -496777 160130 0
145694 -464632 160163 3
151696 -566297 162266 24
156485 -566656 162278 24
188812 -496749 162359 20
165351 -532932 162377 19
185070 -630826 163233 7
201531 -511153 163264 3
194949 -511138 163280 3
178108 -584328 163328 2
199292 -549196 163344 0
175980 -539768 165567 20
159621 -580766 165602 19
199444 -554861 166509 3
184865 -630928 168905 19
180838 -647195 169870 0
251852 361630 172800 5
231007 202662 172800 11
221185 318860 172804 12
192361 74887 172808 15
182828 74333 172832 15
153752 32416 172835 21
175575 155234 172847 16
228634 450321 172849 6
212925 243573 172896 4
207259 531546 172898 7
148028 153487 172916 16
175192 317705 172919 12
191064 530733 172938 7
194995 358935 172941 5
169523 202074 172947 11
210149 562594 172968 2
127855 72621 172969 15
117971 72235 172994 15
145648 200636 173004 11
163873 529826 173006 7
93970 -3236 173016 20
81284 31714 173016 21
135564 314936 173018 12
152848 446058 173038 6
146995 243085 173061 4
108694 314328 173085 12
58977 -4250 173101 20
127540 355909 173110 5
60800 152742 173134 16
106094 443281 173155 6
74258 312998 173171 12
76713 199303 173175 11
95972 355203 173189 5
25622 151016 173222 16
9696 70875 173265 15
61290 239155 173275 4
-53532 67900 173423 15
-31888 516343 173496 7
-74451 513167 173602 7
-86309 628529 173703 3
-51835 543272 174717 24
-71858 493112 174732 18
-36883 461153 174754 23
-57504 492268 174768 18
23704 373470 174910 22
41690 372889 174955 22
37343 286826 174999 17
-16831 132988 175003 9
45396 286268 175019 17
20582 163388 175026 13
77109 456114 175039 23
80496 371991 175052 22
12574 130860 175077 9
99727 455789 175096 23
52165 249428 175100 14
97645 285655 175150 17
45276 203636 175153 10
105350 490641 175175 18
120752 490347 175214 18
74920 201628 175227 10
50425 -30271 175234 3
157842 455140 175241 23
137251 282863 175250 17
161205 529378 175250 24
163622 371104 175260 22
140354 489977 175263 18
91225 201704 175268 10
133178 247924 175302 14
164861 281799 175318 17
110347 46363 175326 8
136661 121578 175387 9
168497 247227 175390 14
144301 199227 175400 10
191649 570034 175402 19
222340 451196 175402 23
207895 569019 175443 19
247303 366141 175469 22
184717 198312 175501 10
212391 198284 175570 10
202006 109014 176021 16
245959 401845 176045 6
214705 272346 176060 12
223797 315344 176109 5
139698 -11252 176110 21
222903 192251 176111 4
157190 26173 176136 15
207198 475385 176138 7
176625 269596 176155 12
189210 474187 176183 7
168274 152818 176186 11
189043 190537 176196 4
173294 400263 176227 6
128261 266134 176276 12
155664 189397 176279 4
150337 472781 176280 7
201673 552673 176298 0
118605 265691 176300 12
172294 512144 176303 2
169402 593740 176304 3
142468 398803 176304 6
143008 312943 176311 5
47410 -13038 176341 21
99537 264676 176348 12
127957 312131 176349 5
40396 107530 176425 16
40992 18988 176436 15
78704 394933 176463 6
27805 18868 176468 15
78631 308941 176472 5
54108 145828 176472 11
103576 510369 176475 2
14701 18235 176500 15
64766 185782 176507 4
59625 393718 176511 6
79458 429855 176544 1
-33961 103750 176611 16
-36743 461146 176748 7
-51112 502825 176861 2
-51747 543286 176932 0
-71844 493119 177907 24
-61349 414684 177933 23
-57318 492260 177944 24
-63391 449404 177993 18
-50992 115784 178087 13
-39578 78685 178186 9
47927 409705 178206 23
50329 326568 178217 22
64790 408836 178248 23
21783 112878 178274 13
77877 482678 178282 24
54958 242292 178283 17
83138 407965 178294 23
38035 191736 178304 14
12006 158301 178309 10
90924 325269 178319 22
28610 157862 178351 10
26985 77937 178353 9
106177 443411 178417 18
59033 -4226 178437 8
152761 402840 178468 23
113889 109569 178499 13
166045 480461 178502 24
117967 72244 178580 9
168866 522338 178585 19
155619 189311 178598 14
124082 -5738 178600 8
141084 154949 178632 10
221233 318861 178644 22
225181 398738 178649 23
199182 437624 178650 18
181306 188509 178662 14
166801 154192 178696 10
201877 109015 178719 13
249056 235121 178768 17
203465 68112 178794 9
277341 68655 178979 9
278948 59925 179069 16
264023 59488 179106 16
286513 356111 179184 6
243623 221060 179229 12
223985 422185 179336 7
166768 55629 179349 16
238651 386775 179387 1
199880 420368 179396 7
201381 351595 179397 6
147750 54540 179397 16
139723 -11239 179420 15
187311 139384 179440 4
204243 385829 179472 1
198218 469048 179478 2
133833 218825 179502 12
156902 419004 179504 7
135529 103729 179508 11
208877 503819 179525 0
176217 541156 179527 3
116998 218680 179544 12
125215 417228 179583 7
128633 264930 179587 5
124141 349344 179590 6
117105 137304 179616 4
58039 53616 179621 16
30777 -57851 179623 21
99632 264693 179660 5
125203 383338 179670 1
39335 -16184 179671 15
62206 218127 179681 12
82336 347972 179694 6
71133 416999 179718 7
94066 461662 179738 2
63892 347068 179740 6
5664 50706 179752 16
34673 96063 179760 11
51030 261495 179781 5
84196 501753 179832 0
29390 137087 179835 4
49645 379873 179859 1
-17052 133097 179956 4
-52938 96477 179979 11
-52331 416369 180027 7
-4742 496305 180054 0
-34654 457232 180060 2
-44326 495191 180153 0
-71697 493378 180222 0
-47436 445361 181208 24
-31895 516346 181248 20
-62735 75744 181298 13
-40111 481368 181303 19
-29978 480916 181328 19
5057 359532 181339 23
-16573 403835 181350 18
-59091 106612 181380 10
-51344 106350 181399 10
9591 70928 181478 13
11887 158323 181479 14
38150 191797 181481 17
73704 269870 181515 22
28505 157915 181520 14
12540 26319 181557 9
95911 355214 181566 23
103452 510374 181586 20
28905 -47560 181602 8
119129 353412 181624 23
127240 435377 181645 24
135644 352010 181667 23
129938 185496 181711 17
131033 396111 181719 18
159162 435044 181725 24
123188 67569 181762 13
173870 508468 181762 20
176968 434434 181769 24
150238 472782 181779 19
161527 183683 181790 17
189626 351846 181801 23
141181 155034 181802 14
170133 393938 181817 18
172202 393841 181822 18
201240 351644 181830 23
135448 103709 181858 10
166906 154206 181866 14
151928 26449 181905 9
183221 65482 181912 13
157066 26175 181918 9
243404 349353 181935 23
218933 390575 181939 18
256149 61381 182095 13
278938 59982 182152 13
278995 59992 182390 11
263894 59520 182427 11
251877 374108 182506 7
243776 220995 182539 5
230274 373093 182560 7
222013 305819 182585 6
184135 53946 182627 11
203079 370986 182628 7
178223 172925 182631 12
201270 97573 182645 4
224172 422190 182653 2
199721 495683 182708 3
150324 53401 182711 11
199791 420365 182714 2
112009 12951 182726 16
178098 493965 182762 3
144977 92725 182792 4
165332 493290 182794 3
135934 300857 182800 6
79176 11816 182808 16
131382 215594 182820 5
127905 300217 182820 6
156961 419015 182821 2
102228 168033 182821 12
119480 91218 182853 4
167228 455449 182864 0
104781 367765 182874 7
157731 455154 182888 0
125400 417251 182900 2
120954 490444 182905 3
67538 48817 182918 11
57626 364916 182992 7
42128 364375 183031 7
71261 417046 183035 2
-39207 -152048 183045 20
54327 331798 183087 1
22654 84756 183092 4
-34455 84165 183235 4
-38963 488310 183305 3
-60311 486652 183358 3
-31872 450106 183362 0
-63379 449411 183441 0
-38503 467755 184471 20
-59180 106524 184541 14
-51327 106270 184561 14
-26811 138208 184601 17
-53603 67907 184625 10
-6554 103757 184673 14
58365 309630 184712 23
59445 382565 184716 24
12522 26339 184726 13
38963 341214 184729 18
29280 137112 184737 17
-5757 66614 184745 10
-26263 -179178 184762 3
797 66094 184762 10
78705 308958 184763 23
89100 308371 184789 23
97167 221319 184814 22
100015 382535 184817 24
70572 427032 184820 19
24611 -21293 184827 9
104619 307235 184828 23
39145 66152 184857 10
118186 462461 184863 20
121247 219771 184874 22
52821 -23620 184897 9
133864 218994 184906 22
104117 135037 184919 17
145872 304072 184931 23
127274 338223 184950 18
176314 378202 185008 24
140281 94132 185040 14
217175 299740 185109 23
166720 55787 185181 10
224015 422199 185203 19
276481 50216 185451 10
283458 338676 185667 7
276514 50220 185697 4
252068 374194 185823 2
195375 122335 185828 12
212941 243588 185848 6
230145 373114 185878 2
222535 451180 185891 3
203081 371079 185946 2
226111 408331 185957 0
170199 165226 185963 5
136647 121583 185975 12
159832 243887 185981 6
153666 46777 186004 4
147166 243098 186012 6
92857 -29124 186014 16
125490 335028 186062 7
152879 446135 186065 3
154326 286419 186077 1
123690 164858 186080 5
91009 120849 186089 12
113522 43388 186107 4
50388 -30249 186120 16
157651 407431 186128 0
120895 366383 186151 2
65556 3168 186163 11
106109 443412 186182 3
783 -198287 186185 20
45689 117581 186203 12
61119 239064 186227 6
54386 331837 186240 7
-34509 -162244 186266 21
36645 160854 186297 5
88435 404543 186301 0
57552 364996 186310 2
69773 404336 186348 0
42146 364405 186348 2
-50995 115787 186444 12
-16544 403821 186564 0
-68341 94389 187695 17
-53546 67929 187795 14
-12705 90506 187834 17
34852 182020 187898 22
38968 341206 187904 24
51053 261503 187934 23
11984 -25983 187964 13
32300 381776 187964 19
63142 418864 187965 20
66288 261392 187972 23
14758 18244 188036 10
66635 303147 188038 18
52633 -26029 188066 13
112491 337402 188088 24
89356 378219 188107 19
19255 -226879 188116 3
101461 88748 188119 17
125221 417254 188120 20
100119 300765 188122 18
131316 337100 188135 24
65608 15632 188163 10
92712 -29149 188166 13
144394 176304 188172 22
146285 254575 188179 23
127804 300102 188191 18
158353 415302 188203 20
133535 375938 188217 19
175647 174298 188250 22
176747 254482 188252 23
182156 254444 188265 23
111962 12931 188279 10
147231 55344 188297 14
208517 412937 188329 20
196245 297472 188362 18
180110 53175 188379 14
204535 297123 188383 18
205350 297092 188385 18
230002 373126 188458 19
185177 -234454 188531 3
276450 50227 188620 14
234704 205096 189033 6
192314 74909 189076 12
245987 401871 189081 3
132175 -210799 189089 21
134418 -240719 189097 20
182850 74337 189100 12
201715 281885 189112 7
251742 361634 189133 0
221370 318872 189140 2
195356 122289 189140 5
169526 202121 189196 6
165441 281896 189202 7
127878 72637 189237 12
175281 317781 189255 2
173431 400290 189255 3
145570 200610 189256 6
142514 281447 189260 7
117860 72251 189262 12
194916 358921 189275 0
124147 -5728 189318 4
142230 398824 189332 3
108845 279956 189344 7
135611 314948 189355 2
93445 279069 189382 7
-47 -212293 189420 21
108868 314420 189421 2
76732 199389 189428 6
127399 355729 189444 0
-19195 -246011 189475 20
78943 394992 189490 3
29103 -47355 189494 11
47989 198366 189500 6
48550 -9908 189507 4
74375 313036 189508 2
45779 117435 189514 5
95934 355241 189523 0
9663 70909 189533 12
59431 393667 189539 3
-30518 -172240 189565 15
-61898 -215802 189574 21
-83090 -249145 189635 20
-53412 67995 189690 12
-45438 53570 190992 17
-16885 133000 191009 22
-113379 -267456 191024 3
12690 131009 191083 22
5644 50763 191120 17
-46967 -194407 191132 8
36055 368510 191138 20
37259 286859 191140 24
45274 286334 191160 24
45298 203855 191189 23
50743 49350 191233 17
26709 13752 191236 14
46909 330133 191241 19
770 -198266 191252 8
59721 254335 191261 18
85665 286151 191261 24
63992 254290 191272 18
67560 48830 191275 17
82797 202552 191279 23
97626 285662 191291 24
-181 -275408 191307 3
104746 367771 191309 20
39494 -39197 191338 10
96204 253158 191352 18
110266 46437 191381 17
137312 282694 191390 24
100684 9967 191421 14
145525 200613 191430 23
164955 281877 191459 24
192012 365356 191527 20
195255 122303 191539 22
116568 -198892 191541 8
106833 -276869 191575 3
212184 198310 191590 23
193264 248039 191595 18
244755 363504 191659 20
255732 -285185 191947 3
191298 -258016 192181 21
286633 356165 192231 3
249124 235047 192233 7
157748 -259234 192265 21
135499 -260441 192321 21
203425 68135 192360 5
121386 -291071 192372 20
222705 192138 192386 1
105362 -261724 192396 21
214634 272359 192397 2
132253 -210793 192398 15
157072 26177 192404 12
175654 155246 192421 6
201469 351656 192436 3
223798 315359 192443 0
89686 -292196 192449 20
189078 190760 192470 1
147931 153464 192490 6
176473 269515 192492 2
142664 234191 192499 7
155631 189317 192554 1
123355 67579 192560 5
101186 231193 192603 7
128080 266068 192613 2
124036 349348 192622 3
118520 265674 192637 2
135311 309660 192664 0
99597 264706 192685 2
40918 18965 192702 12
60866 152757 192708 6
82184 347836 192723 3
-61 -212281 192729 15
27736 18864 192734 12
-31342 -262333 192738 21
104698 307271 192742 0
14798 18257 192766 12
63771 346881 192768 3
-17571 -138518 192770 16
39251 66131 192771 5
64773 185896 192781 1
30675 -57849 192792 4
25510 150985 192796 6
49133 345727 192805 3
78430 306111 192806 0
-61979 -215838 192884 15
-10667 63158 192895 5
-113259 -267454 192943 21
-34386 84182 194205 22
-101530 -240179 194236 8
11806 158361 194316 23
-64608 -240806 194328 8
28631 157863 194358 23
-39885 -241445 194390 8
54880 242358 194424 24
45365 6726 194459 17
70807 320345 194464 20
45271 203742 194465 18
27985 -43250 194479 14
-260 -242385 194489 8
75030 201680 194539 18
93438 279124 194597 19
125150 319465 194600 20
141156 155046 194639 23
166867 154217 194704 23
144148 199274 194712 18
175133 317723 194725 20
182707 74338 194748 22
89888 -324058 194772 3
119804 -251931 194789 8
184672 198314 194814 18
223601 315518 194846 20
127882 -324743 194867 3
249087 235050 194910 24
277446 68660 194985 22
252476 -331662 195179 3
269291 -290980 195226 21
188196 -296496 195429 21
200407 -260021 195468 15
168045 -339440 195497 20
222674 192140 195539 7
152716 -262123 195587 15
122258 -301260 195594 21
201926 109028 195595 6
118225 -341341 195618 20
188869 190553 195624 7
99212 -302309 195652 21
96081 -341590 195672 20
198179 224921 195678 2
219258 261098 195706 0
155590 189325 195707 7
135492 103736 195761 6
96991 -21724 195794 12
147892 223227 195804 2
135920 300867 195832 3
127703 300227 195852 3
70777 -22819 195860 12
52810 -23617 195905 12
72731 14505 195927 5
97032 221323 195931 2
64699 185791 195934 7
12205 -26014 196006 12
34772 96080 196013 6
60538 218760 196022 2
-22420 -183279 196022 16
26739 13773 196042 5
-40748 -150160 196149 11
-52897 96485 196232 6
-113298 -267418 196252 15
-50964 115796 197399 23
-69862 -205011 197551 9
-30520 -172230 197578 13
21754 112657 197581 23
11776 158375 197621 18
47905 198369 197647 24
27612 -57595 197655 17
30823 -57723 197663 17
28613 157885 197663 18
70397 268702 197703 20
-17605 -138338 197710 10
-2855 -209307 197718 9
75285 29330 197719 22
67611 232290 197772 19
113871 109578 197811 23
101198 231196 197856 19
130047 27720 197856 22
142864 193200 197884 24
152085 26211 197912 22
51645 -374269 197917 3
75813 -299336 197922 8
141062 155051 197945 18
188876 190568 197999 24
168219 152955 198015 18
95913 -375007 198027 3
201824 109018 198031 23
121985 -220398 198045 9
194637 227339 198090 19
214219 -297630 198265 8
227898 -380068 198357 3
253315 -339704 198506 21
278245 -311387 198513 15
278928 60082 198643 6
219585 -313476 198660 15
264009 59538 198680 6
172384 -382930 198716 20
168570 -340854 198718 21
185212 -234427 198743 16
118143 -341398 198844 21
187250 139305 198868 7
184188 53952 198880 6
95042 -386492 198910 20
108032 -315164 198939 15
150341 53415 198964 6
178113 172910 198968 2
176931 254481 198972 3
85201 -316681 198996 15
117101 137321 199043 7
162838 213073 199075 0
92695 -29138 199117 5
119550 91233 199124 1
102276 168042 199158 2
67588 48889 199171 6
81494 250025 199204 3
-159 -242397 199207 16
50526 -30129 199222 5
92083 209463 199252 0
29498 137101 199262 7
-60394 -242931 199357 16
-46782 -194413 199404 11
-118007 -246302 199501 16
-53462 67997 200633 23
-127581 -260976 200646 9
-59125 106527 200684 18
-51339 106296 200704 18
-62008 -215824 200739 13
-5826 66639 200752 23
-61607 -183501 200805 10
16908 152514 200809 24
-6569 103763 200815 18
29125 66346 200839 23
28864 -15117 200843 22
-17625 -138473 200845 14
39073 66171 200864 23
-11047 -217130 200867 13
-31389 -262323 200887 9
-22456 -183302 200905 10
64746 185802 201005 19
97145 221326 201010 20
34834 -340423 201057 8
121056 219783 201070 20
133911 218957 201102 20
135982 144651 201107 24
111898 183388 201123 19
135441 103725 201170 18
166789 55658 201183 23
121959 -220654 201199 13
149576 182126 201217 19
101960 -346391 201228 8
105200 -261734 201228 9
84606 -422792 201239 3
145820 -262043 201330 9
152730 -262083 201347 9
151796 -349884 201349 8
138172 -427070 201373 3
193567 -265421 201449 9
252265 -427212 201658 3
240930 -398753 201777 21
266771 -275136 201779 16
264520 -357055 201788 15
227562 -357329 201880 15
172977 -402399 201947 21
150360 -403060 202004 21
151682 -436347 202010 20
158440 -360298 202053 15
153643 -276295 202062 16
185155 -234451 202064 11
125493 -404190 202066 21
112861 -438535 202105 20
107038 -404958 202112 21
171892 82434 202146 7
113846 -361024 202164 15
195414 122345 202165 2
106818 -276859 202179 16
131622 -238725 202198 11
121885 -238906 202222 11
136681 82330 202234 7
169423 202218 202239 3
170174 165257 202297 0
145562 200689 202297 3
116526 -198878 202297 4
136877 121672 202311 2
44896 -365616 202337 15
94094 -3235 202345 6
89179 -3442 202357 6
123636 165032 202413 0
90867 120852 202426 2
59171 -4193 202432 6
76773 199531 202462 3
27128 77943 202508 7
-271 -242383 202528 11
48099 198375 202531 3
45744 117465 202539 2
-40518 -245774 202628 11
-16054 -201854 202629 4
36588 160866 202631 0
-62718 75749 202733 7
-83162 -248954 202735 11
-68309 -204631 202759 4
-50941 115804 202781 2
-127602 -260961 203815 13
-59308 106565 203859 24
-51192 106306 203879 24
-52854 65233 203940 18
-66807 -188708 203962 14
-40757 -150187 203964 17
-6516 103767 203991 24
-73819 -231996 204015 10
-26755 138100 204016 19
14764 18272 204043 23
-10709 63132 204045 18
-31329 -262320 204056 13
-50081 -232582 204074 10
41439 174533 204111 20
29373 137088 204157 19
65665 15617 204171 23
112009 13013 204287 23
104310 135057 204344 19
140171 94364 204357 24
62994 -395893 204367 8
70145 -311126 204381 9
101789 -270852 204389 13
116607 -198860 204421 14
147136 55358 204440 18
93768 -397152 204444 8
178042 172844 204453 20
112681 -239974 204486 10
180135 53040 204522 18
134537 -240705 204539 10
183327 -271199 204593 13
162013 -396907 204615 8
171878 -477181 204697 3
205562 -396507 204724 8
215760 -312877 204745 9
266794 -275133 204801 13
240834 -398776 204812 8
252582 -314470 204837 9
230905 -438625 205042 21
252538 -314447 205055 16
281526 -282132 205063 11
240805 -398764 205087 15
201557 -483657 205132 20
184612 -483908 205174 20
163321 -440142 205211 21
173091 -402293 205256 15
150323 -403059 205313 15
111048 -442446 205342 21
186545 -247370 205362 4
123618 -318704 205377 16
171029 -248641 205401 4
192507 74976 205412 2
107054 -404955 205421 15
153877 32452 205431 7
182965 74362 205436 2
175615 155247 205449 3
147943 153527 205518 3
119063 32355 205518 7
174481 116007 205526 0
119917 -251914 205529 4
94031 -290869 205532 11
84901 -290784 205555 11
77838 -290735 205573 11
127915 72653 205574 2
124076 -5706 205593 1
117861 72254 205599 2
81183 31672 205613 7
47131 -42159 205702 6
60908 152869 205735 3
28084 -43234 205750 6
12701 26386 205784 7
47038 -8844 205785 1
5370 -253388 205815 4
25560 150987 205824 3
-30473 -172198 205833 12
9521 70959 205870 2
26741 111319 205896 0
-104245 -257623 206089 4
-51077 106320 206090 0
-101535 -240165 207115 14
-45464 53582 207133 24
-66839 -188695 207139 17
-113375 -267414 207156 10
-64626 -240744 207208 14
-12900 127881 207215 20
5688 50780 207261 24
-39932 -241441 207269 14
12043 -26019 207277 23
-12880 90397 207291 19
41218 125246 207350 20
-278 -242344 207368 14
50776 49373 207374 24
26550 13827 207378 18
58341 -26643 207392 23
67703 48891 207416 24
-327 -275399 207439 10
92698 -29135 207478 23
110413 46383 207523 24
100834 9975 207564 18
52096 -360388 207576 9
85205 -316655 207587 13
136797 121612 207589 20
116623 -198833 207597 17
120743 83653 207625 19
106488 -244452 207635 14
114109 -244627 207654 14
123518 -318732 207683 13
106783 -276839 207706 10
113752 -361041 207730 9
113307 -439772 207733 8
171781 82399 207753 19
173244 -246994 207802 14
147940 -363108 207815 9
186440 -247347 207835 14
178440 -445417 207896 8
158296 -520356 207903 3
221341 -363204 207999 9
255711 -285099 208079 10
227999 -379875 208356 16
252557 -331617 208376 11
188905 -496762 208387 21
269227 -291039 208396 4
200021 -454929 208429 15
165338 -532926 208458 20
140542 -456219 208578 15
201844 109022 208625 3
116775 -382845 208634 16
103163 -383317 208668 16
121901 -220649 208692 12
203635 68224 208693 0
139696 -11192 208707 7
110769 -335953 208730 11
157275 26237 208740 2
135513 103788 208789 3
107839 -294104 208799 4
123268 67499 208894 0
34961 -340391 208920 11
47480 -12946 208937 7
29296 97796 209054 3
27721 18881 209064 2
30704 -57841 209066 1
14701 18360 209097 2
-22232 -183204 209124 5
-61455 -183542 209222 5
-10667 63256 209229 0
-52973 96373 209260 3
-118167 -246273 210250 17
-39622 78786 210388 20
27058 77950 210555 20
6341 -250071 210562 17
-355 -275394 210608 14
27949 -43218 210622 18
58988 -4207 210635 24
44798 -365614 210726 13
117911 72325 210782 20
124163 -5705 210797 24
119815 -251913 210845 17
94695 -368770 210851 13
121546 36444 210867 19
75341 -333732 210868 10
75364 -411442 210874 9
114761 -279666 210896 14
99508 -335256 210928 10
133095 -369017 210947 13
110713 -335945 210956 10
124516 -413224 210997 9
147471 -338410 211048 10
156142 -414918 211076 9
167847 -339187 211100 10
186414 -417368 211151 9
188826 -496765 211162 8
277427 68670 211181 20
177307 -570008 211191 3
255704 -285073 211248 14
226161 -419511 211251 9
253210 -339644 211312 10
252370 -427169 211535 16
199327 -549192 211601 21
253268 -339708 211675 4
228023 -380073 211677 11
194914 -508990 211682 15
256304 61399 211736 3
200302 -259996 211736 12
172277 -383061 211816 11
134766 -428127 211829 16
152601 -261991 211855 12
145818 -262020 211872 12
168571 -340848 211887 4
170919 60470 211941 3
116692 -382848 211955 11
125470 -221475 211995 5
118169 -341385 212013 4
83871 -385633 212037 11
76363 -386152 212056 11
96909 -21744 212131 2
70859 -22726 212196 2
30782 -57834 212219 7
58158 53636 212222 3
52842 -23608 212242 2
19413 -226848 212260 5
72719 14531 212261 0
38192 -24734 212280 2
17087 53317 212325 3
12161 -26017 212343 2
26733 13846 212376 0
-39249 -151955 212398 6
-39738 -231288 212408 5
-61322 -231530 212462 5
-73857 -231926 212493 5
-113363 -267413 212520 12
-69567 -207010 213557 22
-50359 -207895 213605 22
-2885 -209290 213724 22
27972 -43207 213797 24
75448 29318 213916 20
46879 -8881 213921 19
34907 -340390 213936 14
75830 -299398 213975 17
75358 -411398 214043 13
130182 27759 214053 20
59571 -375259 214068 10
96037 -341436 214089 14
157124 26183 214120 20
124478 -413216 214166 13
110672 -377046 214196 10
156236 -414913 214245 13
138363 -379250 214265 10
140417 -456183 214276 9
212110 -306805 214316 17
186501 -417374 214322 13
176020 -539757 214370 8
242487 -308151 214392 17
226315 -419489 214420 13
228019 -380069 214489 10
278178 -311397 214781 12
252257 -427179 214856 11
185030 -630918 214891 20
178091 -584317 214894 21
199478 -549185 214910 15
193608 -474148 214922 16
219394 -313526 214928 12
212536 -390567 215017 4
210565 -268307 215022 5
204364 -390692 215038 4
177339 -269232 215105 5
149484 -432475 215113 11
159049 -270220 215151 5
132568 -433664 215156 11
139719 -395577 215199 4
108208 -315077 215206 12
116603 -198712 215256 6
91070 -435392 215259 11
85419 -316643 215263 12
108639 -270695 215277 5
101775 -270851 215294 5
93957 -397282 215314 4
74168 8674 215422 3
45299 6750 215494 3
758 -198261 215538 6
-269 -275373 215549 5
-104404 -257647 216710 22
-47367 -180200 216848 23
3142 -258495 216979 22
-17640 -138434 216988 18
24640 -21269 217029 20
27540 -57680 217112 19
34841 -340384 217113 17
59917 -22516 217117 20
30696 -57830 217120 19
70776 -22814 217144 20
79611 -340668 217225 17
105231 -261737 217234 22
59552 -375256 217238 14
96157 -341475 217266 17
78241 -418671 217355 10
110706 -377040 217366 14
158900 -264636 217368 22
175573 -265695 217410 22
144658 -469219 217456 13
164817 -424724 217571 10
176719 -514390 217607 9
227911 -380055 217659 14
252299 -427140 217790 10
264594 -357015 218055 12
278159 -311405 218093 5
184904 -630898 218117 21
201669 -513622 218142 16
227584 -357317 218148 12
176772 -514302 218204 16
230865 -438738 218211 4
219374 -313459 218240 5
166471 -479691 218311 11
185291 -234412 218317 6
158623 -360293 218320 12
163276 -440135 218380 4
113837 -361012 218432 12
131597 -238698 218451 6
121941 -238872 218475 6
113286 -439770 218505 4
44771 -365596 218605 12
47017 -42196 218730 3
28159 -43197 218777 3
-195 -242376 218781 6
-30523 -172151 218852 7
-40409 -245631 218881 6
-83124 -249136 218988 6
-66861 -188672 220105 18
-40029 -220144 220106 23
-17631 -138430 220163 24
70099 -311067 220386 22
62975 -395889 220423 17
93867 -397247 220500 17
122630 -225548 220513 23
90895 -435374 220556 14
154606 -399786 220652 17
151549 -436416 220708 14
158292 -520266 220730 13
215661 -312820 220750 22
144727 -469210 220761 10
172457 -559606 220837 9
252717 -314388 220843 22
230759 -438753 220906 14
204488 -560337 220917 9
281507 -282126 221316 6
240749 -398761 221355 12
203109 -572995 221379 16
221407 -363195 221475 5
186265 -528162 221501 11
172991 -402391 221524 12
150281 -403052 221581 12
156935 -486785 221636 4
151052 -366478 221651 5
173194 -246989 221670 1
107015 -404927 221689 12
121557 -291008 221716 6
116670 -198846 221724 7
105688 -368661 221765 5
94107 -290846 221785 6
94608 -368761 221792 5
84838 -290781 221808 6
63357 -370191 221870 5
5529 -253385 222089 1
-50437 -207885 222142 7
-104355 -257608 222364 1
-113308 -267358 223163 23
-66801 -188618 223280 24
-61222 -231435 223359 18
-40770 -150159 223421 19
-357 -275360 223446 23
52047 -360358 223581 22
103991 -274713 223706 23
91023 -435425 223733 17
113674 -361034 223735 22
116569 -198796 223738 24
106431 -244332 223789 18
114037 -244600 223808 18
148094 -363115 223821 22
153590 -276193 223830 23
151651 -436399 223885 17
173215 -246922 223951 18
151853 -566453 223954 13
156836 -486780 223961 14
156551 -566834 223966 13
186412 -247324 223983 18
158400 -520258 224035 10
221939 -441428 224065 17
255789 -284968 224096 23
253368 -339472 224640 6
199963 -454927 224697 12
202714 -578078 224700 11
217754 -414481 224724 5
200329 -259952 224755 7
193741 -537336 224784 4
183837 -537714 224809 4
159134 -578397 224809 11
171376 -537778 224840 4
168671 -340779 224843 6
140598 -456197 224845 12
152674 -261869 224874 7
157179 -415809 224876 5
145898 -261994 224891 7
118132 -341381 224965 6
122106 -220494 225028 2
78222 -418646 225073 5
76067 -299476 225153 1
-31268 -262318 225334 7
-22290 -183242 225458 0
-113314 -267354 225539 7
-61551 -183558 225556 0
-101561 -240145 226433 24
-64655 -240738 226525 24
-39915 -241437 226587 24
-357 -242320 226686 24
-16086 -201851 226723 19
66060 -402188 226856 22
89851 -324034 226911 23
77821 -290691 226946 18
106542 -244510 226953 24
107100 -404926 226959 22
84933 -290753 226964 18
114040 -244578 226972 24
94108 -290836 226987 18
127967 -324748 227006 23
121323 -291060 227055 18
171042 -248770 227115 24
156862 -486689 227138 17
188252 -325515 227157 23
209504 -411452 227215 22
165325 -532827 227222 14
151819 -566302 227259 10
269136 -291038 227823 7
228052 -380044 227930 6
194981 -508871 227949 12
179124 -508940 227989 12
189971 -467871 228034 5
177978 -584290 228064 4
172309 -383022 228069 6
193722 -265305 228089 2
167726 -468795 228090 5
175759 -265704 228134 2
144827 -469232 228147 5
116889 -382813 228208 6
139710 -265805 228224 2
99222 -302267 228248 7
83706 -385615 228293 6
76206 -386168 228311 6
102008 -346637 228328 1
122664 -225541 228336 0
19224 -226875 228594 0
-46969 -194397 228685 3
-39714 -231383 228742 0
-118056 -246282 229708 19
-69496 -207002 229754 20
-50472 -207846 229801 20
-2931 -209284 229920 20
-10795 -251371 229976 19
59564 -375223 230075 23
84805 -290743 230139 24
94091 -290824 230162 24
95887 -375003 230166 23
75379 -333716 230180 18
121298 -291016 230230 24
99548 -335245 230241 18
110709 -335940 230269 18
140427 -456195 230282 22
147503 -338579 230361 18
181195 -374644 230380 23
162632 -545891 230392 17
156246 -256418 230394 19
167805 -339431 230411 18
159126 -578345 230447 14
214312 -297644 230463 24
191370 -258012 230482 19
184869 -630916 230582 10
253243 -339680 230625 18
264495 -357029 231100 7
252428 -427155 231109 6
278355 -311377 231118 2
199471 -549165 231178 12
227501 -357305 231189 7
201478 -513623 231245 5
219476 -313458 231265 2
184867 -630914 231286 4
176605 -514383 231307 5
185326 -234398 231344 3
158489 -360289 231355 7
210551 -268258 231356 0
149497 -432470 231366 6
132427 -433632 231409 6
113681 -360991 231463 7
131729 -238660 231478 3
158950 -270196 231485 0
121796 -238938 231503 3
91125 -435301 231512 6
108151 -315100 231543 2
85290 -316653 231600 2
103963 -274474 231623 0
-160 -242334 231808 3
-60321 -242847 231958 3
-118091 -246241 232103 3
-104332 -257587 232907 20
-31225 -262248 233089 20
34823 -340327 233254 24
78228 -418638 233362 23
79642 -340667 233366 24
97945 -340843 233412 24
76212 -386149 233422 18
118068 -341380 233462 24
94967 -386468 233469 18
99257 -302241 233491 19
139592 -265702 233516 20
156042 -503153 233561 22
164959 -424758 233579 23
143611 -386527 233591 18
159736 -580755 233625 17
161043 -387462 233634 18
204273 -390668 233743 18
184927 -630881 233751 14
211973 -306786 233773 19
252202 -427139 233797 23
242462 -308124 233849 19
281411 -281964 234360 3
240715 -398760 234374 7
248919 -358995 234431 2
201684 -483622 234476 6
190676 -563749 234512 5
184620 -483903 234519 6
172969 -402397 234544 7
150290 -403028 234600 7
151746 -566208 234609 5
158539 -360270 234657 2
107137 -404901 234708 7
128024 -324749 234802 0
83693 -364678 234844 2
44883 -365572 234941 2
62983 -395743 236577 24
70123 -311112 236583 20
63818 -351687 236643 19
90946 -435422 236699 18
144739 -469208 236768 23
162028 -396901 236816 24
172441 -559589 236842 22
151590 -436396 236851 18
184970 -630896 236928 17
240856 -398744 237009 24
222089 -441604 237027 18
227534 -357282 237052 19
230771 -438682 237639 7
187926 -524161 237750 6
209463 -411447 237770 2
163440 -439986 237807 7
189525 -330988 237814 3
157669 -412034 237899 2
159635 -371630 237963 0
124520 -413214 237982 2
110948 -335909 238010 3
104854 -372025 238100 0
59647 -375218 238213 0
52137 -360382 239778 20
90945 -435421 239874 24
91402 -398814 239952 19
126625 -364163 239964 20
151624 -436382 240026 24
160886 -516496 240049 23
139568 -401612 240072 19
156842 -486658 240104 18
172866 -402375 240155 19
221955 -441603 240202 24
202713 -578027 240953 6
228087 -379912 240957 3
188812 -496747 240984 7
200066 -454877 241033 2
230387 -418892 241039 0
159838 -580747 241061 6
179189 -538837 241095 1
172200 -383033 241097 3
171757 -420990 241180 0
140458 -456190 241182 2
116660 -382847 241236 3
76150 -386111 241338 3
102292 -422189 241347 0
84506 -422776 241391 0
75341 -411381 243076 20
124525 -413211 243199 20
151709 -566240 243266 23
156105 -414906 243278 20
156743 -486615 243279 24
133347 -450164 243297 19
165408 -532914 243365 18
252422 -427126 244137 3
199316 -549172 244198 7
184934 -630880 244238 6
194954 -508972 244286 2
190096 -467837 244367 0
149700 -432442 244393 3
167784 -468848 244423 0
144832 -469200 244480 0
171230 -537775 246555 24
159711 -580730 246591 18
199341 -554790 247515 2
193500 -474253 247524 3
201703 -513548 247578 0
176597 -514373 247641 0
178010 -584231 249812 24
179145 -508933 249815 20
185017 -630876 249894 18
199242 -549158 249941 19
180753 -647191 250724 7
187832 -524194 250778 3
190732 -563745 250846 0
172622 -559602 253039 20
203078 -572985 253980 3
180792 -647189 256375 19
