29
75241 132717 55 13
76195 132696 58 13
-56269 523470 62 7
-56531 523447 63 7
-57941 523340 68 7
-57573 60769 431 23
143670 184361 453 4
66201 211735 502 10
191518 182243 569 4
-3704 86524 664 17
190797 84439 926 12
189123 84399 930 12
60601 80182 933 17
164878 82760 986 12
124436 47038 1053 23
114850 76214 1160 17
116209 76105 1166 17
165801 46649 1197 23
61645 80770 1228 12
60787 80725 1230 12
178357 571800 1330 28
178055 571788 1331 28
145273 280035 1393 20
173592 69427 1406 17
174956 69269 1412 17
116465 279435 1494 20
115317 279391 1498 20
-54740 72474 1501 12
-55621 72442 1503 12
