3397
-60373 522506 76 7
221938 305771 92 2
156965 204195 115 1
37980 191575 187 4
-4742 496305 212 39
-40583 171595 235 6
-44326 495191 305 39
212391 198284 319 1
-71858 493112 372 39
-68341 94332 396 17
129906 185563 410 4
115605 495023 463 11
153335 184452 467 4
-45455 53540 471 23
62037 218071 493 10
-12081 51083 582 23
-12895 90365 626 17
131238 215523 642 10
5625 50700 642 23
160965 491375 648 11
6104 88794 705 17
162819 213153 711 10
186666 491834 752 11
38746 49654 757 23
191972 212847 773 10
195739 490668 789 11
50743 49350 798 23
204063 489820 823 11
41866 86466 855 17
67496 48750 856 23
243797 209880 885 10
196432 76952 913 12
12575 26297 929 33
110261 46353 1004 23
128008 72605 1073 12
117939 72181 1096 12
104572 26172 1148 33
205350 297092 1181 20
122225 25339 1190 33
175265 41273 1229 23
45797 71506 1265 12
195719 575702 1271 28
156650 22937 1272 33
163057 295705 1330 20
9674 70870 1350 12
-45326 53531 1404 32
66434 303074 1406 25
182707 74338 1444 17
-35497 69607 1456 12
100147 300752 1512 25
-34902 457125 1520 38
-12057 51189 1528 32
106472 291725 1529 20
5562 50752 1593 32
127707 300098 1599 25
73534 291119 1645 20
38685 49664 1717 32
-61288 425622 1748 18
50816 49316 1762 32
196192 297460 1815 25
67540 48746 1824 32
277365 68590 1840 17
204535 297123 1841 25
110310 46284 1983 32
60393 218719 2007 26
204299 449796 2031 38
50133 313956 2033 24
224172 422190 2064 27
223993 422180 2065 27
72340 311917 2116 24
228503 450194 2126 14
110498 216801 2134 26
152732 485397 2149 31
63002 418844 2178 18
131259 215509 2187 26
157282 548365 2194 15
199989 420342 2202 27
199807 420324 2203 27
201557 279655 2218 5
175349 41250 2225 32
204347 449849 2241 14
106157 308745 2243 24
191753 213008 2340 26
-40587 171620 2354 22
125164 417301 2393 18
120668 276667 2401 5
-26833 138070 2407 9
162508 415399 2416 27
152960 446047 2484 14
33196 269130 2485 2
175656 304788 2503 24
158353 415302 2508 18
144423 413523 2519 27
64940 274009 2527 5
29302 137063 2527 9
61504 267270 2546 2
-64866 78278 2548 21
-50449 77747 2605 21
128501 412157 2610 27
118520 265674 2670 2
208523 412933 2682 18
104080 134990 2686 9
128544 264943 2691 2
106195 443251 2706 14
-61391 414657 2745 16
218421 442577 2746 34
55722 164465 2753 22
213857 442223 2758 34
45449 -2106 2795 3
222499 451149 2833 39
11986 73073 2854 21
83380 164663 2868 22
83219 407939 2869 27
89179 -3442 2902 3
144345 439491 2936 34
124044 -5766 2987 3
45837 71509 2989 21
57282 405791 3017 27
-40589 171643 3065 10
48996 405415 3065 27
131974 164031 3070 22
354 405893 3082 16
540 405874 3083 16
100929 449680 3132 39
223814 315302 3147 0
51002 433876 3177 34
-26811 138208 3249 4
208833 312204 3275 0
59624 171833 3281 10
123177 67383 3297 21
249261 235040 3307 35
83807 170609 3333 10
48632 400895 3346 16
96388 169814 3360 10
29317 137070 3385 4
195592 311211 3388 0
128852 169830 3430 10
-31872 450106 3458 39
-61204 425700 3499 14
-61412 425676 3500 14
-63262 449394 3535 39
183178 65446 3536 21
176600 307273 3551 0
104200 134917 3567 4
102955 394232 3643 16
-64978 78317 3678 13
-50626 77751 3723 13
198218 469048 3803 7
145971 304234 3812 0
256126 61377 3827 21
195459 122249 3829 29
195245 122243 3830 29
278972 59865 3918 21
163990 118867 3967 29
151137 469206 3973 7
175451 41328 3997 12
11984 -25983 4006 33
121918 304099 4018 0
52669 -26033 4103 33
97124 221309 4176 35
113601 116217 4188 29
204002 390319 4195 16
92720 -28927 4201 33
100337 300768 4202 0
100119 300765 4204 0
99111 -29073 4216 33
-52188 416358 4247 38
126725 68952 4279 13
74360 220722 4306 35
-5242 415147 4347 38
-26813 138122 4368 1
236044 388153 4370 16
62150 218315 4379 35
78856 295480 4386 0
68616 293930 4474 0
40627 107600 4508 29
9976 135723 4509 1
2112 460157 4511 7
22899 107284 4586 29
-34744 457190 4644 7
-6601 103744 4715 29
66114 131575 4724 1
-60389 456187 4737 7
277581 68563 4766 8
212246 406990 4811 38
-33898 103746 4835 29
-61418 101969 4956 29
-61328 425897 5013 11
149852 125471 5045 1
-69388 103466 5080 9
213067 243775 5124 5
24583 -21363 5192 23
195260 122266 5219 1
183381 65468 5219 8
146986 243081 5274 5
52789 -23430 5293 23
59570 171852 5294 26
58146 99225 5352 9
83674 170690 5355 26
65097 226640 5359 2
199533 500646 5376 15
96267 170031 5387 26
54874 242257 5458 25
61026 239027 5468 5
117364 227161 5472 2
146130 166881 5514 26
63100 418840 5518 11
118239 58558 5532 8
170248 165358 5575 26
248014 225224 5594 20
192694 223473 5635 2
201409 97473 5657 9
195799 510264 5664 28
142610 234454 5737 25
173959 508489 5738 28
243657 220881 5746 2
192870 223443 5789 20
130035 414641 5790 11
151633 507821 5814 28
58141 53635 5821 8
144471 413528 5849 11
-17026 132905 5909 10
35680 51117 5929 8
12613 130843 5973 10
133911 218797 5996 20
225920 408312 6009 39
243032 396004 6022 34
212355 407158 6043 39
84268 502018 6047 28
247956 225394 6067 25
5800 50696 6073 8
110556 216822 6078 20
216884 410055 6143 11
90721 215096 6148 20
-10816 48432 6154 8
157674 407287 6177 39
172363 393750 6204 34
136682 121561 6240 10
45465 -2105 6293 17
94387 401778 6340 39
-4743 496469 6348 28
115560 389698 6351 34
193145 119598 6362 10
-69405 103472 6364 4
196443 76967 6410 6
62939 401653 6414 39
11999 -26059 6435 32
1038 359669 6448 18
48724 400884 6448 39
5037 359440 6462 18
89365 -3439 6476 17
-44368 495193 6478 28
64164 388469 6483 34
-71673 493137 6571 28
29166 97790 6610 4
124163 -5777 6622 17
-6364 383804 6665 34
64256 354932 6667 18
92712 -29149 6735 32
127915 72653 6810 6
111075 94612 6814 4
118944 353431 6856 18
118015 72185 6868 6
117846 72175 6869 6
130717 -32507 6877 32
140185 94094 6887 4
54958 242260 6905 24
135644 352010 6914 18
-6473 383805 7001 37
145793 -14615 7101 12
140661 -14954 7113 12
25962 -53509 7118 33
77053 456142 7152 30
44656 370896 7217 38
27386 377994 7220 37
27529 377995 7221 37
142555 234220 7233 24
230212 348246 7241 18
53535 64843 7245 6
94228 369190 7322 38
48039 -19950 7330 12
34046 63169 7359 6
33800 -20721 7364 12
24675 -21358 7385 12
56802 378374 7411 37
287457 347193 7439 18
17106 61853 7458 6
158349 367744 7459 38
192907 366183 7533 38
79130 373618 7560 37
-68262 94346 7616 22
247770 225186 7627 24
-18438 58420 7666 6
97214 372411 7670 37
-35562 55940 7766 6
-23701 92852 7801 22
-42526 55328 7807 6
122764 372052 7835 37
126842 371880 7861 37
-53636 67773 7877 9
6107 88795 7925 22
-5681 66601 7979 9
875 66288 7993 9
286633 356165 7993 14
286428 356135 7994 14
234634 205083 8008 5
158289 367756 8064 37
158454 367749 8065 37
41878 86526 8073 22
53406 64871 8105 9
45564 -2087 8151 21
169523 202074 8155 5
64588 185763 8163 2
145635 200583 8209 5
193485 437969 8210 30
199182 437624 8262 30
112062 183164 8266 2
201743 281883 8269 36
201622 281870 8270 36
192012 365356 8282 37
96508 85564 8300 22
245752 401822 8310 7
94227 198811 8325 5
89271 -3428 8325 21
149576 182126 8347 2
170798 60457 8355 9
229510 399941 8369 7
202133 352927 8393 14
120691 83619 8401 22
48174 198346 8430 5
189004 180363 8433 2
1448 122583 8436 26
189731 351830 8452 14
124133 -5775 8464 21
136628 82286 8467 22
189660 398008 8513 7
272103 56590 8571 9
-68306 94348 8592 10
149192 396647 8659 7
90843 120836 8663 26
-23639 92798 8688 10
192361 74887 8698 22
135896 351984 8707 14
131251 395975 8724 7
103163 394291 8825 7
163903 118860 8848 26
128261 266134 8853 36
86117 392918 8887 7
286455 356108 8891 37
91384 349849 8918 14
75467 392475 8925 7
118712 265782 8928 36
96527 85565 8947 10
120808 83802 8999 10
63836 346873 9049 14
102764 263683 9055 36
171781 82399 9109 10
49163 345563 9118 14
251852 361630 9130 39
-6312 383865 9220 7
-53583 67778 9231 1
287501 347101 9248 34
198440 357177 9261 39
-42189 442131 9279 15
-31121 65316 9317 1
66916 261378 9340 36
243834 344899 9360 34
-10714 63055 9396 1
234228 310127 9412 27
127503 355751 9435 39
33600 180508 9479 25
195721 343708 9484 34
16967 61866 9502 1
186234 343178 9509 34
95984 355172 9513 39
70872 353001 9577 39
144913 340166 9615 34
-45416 53543 9656 4
162898 35688 9656 29
112392 337661 9699 34
180955 307128 9716 27
5601 50718 9783 4
144377 176292 9828 25
119107 32382 9848 29
38739 49669 9866 4
118117 58546 9889 1
50843 49347 9896 4
145942 304111 9916 27
175626 174273 9927 25
67603 48752 9938 4
218230 442599 9981 28
46956 330092 9985 38
213865 442228 9996 28
147032 55321 10000 1
81242 31691 10014 29
110304 46340 10044 4
180254 53038 10127 1
100304 300758 10177 27
144463 439509 10231 28
24591 23863 10263 29
30765 -57892 10406 12
175705 155236 10412 20
271555 46502 10477 1
150185 154033 10502 20
66360 290444 10525 16
50941 433880 10548 28
128454 152113 10579 20
88152 289664 10644 16
38771 341203 10688 11
14707 18190 10786 9
19952 17918 10797 9
65253 146539 10802 20
54143 145862 10840 20
125150 287702 10846 16
57167 17403 10876 9
44918 143134 10926 2
59341 142072 10957 2
112473 337398 10987 11
154223 286400 11005 16
86181 142313 11015 2
193220 119622 11033 35
37346 286787 11058 18
131449 336877 11064 11
175654 155246 11073 5
45177 286247 11085 18
56127 285815 11123 18
150104 154038 11131 5
143924 142462 11140 2
173363 117691 11146 35
170972 117241 11160 35
184819 285801 11172 16
187347 139300 11234 2
60911 152661 11333 5
-40306 168321 11402 24
137337 282657 11404 18
25390 150974 11413 5
220228 329859 11425 11
-45439 53544 11434 10
164926 281758 11500 18
-11897 51124 11506 10
5664 50706 11544 10
-64901 78319 11557 26
-50624 77773 11593 26
38693 49686 11615 10
201474 279654 11626 18
50768 49392 11641 10
67517 48755 11678 10
130877 -32400 11702 8
38962 341463 11745 31
55798 164471 11762 24
110388 46300 11770 10
45778 71673 11838 26
153483 46654 11863 10
122586 159034 12015 24
123261 67567 12035 26
52525 -38111 12079 8
39614 -39103 12141 8
-16084 -143286 12173 3
183325 65447 12187 26
234194 310135 12357 39
-38987 99500 12360 35
208697 310275 12420 39
159806 309180 12540 39
152542 308807 12558 39
112986 305530 12655 39
66564 303089 12769 39
200472 290015 12812 34
159330 284648 12988 38
125256 287652 13006 34
97674 285570 13077 34
220378 329799 13081 7
-48024 -153613 13099 33
45365 6726 13114 4
172553 328767 13253 7
115478 5039 13289 4
-45614 121486 13317 25
-38300 120845 13340 25
-25710 119750 13380 25
45299 6750 13465 22
-69281 103470 13484 2
104402 323644 13499 7
12011 -26043 13543 9
-33961 103750 13560 2
41604 118451 13592 25
-6415 103745 13620 2
70882 320344 13620 7
58432 -26671 13642 9
98985 -28824 13729 9
58211 99275 13760 2
113539 116132 13819 25
-42417 -151769 13929 23
-39366 -152069 13940 23
201905 109012 13946 5
168646 113790 13993 25
193084 98432 14052 2
251311 383966 14262 28
40458 107531 14311 5
227736 382866 14342 28
22748 107315 14351 5
45466 -2076 14423 10
219287 260911 14454 14
-33809 103833 14479 5
28752 -15192 14512 1
89232 -3413 14517 10
176336 378377 14522 28
203882 259367 14527 14
39305 -16187 14553 1
-69394 103507 14560 5
158895 377112 14580 28
155580 376944 14591 28
128544 -4819 14602 10
178368 258702 14648 14
137944 376030 14649 28
133613 375935 14664 28
162522 147445 14748 0
162307 147430 14750 0
91022 -20824 14751 1
146474 254381 14799 14
80556 371960 14841 28
47080 -42207 14862 6
196406 76974 14903 20
144059 142744 14907 0
44847 370925 14962 28
28093 -43264 14973 6
100612 254584 15017 14
286485 356109 15024 15
24459 23900 15073 26
117304 137280 15134 0
77387 250932 15135 14
127865 72614 15144 20
117903 72187 15179 20
-66824 -188796 15225 3
202051 352932 15238 15
104330 134940 15245 0
52114 249266 15247 14
106774 22274 15282 26
-28363 -189782 15320 3
7848 -192469 15408 3
39232 66056 15456 20
73253 246072 15568 38
66293 131509 15570 0
219240 260860 15578 39
203806 259565 15617 39
60351 218767 15622 18
-10563 63254 15632 20
105584 245503 15637 38
116501 -198925 15675 3
178470 258704 15679 39
147129 243096 15725 38
52165 249428 15741 37
201715 281885 15762 31
41372 125309 15783 0
110559 216830 15796 18
119706 256225 15823 39
131271 215516 15868 18
73234 246077 15877 37
-39684 -159683 15879 32
30658 -57889 15920 29
79707 255162 15921 39
152231 213652 15940 18
21841 125003 15950 0
64181 254275 15959 39
59865 254274 15970 39
162673 213019 15976 18
-9818 -160466 15990 32
50924 261564 16005 11
66191 261376 16067 11
105721 245539 16086 37
-73737 -197752 16116 33
212956 243561 16120 34
1667 122578 16123 0
-69456 103509 16147 24
120498 243686 16182 37
64800 273909 16248 31
-16133 -201920 16253 33
243713 209898 16257 18
146995 243085 16290 34
26019 -53507 16298 4
-52832 65217 16325 2
27595 -57684 16340 9
146949 243134 16352 37
-25509 119797 16355 0
-25630 119777 16356 0
-10617 63105 16416 2
17086 61875 16476 2
61290 239155 16511 34
29118 97823 16516 24
176779 254451 16517 11
182043 254245 16538 11
-9683 -160452 16571 12
-50868 115717 16572 0
-51113 115711 16574 0
132146 -211049 16605 33
188012 -231281 16625 19
-34509 -162244 16629 12
205151 251827 16632 11
118152 58563 16695 2
277549 68566 16707 5
-48095 -153605 16746 17
166790 55594 16800 2
111189 94524 16824 24
230944 202423 16836 27
203625 68105 16874 5
146066 -237610 16945 19
145930 -237621 16946 19
145010 92657 16950 24
247828 225168 17003 37
134619 -240567 17033 19
132656 65268 17035 5
276439 50125 17038 2
184789 198294 17100 27
15583 -36452 17152 10
114243 -244413 17188 19
114004 -244473 17190 19
34504 -37863 17193 10
166605 196521 17204 27
53343 64901 17214 5
52319 -38104 17231 10
106636 -244501 17246 19
106411 -244539 17248 19
143603 194739 17336 27
-10654 63123 17359 5
-42781 55314 17415 25
37956 191689 17452 16
16959 53266 17603 25
219321 260946 17763 7
64716 185779 17786 27
203829 259370 17819 7
111938 183237 17856 16
178376 258713 17911 7
34984 182000 17956 27
5524 -253402 18018 19
5412 -253407 18019 19
153442 46656 18034 25
149503 182132 18061 16
-48061 -153607 18105 21
119865 256050 18122 7
100541 254592 18192 7
188946 180370 18277 16
-31184 -262370 18298 19
-74118 -214178 18304 23
64155 254307 18323 7
12160 -26065 18331 26
59720 254289 18339 7
-84168 -237972 18359 3
98095 204727 18384 38
-40483 171678 18387 27
-34463 -214616 18441 23
58545 -26694 18449 26
-47210 -237949 18450 3
-11072 -216938 18524 23
169346 202060 18536 38
-9101 -239715 18543 3
98997 -29072 18552 26
195421 122250 18605 36
-16025 -143225 18639 8
247967 225188 18692 39
135934 300857 18695 15
223719 315301 18749 28
173528 117730 18779 36
173262 117689 18781 36
170960 117249 18799 36
106411 -244537 18826 3
114154 -244668 18845 3
159568 217868 18909 39
-113185 -267438 18924 19
131206 215530 18979 39
121903 -220688 18982 23
171104 -248691 18985 3
142898 312899 19023 28
-136599 -248952 19045 33
128025 312051 19074 28
90755 215125 19078 39
107615 310867 19143 28
-83201 -249164 19172 33
59171 -4193 19205 35
58988 -4207 19206 35
78845 309012 19240 28
110855 273964 19241 30
113889 109569 19252 36
14795 18209 19276 2
19819 17846 19287 2
60645 308010 19302 28
116622 -198905 19310 12
-14695 -252225 19335 33
-4021 -252345 19360 33
57232 17378 19368 2
222836 192128 19435 34
188994 190532 19522 34
155835 189293 19608 34
-16128 -201906 19621 12
134742 188401 19662 34
128906 -258140 19676 33
-68325 -204749 19743 12
157693 -259165 19744 33
115546 5058 19751 20
-40214 168170 19759 18
40548 107572 19834 36
64678 185775 19843 34
200482 -260062 19846 33
157218 26124 19911 5
65461 3154 19927 20
20537 163370 19969 18
122305 25420 19990 5
203793 259498 20095 30
78985 160042 20171 18
33039 20912 20192 5
-6408 103874 20207 36
-6534 103869 20208 36
122530 158822 20322 18
-38935 99504 20465 36
-101446 -239705 20502 32
175562 155250 20505 18
-52930 96507 20576 36
-56196 96299 20602 36
-64691 -240907 20634 32
-68100 94359 20697 36
-39907 -241451 20723 32
178170 172831 20791 14
-331 -242422 20865 32
128998 169818 21024 14
55754 164478 21057 38
102231 167932 21151 14
133268 160640 21222 38
106462 -244538 21248 32
12604 26300 21308 24
131534 -246719 21338 32
55799 164491 21371 14
171014 -248792 21480 32
28990 161436 21498 14
144344 176340 21653 11
-42286 -151783 21718 9
-39454 -151925 21724 9
175549 174395 21780 11
45487 -2066 21781 25
-39207 -152048 21911 29
-39427 -152062 21912 29
77757 -290830 21933 3
84956 -290826 21950 3
-48000 -153387 21950 29
93980 -290843 21972 3
-101295 -239729 21982 17
124049 -5756 22029 25
121312 -291101 22039 3
178139 172836 22048 39
12209 -26055 22076 2
-64644 -240906 22128 17
52633 -26029 22163 2
129016 169865 22169 39
188022 -231264 22178 12
188176 -296600 22203 3
-39955 -241448 22226 17
102287 167935 22234 39
99182 -28977 22264 2
214335 -297669 22267 3
55932 164493 22348 39
-310 -242420 22384 17
268626 -299714 22401 3
222869 192137 22429 7
20627 163385 22435 39
189043 190537 22551 7
-42373 -151777 22591 4
60318 -293430 22592 33
-39249 -151955 22599 4
-297 -242417 22619 12
155803 189361 22671 7
107839 -294104 22704 33
134796 188444 22747 7
-60511 -242934 22760 12
-9653 -160384 22773 6
106589 -244512 22816 17
114046 -244640 22847 17
187258 139303 22867 34
145864 -14560 22869 5
140553 -14896 22881 5
-118055 -246428 22895 12
188238 -296622 22895 33
-34508 -162441 22918 6
131488 -246645 22920 17
214360 -297668 22957 33
-351 -275479 23044 23
117278 137419 23047 34
171041 -248786 23086 17
268611 -299713 23086 33
48131 -19937 23090 5
35024 182007 23107 7
-85223 -227791 23120 21
33688 -20720 23123 5
24577 -21299 23144 5
212889 243767 23195 28
29426 137068 23274 34
-39738 -231288 23301 21
9814 135755 23324 34
-45599 121509 23471 37
-45460 121492 23472 37
-38352 120638 23518 37
-25653 119771 23600 37
80991 237269 23628 28
67210 122842 23845 38
-42292 -151764 23857 22
-39348 -152115 23869 22
112798 -240201 23909 21
-68328 94355 23953 16
268605 -299618 23974 23
134415 -240725 23995 21
41672 118468 24034 37
41814 118436 24035 37
163930 118865 24051 38
-43344 -227752 24059 13
45765 117677 24061 37
55427 116988 24123 37
-68341 94389 24146 18
-4709 -229886 24180 13
-39730 -159682 24181 1
125604 -221453 24189 8
125402 -221477 24190 8
-23646 92825 24197 16
-9848 -160404 24295 1
-23704 92860 24300 18
6041 88839 24359 16
-66865 -188766 24429 9
192507 74976 24462 27
192341 74958 24463 27
113390 116134 24497 37
-28183 -189779 24511 9
182965 74362 24516 27
41994 86737 24536 18
41909 86485 24555 16
30691 -57885 24613 20
19403 -226915 24700 8
96589 85631 24718 18
120738 83650 24800 18
-4775 -229939 24816 8
128007 72654 24830 27
168614 113808 24853 37
96485 85632 24854 16
136614 82309 24855 18
118018 72200 24887 27
-39547 -231407 24983 8
120743 83653 24986 16
282792 -273050 24991 12
-50159 -232705 25034 8
201887 109013 25068 37
136681 82330 25073 16
79487 -340616 25113 3
212013 -276270 25157 12
195288 122267 25190 39
118164 -341403 25208 3
53530 64911 25256 27
-101346 -239782 25287 8
136785 121568 25334 39
34018 63150 25367 27
192314 74909 25377 16
114979 -279682 25384 12
-39624 -159672 25412 10
91013 120840 25446 39
221689 -344166 25462 3
17088 61882 25464 27
-9795 -160412 25476 10
45796 117424 25557 39
34803 -340453 25609 33
-18474 58434 25667 27
-2650 113258 25680 39
79470 -340669 25715 33
-73647 -197745 25745 4
96109 -341704 25755 33
-35478 56021 25765 27
31149 -318886 25781 32
-42631 55338 25805 27
277385 68568 25842 16
221735 -344144 26053 33
228084 -380120 26212 19
25965 -53505 26212 24
186953 87844 26217 34
163991 87864 26274 34
208838 -380195 26359 19
188096 -325530 26361 32
99260 -29070 26366 0
-34455 84165 26391 38
92903 -29192 26420 0
96649 85636 26441 34
252382 -328606 26600 32
22741 84750 26631 34
172442 -383067 26637 19
172319 -383078 26638 19
65456 -32942 26654 0
160494 -385605 26728 19
-23823 82934 26751 34
143780 -386524 26856 19
192439 75033 26866 14
125475 -221545 26873 29
39604 -39096 26875 0
182850 74337 26911 14
122256 -389603 27020 19
-85048 -227764 27153 9
127855 72621 27172 14
195397 122271 27207 7
118073 72225 27218 14
93882 -397091 27271 19
164007 118874 27320 7
-4750 -229905 27324 9
-4692 -229930 27444 29
113595 116257 27502 7
53493 64958 27524 14
34104 63223 27616 14
33892 63200 27617 14
141596 -234988 27636 9
189000 180378 27653 28
44175 -357807 27682 23
17092 61891 27697 14
40436 107546 27766 7
-84058 -238034 27792 29
144393 176530 27807 28
22770 107367 27830 7
-18405 58483 27865 14
-101356 -239824 27868 29
105704 -360541 27895 23
30952 -319074 27922 17
113823 -361113 27923 23
-6405 103885 27936 7
36141 -319558 27944 17
-35722 55976 27947 14
-42697 55341 27980 14
-33800 103843 28034 7
147924 -363124 28041 23
-30356 -172292 28091 26
59705 171849 28092 28
252512 -331834 28097 12
-73758 -197744 28132 10
179972 -364407 28152 23
-69254 103532 28162 7
89888 -324058 28169 17
-16063 -201882 28256 10
68255 -387588 28262 3
174789 -336557 28279 12
120604 -327286 28297 17
129400 -327675 28334 17
147668 -338532 28343 12
203404 68242 28354 39
122154 -389581 28394 3
126007 -339331 28394 12
-40105 168198 28430 28
60387 -293422 28447 13
96157 -341475 28464 12
166772 154111 28485 15
148080 153386 28532 15
126864 68972 28543 39
132119 -210978 28575 10
189512 -331125 28586 17
204247 -390809 28596 3
53401 64980 28723 39
62946 -395932 28755 33
33890 63377 28771 39
17092 62035 28812 39
93955 -397331 28828 33
252525 -331769 28849 17
-118081 -246198 28876 4
70114 -311221 28902 21
12529 26309 28910 18
-25914 60939 28918 39
-85153 -227759 28972 1
154648 -399921 28972 33
107987 -315110 29053 21
211708 -266108 29057 6
-85074 -227763 29057 22
-36363 -248423 29074 4
-39714 -231383 29146 1
-61237 -231399 29161 22
6341 -250071 29178 4
-50188 -232682 29204 22
106744 22304 29236 18
177320 -269114 29258 6
271691 46521 29330 34
-17526 -138533 29346 20
159010 -270233 29365 6
130958 -32394 29403 36
119807 -252007 29460 4
121534 36672 29487 38
162818 35611 29575 38
239258 -320234 29576 21
104218 -274720 29686 6
276960 -298701 29692 8
276753 -298716 29693 8
126418 41734 29704 34
106437 -244483 29706 1
268876 -299645 29731 8
114010 -244584 29735 1
131500 -246589 29802 1
-127473 -261007 29826 9
112732 -240182 29878 22
171045 -248785 29954 1
134418 -240719 29968 22
-2622 113058 29991 30
212108 -306822 30004 8
52424 -38054 30026 36
39171 66068 30126 31
39692 -39017 30127 36
186497 -247405 30184 22
22869 107542 30226 30
-10681 63125 30303 31
101755 -270896 30315 9
-40711 -150190 30377 2
123680 -318570 30429 8
162001 -273725 30443 9
199006 -274317 30522 9
266680 -275119 30666 9
68213 -387580 30733 32
-118094 -246377 30829 10
36206 -319708 30850 8
-83205 -248997 30904 10
122189 -389542 30934 32
-10730 -251375 31061 10
179195 -394264 31146 32
228034 -380134 31190 12
208676 -380252 31235 12
205562 -396507 31244 32
140202 94104 31290 30
172384 -382930 31322 12
-51136 -221810 31328 26
119814 -251998 31342 10
240766 -398820 31375 32
116775 -382845 31450 12
103171 -383452 31482 12
90902 -435442 31494 3
164128 88051 31525 30
12119 -25840 31531 16
276675 50303 31592 7
151532 -436419 31643 3
157201 26127 31652 39
12552 26314 31654 11
122173 25348 31738 39
58341 -26643 31767 16
122680 -225553 31769 26
230737 -438770 31837 3
135572 103818 31853 15
77021 -425700 31866 33
276748 -298664 31894 29
268620 -299708 31929 29
40821 18779 31938 39
92764 -29185 31943 16
27805 18862 31970 39
163390 50554 32001 7
14862 18195 32002 39
134727 -428232 32003 33
-9628 -160226 32017 5
106759 22339 32037 11
166694 -430176 32079 33
45424 -2064 32088 38
174481 116007 32096 28
130706 -32496 32137 16
212110 -306805 32177 29
89296 -3425 32182 38
110435 46323 32192 7
221216 -433217 32209 33
130920 -32384 32219 27
228901 -433244 32227 33
128527 -4818 32266 38
77024 -425698 32280 23
-52889 96354 32332 15
-56131 96346 32340 15
45427 -2063 32420 37
40351 41663 32445 7
134744 -428230 32480 23
58977 -4250 32507 37
60391 -293385 32543 4
40396 107530 32550 28
123618 -318704 32570 29
166625 -430141 32590 23
107879 -294123 32662 4
52342 -38090 32668 27
-6554 103757 32709 28
39626 -39041 32741 27
96754 -9340 32751 37
221227 -433201 32779 23
188280 -296525 32862 4
214399 -297695 32927 4
31017 -319067 32927 9
36090 -319703 32949 29
139798 -11341 33010 34
139728 -11260 33028 37
268626 -299707 33063 4
-66877 -188748 33126 2
-28428 -189774 33209 2
145738 -14569 33229 14
47383 -13062 33248 34
140683 -15052 33253 14
188084 -325287 33262 9
8029 -192456 33288 2
15569 -36441 33405 18
116638 -198899 33437 20
96851 -21533 33463 14
34483 -37983 33471 18
66063 -402309 33492 17
70848 -22855 33584 14
122111 -220449 33656 35
107036 -405042 33663 17
52694 -23644 33670 14
-66772 -188742 33692 25
43217 -25016 33715 14
-28427 -189764 33813 25
-2913 -209353 33858 20
12205 -26014 33862 14
11985 -26039 33863 14
7952 -192572 33930 25
60534 -293412 34007 10
63124 -395748 34040 21
-60027 -212936 34059 20
209561 -411567 34092 17
107843 -294076 34109 10
93785 -397309 34160 21
252259 -427262 34168 12
188196 -296496 34282 10
214253 -297657 34339 10
166668 -430134 34369 12
154601 -399916 34402 21
268762 -299705 34456 10
-113379 -267464 34459 26
70186 -311226 34533 1
92060 -433455 34543 12
116515 -198911 34664 5
108032 -315164 34678 1
278929 59873 34779 15
27949 -43218 34814 38
263939 59384 34817 15
-83945 -238028 34834 35
184517 -483995 34900 3
31133 -318918 34922 22
-101514 -240066 34934 35
-16139 -201869 34964 5
99152 -29059 34979 39
92931 -29130 34994 39
103993 -274718 35011 26
119089 -275668 35049 26
166830 55611 35063 15
-68338 -204651 35082 5
50634 -30276 35098 39
156740 -486800 35134 33
153602 -276381 35137 26
239284 -320221 35181 1
127902 -324764 35318 22
281376 -282191 35461 26
188166 -325531 35568 22
-66726 -188737 35573 24
34749 -340435 35711 4
-28311 -189754 35717 24
44057 -357795 35718 9
123101 -453424 35755 32
252448 -331682 35835 22
105678 -360525 35850 9
7929 -192637 35853 24
96000 -341690 35864 4
-85052 -227718 35891 2
156972 -362022 35959 9
-43299 -227751 35982 2
182204 -362397 36013 9
-4649 -229897 36065 2
240956 -398797 36096 8
221360 -363244 36096 9
276470 50128 36143 28
221616 -344115 36177 4
116502 -198772 36259 24
121832 -238969 36339 2
203893 -533128 36340 19
173054 -402422 36423 8
150451 -403025 36531 8
153602 46667 36560 28
165430 -532968 36597 19
125549 -404275 36651 8
208851 -380097 36654 6
113410 43274 36696 28
107255 -405040 36739 8
130868 -32267 36797 7
75360 -333742 36832 10
172372 -383110 36866 6
99508 -335256 36884 10
110769 -335953 36909 10
171659 -421002 36921 13
40472 41766 36943 28
26012 -53446 36977 11
147528 -338617 36988 10
167906 -339445 37032 10
65315 -32985 37034 7
156906 -486788 37041 23
159191 -487004 37049 23
240581 -340852 37188 10
15668 -36391 37213 7
116607 -198860 37294 0
95074 -386497 37318 6
199580 -473236 37327 12
186421 -247404 37438 5
68427 -387578 37474 6
140853 -248424 37541 5
120516 -249138 37587 5
-118167 -246273 37618 25
211558 -266251 37666 20
-83096 -249148 37729 25
177215 -269104 37787 20
6458 -250061 37845 5
159018 -270012 37851 20
212648 -390589 37859 29
-10722 -251166 37885 5
204364 -390777 37895 29
-14668 -252217 37945 25
-4043 -252331 37978 25
179370 -394217 38005 29
179130 -394247 38006 29
5510 -253151 38009 25
165355 -532965 38030 3
162001 -396869 38081 29
203874 -533166 38124 3
158326 -520432 38216 33
90066 -324079 38265 26
1691 -210406 38276 0
1453 -210429 38278 0
186887 -521937 38284 33
107076 -404978 38322 29
127998 -324788 38361 26
128912 -258139 38398 25
-121 -275464 38412 20
152727 -260237 38473 25
63065 -395926 38522 9
-29174 -212053 38540 0
93908 -397328 38588 9
252539 -331818 38677 26
154608 -399887 38717 9
-61846 -215799 38819 0
-61963 -215806 38820 0
-349 -275458 38880 2
63042 -395924 39014 4
93753 -397237 39090 4
104098 -274717 39106 2
119005 -275684 39138 2
153645 -276371 39213 2
154699 -399911 39242 4
160284 -490850 39309 17
281562 -282591 39490 2
68230 -387577 39491 1
144672 -469314 39526 21
45765 -370988 39562 10
92037 -374453 39661 10
122324 -389598 39698 1
193424 -474204 39720 21
116724 -198883 39801 36
181400 -374683 39854 10
179157 -394256 39916 1
205580 -396498 40017 1
240770 -398808 40152 1
281811 -282598 40154 5
-127621 -261002 40199 24
201467 -513683 40357 12
240056 -320829 40388 35
176728 -514410 40415 12
-9738 -160376 40429 27
121464 -291119 40517 5
91360 -398748 40544 22
-34484 -162401 40570 27
89702 -292446 40589 5
102196 -400020 40589 22
106534 -400678 40608 22
60456 -293404 40655 5
188241 -325538 40684 35
1703 -210399 40714 36
165351 -532932 40730 32
139568 -401612 40744 22
150360 -403068 40789 22
-29153 -212052 40959 36
101841 -270893 41058 24
96882 -21804 41145 28
103706 -333460 41167 35
103546 -333461 41168 35
159193 -578479 41191 3
-59910 -212884 41203 36
-60030 -212910 41204 36
70899 -22854 41233 28
151819 -566474 41279 33
162017 -273721 41284 24
156508 -566758 41290 33
52701 -23642 41295 28
203718 -582353 41305 3
-73927 -214004 41314 36
38155 -24843 41344 28
91093 -435447 41345 9
179457 -274971 41349 24
12161 -26017 41432 28
45806 -370966 41442 26
208054 -276175 41456 24
151549 -436416 41474 9
151631 -566420 41507 23
156509 -566893 41524 23
230744 -438769 41643 9
281489 -282200 41731 24
30996 -319062 41753 2
227939 -380122 41904 26
123563 -318858 41953 2
252588 -331692 42085 20
-47386 -180244 42156 18
252473 -328485 42232 2
70165 -311215 42301 25
90939 -435430 42315 4
3365 -183646 42332 18
174844 -336537 42359 20
75296 -411303 42418 10
82910 -411882 42435 10
147522 -338580 42455 20
151531 -436306 42466 4
116929 -413048 42508 10
124478 -413216 42524 10
126077 -339296 42531 20
143334 -414649 42565 10
188905 -496762 42577 8
156171 -414940 42593 10
96119 -341644 42636 20
186584 -417301 42661 10
230806 -438768 42664 4
226208 -419530 42744 10
239293 -320197 42834 25
252650 -331674 43153 5
174712 -336551 43329 5
204578 -560613 43385 12
-16746 -170417 43434 34
125989 -339106 43439 5
169774 -561373 43467 12
79591 -340697 43544 5
201731 -483710 43591 29
184649 -484027 43666 29
159055 -486914 43784 29
156935 -486785 44249 9
201619 -483675 44274 6
184962 -630957 44436 33
164917 -489605 44494 6
44268 -357814 44587 2
105551 -360519 44720 2
159011 -578471 44726 17
113737 -361086 44737 2
144636 -469298 44749 1
147940 -363108 44811 2
-16797 -170651 44817 39
84654 -422814 44830 26
180202 -364420 44881 2
199285 -555032 44907 21
203537 -582497 44912 17
199501 -473197 44960 1
156308 -424053 45012 26
165055 -424589 45034 26
-85147 -227697 45107 16
193787 -543580 45116 13
-61222 -231435 45241 16
252226 -427256 45255 26
126884 -456386 45323 10
140557 -456239 45353 10
132175 -210799 45609 14
-69781 -205145 45659 38
34828 -340432 45661 24
156745 -486746 45711 4
96000 -341586 45890 24
132211 -211013 46090 38
184848 -630953 46107 23
228023 -380073 46140 5
106488 -244452 46154 16
208729 -380243 46184 5
156745 -486684 46193 22
113840 -245458 46194 16
1642 -210413 46197 14
159091 -487027 46203 22
195745 -349962 46264 24
167960 -381232 46276 5
131573 -246707 46291 16
45793 -370958 46312 25
-29179 -212033 46343 14
-29393 -212050 46344 14
132279 -211006 46390 34
116692 -382848 46392 5
-118007 -246302 46396 18
103178 -383420 46423 5
92084 -374588 46458 25
95910 -374891 46470 25
-59830 -212878 46488 14
-60047 -212894 46489 14
171122 -248775 46507 16
-83162 -248954 46520 18
-73948 -214212 46555 14
154145 -379651 46654 25
191384 -258030 46685 27
-16649 -170525 46687 7
240819 -398807 46690 20
56 -212367 46731 34
-30523 -172151 46737 7
-14609 -252214 46754 18
-34367 -214676 46820 34
5370 -253388 46823 18
208742 -380126 46826 25
157818 -259279 46877 27
-61931 -215876 46891 34
172890 -402421 46929 20
135560 -260396 47004 27
150450 -402891 47008 20
158246 -520416 47015 9
186894 -521928 47076 9
125445 -404273 47096 20
-69833 -205142 47124 11
108944 -264160 47156 27
107076 -405033 47161 20
253399 -339670 47202 0
128860 -257975 47250 18
240749 -340859 47310 0
240634 -340869 47311 0
157749 -259259 47350 18
-3042 -209340 47396 11
66101 -402297 47439 2
221825 -344136 47472 0
200421 -260057 47498 18
107193 -405031 47528 2
132233 -210995 47635 39
195942 -349972 47693 0
-181 -275408 47780 27
178938 -351121 47838 0
228860 -433134 47858 35
221421 -433108 47900 35
-11042 -217159 47987 39
-39413 -219055 48057 39
-118056 -246282 48088 37
149673 -355699 48089 0
-108074 -247790 48152 37
-105872 -247951 48166 37
155891 -503190 48178 10
124997 -358528 48299 0
124886 -358538 48300 0
-83090 -249145 48313 37
171817 -476946 48341 26
113931 -361065 48394 0
-36456 -248408 48494 38
111188 -442556 48530 35
83926 -366750 48650 0
203662 -582471 48737 8
-40744 -149946 48748 15
-14686 -252213 48755 37
-4037 -252300 48823 37
-3892 -252303 48824 37
63357 -370191 48826 0
119873 -251995 48827 38
178138 -584331 48860 8
5391 -253384 48884 37
5529 -253385 48885 37
165338 -532926 48965 4
45903 -370948 48975 0
252557 -331617 49009 36
232520 -422924 49062 5
166641 -426318 49211 5
204704 -560486 49262 29
138246 -427190 49276 5
169800 -561305 49415 29
105194 -261744 49528 37
200447 -260053 49555 34
174817 -336378 49626 36
152842 -260365 49677 34
135385 -260451 49722 34
139629 -265705 49750 37
151853 -566453 49765 9
156502 -566688 49775 9
105273 -261755 49800 34
175980 -539768 49835 1
147582 -338577 49842 36
156090 -269142 49858 37
177207 -269239 49993 37
184852 -630944 50013 21
118242 -341386 50075 36
198919 -274123 50146 37
208149 -276016 50206 37
211902 -276252 50228 37
-9722 -160370 50293 28
-113236 -267469 50363 34
125474 -447472 50373 2
-34609 -162424 50377 28
154936 -448090 50437 2
64006 -351698 50505 36
195870 -448650 50525 2
90994 -435433 50543 25
52563 -352058 50596 36
187951 -231241 50627 7
211530 -266085 50643 39
281444 -282178 50665 37
78315 -418674 50678 24
175528 -265736 50731 39
151590 -436396 50734 25
141691 -234990 50794 7
139845 -265784 50815 39
193299 -440134 50868 25
221968 -441615 50956 25
156274 -424035 50970 24
164843 -424763 51002 24
281748 -282609 51011 14
176020 -539757 51015 10
255798 -285216 51134 14
6527 -250018 51282 7
252202 -427139 51329 24
-10597 -251339 51344 7
30967 -319055 51396 18
200099 -454956 51397 20
36229 -319510 51414 18
-113264 -267457 51422 39
84383 -292315 51515 38
89592 -292431 51526 38
151725 -566357 51550 22
156480 -566876 51570 22
89851 -324034 51600 18
177276 -569843 51656 22
187738 -524192 51670 26
-104228 -257469 51700 7
191194 -570739 51714 22
127870 -324738 51731 18
188257 -296484 51736 38
123325 -302376 51762 14
214219 -297630 51792 38
99353 -302416 51876 14
268626 -299655 51908 38
199922 -454958 52068 5
252309 -328559 52162 18
159134 -578397 52181 4
140598 -456197 52202 5
126996 -456373 52233 5
183492 -271206 52593 31
255955 -310129 52752 34
34773 -340429 52844 16
-73920 -232096 52907 30
84417 -292303 53020 11
89609 -292385 53041 11
107748 -294065 53114 11
107990 -294066 53115 11
108001 -315159 53133 34
96066 -341667 53179 16
85419 -316643 53191 34
156829 -486783 53246 2
159065 -486912 53251 2
30922 -318905 53333 34
151729 -349851 53483 16
151920 -349858 53484 16
-9108 -239713 53496 30
178770 -351119 53631 16
269548 -348042 53644 27
278319 -311158 53648 39
219383 -313322 53792 39
168851 -584329 53793 10
177881 -584336 53812 10
227399 -357393 53897 16
248714 -359012 54013 16
108078 -315146 54063 39
85201 -316681 54119 39
125476 -221512 54228 28
36250 -319556 54239 39
75411 -333733 54259 38
158639 -360327 54278 27
99487 -335116 54310 38
110858 -335747 54334 38
126755 -364176 54460 27
174723 -336521 54471 38
19173 -226910 54588 28
253306 -339727 54638 38
94785 -368628 54643 27
94615 -368646 54644 27
128881 -258062 54750 30
129093 -258105 54752 30
63318 -370193 54823 27
155887 -503187 54836 25
145707 -262030 54903 30
145820 -262043 54904 30
-73857 -231926 54908 28
45717 -370928 54923 27
276794 -298637 54985 7
201642 -511122 54996 5
268764 -299541 55014 7
175573 -265695 55175 30
212013 -306597 55228 7
-36388 -248266 55315 15
184865 -630928 55477 4
108151 -315100 55594 7
85373 -316668 55676 7
160322 -490846 55839 24
36117 -319700 55854 7
204023 -533196 55947 20
51516 -374408 55952 18
59597 -375121 55980 18
165408 -532914 56070 2
264521 -357168 56070 34
203906 -533126 56153 2
227652 -357350 56165 34
138284 -379259 56252 18
154206 -379644 56307 18
158674 -360324 56343 34
113848 -361067 56458 34
185007 -630949 56620 10
44758 -365689 56636 34
269493 -348148 56851 39
51556 -374402 56971 38
195901 -349919 57031 39
178905 -351109 57073 39
110683 -377052 57097 38
168637 -340833 57241 31
104831 -357248 57255 39
208726 -380060 57306 38
64401 -357011 57354 39
55937 -357539 57375 39
44148 -357790 57404 39
228019 -380069 57408 14
208805 -380231 57499 14
51548 -374386 57543 37
59571 -375259 57595 37
172269 -383093 57672 14
88071 -379122 57779 37
91797 -379107 57803 37
143790 -386513 57807 14
143587 -386532 57808 14
100220 -380615 57857 37
100389 -380627 57858 37
122316 -389509 57909 14
199174 -555022 57934 5
116660 -382847 57963 37
282885 -273029 58088 28
45834 -370870 58131 11
143611 -386527 58137 37
63038 -395904 58190 14
160950 -387450 58249 37
211954 -276236 58328 28
204243 -390769 58528 37
201632 -513678 58721 0
87651 -285507 58749 28
240725 -398593 58773 37
208711 -380043 58793 11
227908 -380113 58871 11
151696 -566297 58911 25
183714 -572430 58915 2
156447 -566680 58926 25
202966 -573035 58956 2
173108 -515788 58965 0
166820 -516764 59019 0
166717 -516767 59020 0
209520 -411566 59552 34
157787 -412063 59685 34
201693 -483626 59698 36
124658 -413275 59771 34
227925 -379854 59859 7
208914 -380152 59924 7
166815 -419835 59980 38
165072 -489821 59989 36
160370 -490803 60026 36
196946 -421255 60045 38
167914 -381178 60063 7
240807 -398798 60105 39
232490 -422810 60120 38
116889 -382813 60241 7
116606 -382844 60242 7
172979 -402410 60272 39
106380 -383845 60279 7
150423 -403065 60327 39
83919 -385861 60360 7
76168 -386222 60388 7
125567 -404250 60388 39
123179 -453417 60409 16
107194 -405021 60434 39
140371 -456043 60503 16
151819 -566302 60661 24
156547 -566728 60679 24
123177 -453414 60684 18
199984 -454950 60950 18
168025 -339359 61375 15
199672 -473013 61449 27
118072 -341197 61502 15
96022 -341665 61558 15
171827 -477051 61611 27
138385 -411006 61944 31
240719 -340851 62624 28
200155 -454919 62916 34
126129 -348976 63012 28
63818 -351687 63223 28
52557 -352054 63262 28
200021 -454929 63390 39
140395 -456225 63536 39
126995 -456361 63569 39
199591 -473178 63685 14
123056 -453363 63713 11
123290 -453362 63714 11
193475 -473992 63714 14
171883 -477142 63816 14
187435 -631754 63825 5
230931 -438752 64508 7
193276 -440361 64644 7
147855 -443283 64808 7
158402 -520421 65290 18
186910 -521911 65389 18
155989 -503176 65484 38
201531 -511153 66253 34
194949 -511138 66270 34
158296 -520356 66593 37
189051 -496754 66601 39
186837 -521847 66777 37
186985 -521873 66778 37
163315 -440155 66845 30
186977 -442969 67060 30
217908 -414444 67094 28
157440 -415810 67299 28
138266 -416252 67364 28
78336 -418567 67567 28
151709 -566240 67647 16
156485 -566656 67673 16
191178 -570734 67863 16
113307 -439772 68093 15
103853 -440027 68117 15
203717 -582356 68832 27
178108 -584328 68978 27
193733 -537348 69269 11
201551 -513679 69293 7
176603 -514416 69383 7
160917 -516295 69440 7
204561 -560547 69585 34
169690 -561357 69675 34
199400 -549203 69760 39
204658 -560445 69803 14
168868 -584188 69811 18
177893 -584320 69842 18
156671 -566873 70031 14
180864 -647210 70149 36
171956 -477129 71643 28
203607 -582457 73964 7
178113 -584189 74056 7
180722 -647193 75099 37
180873 -647207 75100 37
193940 -543574 75962 28
180825 -647219 76174 39
-12759 90366 86400 12
162805 484918 86400 34
144041 142463 86408 8
166720 55787 86412 23
112134 12829 86456 19
100884 10025 86542 19
77904 482660 86613 34
66635 303147 86713 2
74168 8674 86746 19
276481 50216 86784 23
100129 300776 86786 2
66329 131710 86793 8
127714 300137 86845 2
57366 8660 86874 19
-23488 475317 86874 34
-63295 449398 86945 18
45492 6756 86965 19
196350 297468 86994 2
204640 297110 87012 2
16873 128851 87020 8
12540 26319 87124 33
83153 206905 87125 10
-55940 468175 87139 38
-12953 127875 87163 8
-64961 78470 87170 17
234147 310129 87176 5
-38499 467737 87176 38
-50451 77760 87230 17
58425 309589 87235 25
156039 205865 87282 10
181065 307263 87296 5
78675 308519 87299 25
176628 307201 87306 5
89145 308350 87332 25
104543 26177 87343 33
104619 307235 87381 25
122130 25485 87384 33
33627 180518 87419 4
121846 304142 87430 5
230946 202532 87444 10
156704 23018 87467 33
116835 463900 87507 38
145931 304060 87511 25
106047 443288 87531 18
131121 463057 87538 38
67611 232290 87548 26
66605 303207 87555 5
203162 563261 87601 15
45811 71536 87633 17
101172 231184 87633 26
144354 439726 87668 18
144361 176302 87695 4
217200 299724 87736 25
143646 229370 87741 26
175593 174283 87773 4
193600 437781 87834 18
199240 437618 87854 18
194551 227349 87870 26
201696 281873 87898 20
123205 67393 87957 17
208877 503819 87981 7
247757 225270 88005 26
228593 450235 88116 14
-45440 53564 88125 32
11924 158287 88153 9
120559 276567 88184 20
28491 157882 88188 9
183250 65469 88208 17
-12136 51195 88249 32
121349 500878 88297 7
5644 50763 88315 32
101997 154278 88345 9
64810 273893 88380 20
62990 418902 88408 16
38777 49683 88438 32
148004 153378 88443 9
152861 446054 88475 14
50776 49373 88483 32
168125 152785 88486 9
256149 61381 88513 17
67484 48769 88545 32
45468 6820 88559 3
278928 60082 88608 17
71953 6967 88624 3
106245 443264 88696 14
110374 46318 88704 32
-40527 171665 88730 1
115457 5071 88731 3
41397 174545 88735 22
278990 59890 88738 12
125215 417228 88748 16
-5789 493519 88756 7
263932 59388 88773 12
54674 173072 88790 22
195390 468114 88875 39
-48415 492452 88910 7
83802 170621 88911 22
158397 415433 88930 16
-57318 492260 88942 7
184163 53917 88960 12
96286 169819 88963 22
-68264 94429 88984 13
131228 462994 89033 39
150276 53255 89039 12
118257 462451 89065 39
207668 551671 89095 28
55715 164480 89098 1
132073 164259 89122 22
-23579 92800 89124 13
94066 461662 89124 39
187303 139304 89128 29
170284 136800 89203 29
208517 412937 89204 16
67662 48759 89233 12
46273 48247 89283 12
201139 474611 89296 31
189038 474172 89339 31
17479 47675 89350 12
2052 460321 89350 39
122540 158923 89354 1
-42081 441889 89399 14
-34859 457111 89413 11
-34776 457230 89441 39
68415 293795 89473 24
50931 261616 89484 2
104258 134933 89492 29
-60372 456196 89504 39
66180 261483 89517 2
166852 154122 89524 1
82277 293116 89524 24
216758 438497 89595 34
106430 291694 89615 24
141006 84992 89640 13
199330 437640 89640 34
-40285 168188 89652 10
66253 131528 89659 29
159289 435082 89743 34
176826 254624 89757 2
182156 254444 89769 2
147669 434269 89773 34
195375 122335 89784 6
20723 163575 89784 10
21768 125013 89854 29
113855 431594 89860 34
103385 510431 89864 30
103600 510399 89866 30
287645 347120 89873 36
287524 347115 89874 36
1447 122636 89943 29
79443 429823 89949 34
100960 449702 89965 11
164090 118945 89967 6
-51835 543272 89975 28
131936 164033 90023 10
-25673 119791 90062 29
219247 260887 90142 5
-50946 115912 90173 29
152776 446053 90176 11
243797 344714 90221 36
24618 -21348 90231 33
178473 258748 90234 5
-61406 425623 90260 37
113465 116140 90263 6
127266 421019 90293 38
52660 -23464 90300 33
-61297 425627 90312 34
136603 420837 90313 38
152705 420477 90347 38
119711 256083 90367 5
-52854 65233 90373 21
213910 442229 90424 11
93320 254695 90427 5
45255 6848 90468 23
64004 254284 90493 5
-26833 138144 90500 4
-10709 63132 90541 21
-5209 415178 90622 37
29280 137112 90640 4
16967 61910 90651 21
186217 343194 90678 36
40596 107630 90689 6
115528 5093 90711 23
199735 495813 90741 30
251296 383965 90777 27
-51029 115722 90782 9
104161 134972 90827 4
-2627 113149 90885 9
227663 382823 90912 27
21698 112629 90937 9
111898 183388 90950 26
47765 409706 90964 37
-6586 103749 90965 6
47927 409705 90965 37
173092 513053 90966 15
144909 340172 91006 36
144788 340169 91007 36
204907 379898 91042 27
64647 408839 91073 37
64790 408836 91074 37
69802 408890 91106 37
131336 337121 91120 36
113850 109546 91134 9
103576 510369 91143 15
189007 180386 91146 26
-38946 99511 91155 6
147136 55358 91169 21
83086 407942 91192 37
176431 378162 91205 27
172454 377583 91229 27
180135 53040 91301 21
158941 377168 91305 27
155478 376778 91325 27
54917 242465 91327 25
137889 376003 91425 27
130689 397906 91506 37
149111 396648 91618 37
-6501 383811 91626 18
97415 372380 91657 27
271612 46524 91665 21
59499 330679 91684 36
27934 -43263 91693 3
170109 393950 91753 37
32468 381759 91761 18
172203 393763 91767 37
172341 393760 91768 37
46987 330285 91783 36
249062 234998 91925 25
201800 281934 91951 0
201592 281920 91953 0
89371 378043 91958 18
44098 366023 91961 27
203909 390371 91971 37
279020 59901 91990 8
218093 413787 92004 39
108045 376400 92023 18
208639 413048 92027 39
264019 59454 92062 8
218933 390575 92073 37
133535 375938 92111 18
115662 5063 92156 12
236044 388157 92179 37
144346 413541 92185 39
929 359749 92212 27
128488 412221 92224 39
65381 3155 92273 12
247822 225170 92299 20
60525 218720 92310 2
218870 194939 92349 35
202934 370899 92351 18
74640 410938 92356 39
215163 194726 92370 35
110439 216863 92418 2
47862 409722 92422 39
184244 53933 92446 8
131222 215576 92463 2
192699 223444 92493 20
-17052 133097 92495 10
545 405850 92538 39
12574 130860 92559 10
191752 212869 92594 2
150284 53257 92609 8
220559 424743 92619 7
133944 218826 92700 20
118609 265917 92708 0
118484 265914 92709 0
155674 189302 92710 35
-6495 383824 92771 38
110629 216877 92782 20
136821 121574 92827 10
134838 188461 92829 35
134667 188455 92830 35
102587 263928 92841 0
90815 215127 92852 20
251202 384186 92861 34
59482 382554 92911 38
136580 420846 92921 7
193085 119627 92948 10
119957 419275 92984 7
67703 48891 93006 8
247905 225258 93009 5
45492 -2054 93054 17
46342 48265 93109 8
66826 261496 93112 0
66243 261381 93117 0
157220 379250 93120 38
198112 224905 93122 5
11997 -25965 93156 32
71235 416978 93157 7
176363 378173 93161 38
125203 383338 93173 34
148005 223230 93235 5
100033 382527 93236 34
89164 -3412 93237 17
142382 222870 93248 5
17443 47686 93248 8
233924 377197 93283 38
26146 -53495 93313 33
59614 382566 93340 34
97189 221333 93350 5
124048 -5744 93383 17
124287 -5768 93384 17
74353 220700 93402 5
32474 381789 93410 34
-4984 415314 93432 7
92695 -29138 93456 32
204193 489827 93500 28
-70099 73294 93505 9
-68343 94457 93589 1
130735 -32486 93598 32
-56018 410606 93616 7
-68339 94461 93629 4
9786 70872 93675 9
152699 485438 93676 28
-56279 96256 93708 22
-23600 92881 93740 4
156717 23025 93752 13
-23717 92928 93759 1
-26753 138078 93887 26
123173 67401 93917 9
77877 482678 93928 28
41974 86494 94011 1
29441 137069 94030 26
96634 85654 94040 4
183221 65482 94045 9
152844 402863 94063 31
36697 94406 94093 22
258505 370682 94117 14
141038 85004 94151 4
256269 61590 94201 9
96549 85686 94220 1
-23507 475328 94272 28
221993 364957 94302 14
221790 364936 94303 14
120695 83673 94313 1
65102 226656 94314 24
96580 85780 94343 22
-44445 473541 94344 28
136645 82372 94374 1
278948 59925 94410 29
194009 364170 94426 14
263936 59419 94476 29
176722 362847 94504 14
141048 85026 94526 22
142222 222872 94603 24
151259 361583 94625 14
151032 361570 94626 14
171829 82421 94654 22
184135 53946 94826 29
97249 356744 94881 14
27595 -57681 94891 23
30660 -57884 94902 23
163284 50732 94918 29
23696 373441 94919 11
41737 372837 94992 11
71058 352912 95005 14
33605 180524 95057 2
58796 351068 95065 14
258499 370753 95089 39
113434 43190 95136 29
80492 371959 95150 11
130815 -32485 95155 12
203082 370901 95225 39
-37458 88008 95244 10
144479 176295 95297 2
65427 -32970 95308 12
163595 371093 95322 39
34893 182063 95354 25
175724 174282 95365 2
19558 85844 95367 10
50193 313958 95420 16
15559 -36387 95425 12
40271 41636 95457 29
104854 367774 95466 39
96627 85678 95533 10
72352 311891 95541 16
57626 364916 95582 39
191995 365361 95603 11
42274 364350 95620 39
141053 85053 95629 10
38968 341206 95631 38
128276 180163 95637 25
104552 307386 95717 16
12009 -25949 95794 21
127274 338223 95819 38
251742 361634 95846 11
145882 304065 95943 16
189179 180485 96074 5
283272 338573 96104 34
92788 -29181 96116 21
128207 180174 96212 5
130705 -32483 96267 21
50112 313965 96307 18
217098 299759 96332 16
72286 312034 96383 18
41663 174770 96408 5
160016 331364 96422 34
12522 26339 96444 9
107475 310872 96505 18
127466 329814 96506 34
115361 310273 96532 18
111509 329032 96547 34
-40471 171726 96594 5
135274 309659 96601 18
106763 22361 96645 9
152347 308802 96660 18
50382 326619 96704 34
176361 307149 96744 18
180935 307054 96760 18
221995 305774 96901 18
187420 139419 97075 20
12607 26492 97097 4
-37392 87999 97150 26
251822 361643 97184 7
19611 85887 97294 26
117320 137427 97322 20
122253 25369 97363 4
198530 357040 97376 7
156701 23105 97447 4
-39400 -152114 97506 19
120936 83675 97552 26
-47892 -153592 97571 19
-48135 -153597 97573 19
135719 351791 97603 7
16912 128899 97676 20
171992 82395 97681 26
-26627 138037 97732 2
91483 349852 97763 7
-12900 127881 97781 20
223985 422185 97826 28
115659 5087 97829 6
20705 137869 97835 2
29376 137266 97853 2
63894 347004 97862 7
47906 409723 97863 15
199806 420356 97908 28
49189 345577 97915 7
104137 135024 98015 2
157029 419074 98053 28
-11066 48349 98094 10
65556 3168 98122 6
17495 47689 98156 10
125400 417251 98160 28
223797 315344 98358 39
113407 43133 98363 10
219394 261007 98365 27
145375 313782 98551 39
116325 297579 98559 38
178433 258760 98599 27
136350 297479 98602 38
107587 310900 98644 39
162913 295864 98660 38
78665 308925 98715 39
60688 308164 98759 39
-56125 410465 98776 28
146285 254575 98790 27
14761 18228 98872 1
19821 17791 98892 1
11759 158303 98968 24
195247 122446 99003 5
57229 17406 99035 1
30515 156565 99038 24
37191 155970 99063 24
96260 253127 99069 27
136680 121577 99132 5
64042 154350 99164 24
77550 250756 99176 27
77374 250746 99177 27
90892 120848 99233 5
28804 -15126 99242 9
111990 12846 99245 1
37376 286794 99258 37
-12967 127885 99275 25
-48123 -153594 99294 33
45296 286213 99309 37
41879 118438 99341 5
56070 285843 99379 37
21677 124972 99384 25
30839 -57883 99414 8
26612 13735 99429 22
-13180 117617 99464 5
49837 124041 99473 25
61272 123397 99509 25
67141 122874 99528 25
162366 147383 99532 24
-51098 115726 99550 5
85715 286132 99570 37
91009 120849 99603 25
71965 7166 99617 22
97488 285637 99646 37
200598 290115 99657 34
154448 286466 99776 34
115429 5129 99798 22
163937 118873 99833 25
137312 282694 99903 37
97545 285621 99923 34
142448 281618 99937 37
164920 281776 100081 37
201359 279715 100316 37
201503 279703 100317 37
24581 -21217 100324 4
68439 293806 100369 11
59877 -22471 100412 4
82317 292976 100426 11
70787 -22845 100440 4
-68328 94497 100447 2
216007 271617 100460 14
-23555 92865 100544 2
192522 270154 100572 14
176697 269467 100647 14
176500 269445 100648 14
222913 192213 100673 36
222790 192200 100674 36
154194 286409 100718 11
192033 365473 100786 15
102947 33997 100795 26
54996 242265 100808 18
101311 88772 100814 2
184749 285813 100842 11
128497 264856 100875 14
153802 32397 100924 26
189097 190538 100941 36
163990 87889 100950 2
102707 263687 100997 14
186848 87751 100999 2
826 66037 101001 35
45449 -2052 101009 10
-47389 -180241 101038 3
38788 341217 101059 30
89291 -3418 101104 10
142646 234406 101111 18
47131 -42159 101111 29
3380 -183616 101162 3
66222 261386 101170 14
124063 -5741 101179 10
27985 -43250 101195 29
155679 189425 101206 36
50985 261464 101248 14
119729 256086 101330 38
134812 188515 101372 36
134684 188494 101373 36
146319 254463 101388 38
247848 225191 101475 18
215887 271603 101562 39
-17606 -138538 101573 12
192478 270173 101620 39
192350 75036 101621 20
182828 74333 101655 20
176509 269443 101659 39
128050 266047 101778 39
118647 265683 101801 39
127878 72637 101848 20
99665 264674 101848 39
127304 329844 101863 30
70537 175838 101882 36
117957 72190 101883 20
186910 87656 101944 5
51031 261479 101967 39
26073 -53492 102000 9
54898 173148 102006 36
141265 85103 102047 5
200433 290021 102048 7
251897 361645 102125 28
39284 66113 102160 20
164148 323997 102198 30
159472 284874 102204 7
64199 82068 102221 5
146028 283956 102250 7
137423 282876 102283 7
198380 357133 102306 28
-73634 -197730 102311 33
-10667 63158 102336 20
108845 279956 102380 7
93422 278997 102434 7
-16054 -201854 102448 33
-39547 78576 102456 5
-50443 77878 102481 5
135856 351920 102518 28
62000 218123 102567 16
-39741 -159666 102600 32
91477 349857 102669 28
90643 215070 102723 16
223601 315518 102761 30
132145 -210965 102800 33
249235 235075 102872 34
123978 209698 102915 16
156120 205906 103081 16
142590 234178 103147 34
-53583 67788 103235 25
101308 231185 103254 34
-45438 53570 103302 2
168859 113845 103309 0
168643 113811 103311 0
-5761 66605 103386 25
212184 198310 103388 16
799 66063 103407 25
5653 50953 103412 2
35629 51121 103477 2
-73720 -197727 103510 23
33915 63151 103511 25
-39666 -159648 103543 17
67538 48817 103546 2
27540 -57680 103564 4
30696 -57855 103572 4
-37419 88009 103638 24
110364 46413 103639 2
-9733 -160367 103668 17
-16086 -201851 103709 23
153414 46674 103732 2
15601 -36348 103738 10
118153 58617 103777 25
52304 -37968 103817 10
22654 84756 103863 24
27619 -57666 103887 1
30630 -57854 103899 1
166717 55675 103930 25
47344 -12974 103943 26
184271 54113 103986 25
271485 46526 103988 2
64154 82069 104018 24
90684 215056 104031 38
-85015 -227724 104122 3
152191 213533 104162 38
140630 -15067 104180 26
162838 213073 104185 38
132260 -210964 104222 23
-43303 -227742 104224 3
191855 212851 104247 38
58119 99310 104256 0
276553 50132 104277 25
-4866 -229834 104318 3
243656 209963 104357 38
72399 311900 104379 15
37435 94025 104433 0
182715 74340 104462 24
3501 -183603 104559 12
247880 225207 104668 39
276618 50155 104673 5
141591 -234969 104677 3
6315 88833 104698 0
6205 88814 104699 0
-61475 -183622 104711 12
198179 224921 104790 39
277425 68600 104817 24
147892 223227 104913 39
142377 222873 104927 39
153540 46679 104951 5
-24000 82923 104958 0
-40469 171742 104962 18
108122 220023 105011 39
110295 46356 105049 5
62162 218074 105124 39
28511 44092 105234 5
-136562 -248937 105268 33
-64749 78392 105306 0
-40723 -150188 105321 13
83240 164716 105390 18
-83009 -249146 105391 33
211458 -266254 105484 19
-14595 -252191 105548 33
132100 164040 105559 18
-3850 -252283 105573 33
183506 -271197 105698 19
162101 -273710 105861 19
119996 -251994 105862 33
123882 209676 105863 11
-15855 -143169 105869 8
153599 -276122 105932 19
-30518 -172240 105952 21
175584 155200 106021 27
169507 207765 106048 11
166872 154163 106071 27
147945 153409 106179 27
114903 -279610 106221 19
26573 13737 106263 2
128523 152079 106290 27
231007 202662 106298 11
215151 187506 106300 34
79245 11671 106377 2
100687 10083 106423 2
87831 -285506 106428 19
161600 183490 106438 34
115598 5134 106455 20
247905 225311 106555 7
65537 3228 106631 20
65435 146324 106651 27
41426 174618 106690 38
200577 290028 106692 28
54117 145858 106715 27
189039 180401 106730 14
198088 224927 106735 7
34929 181991 106765 34
154214 286417 106849 28
144524 176312 106941 14
133757 218824 106967 7
117134 218678 107027 7
-17582 -138537 107079 29
-40483 171791 107117 37
96396 169822 107169 14
-26666 138063 107177 27
-101688 -240188 107187 32
62165 218097 107226 7
132094 -210953 107293 12
210634 267504 107318 15
-64534 -240897 107325 32
55894 164508 107361 14
-39855 -241502 107417 32
-20901 -140158 107426 9
29154 161470 107488 14
28950 161460 107489 14
20582 163388 107511 37
128502 264872 107526 15
-276 -242412 107564 32
28927 161663 107565 37
102810 263748 107591 15
36404 160901 107613 37
-11114 -217157 107628 12
45473 -2046 107636 25
-39373 -218997 107694 12
50980 261482 107723 15
89187 -3411 107774 25
-136446 -249088 107777 23
62438 158248 107781 37
166566 196608 107802 31
124082 -5738 107884 25
139824 -11234 107915 5
106542 -244510 107961 32
189110 180414 107996 39
101892 154293 108036 37
102040 154282 108037 37
131553 -246698 108054 32
144484 176521 108111 39
47516 -12943 108123 5
255774 -285214 108134 3
47069 -42160 108142 35
170999 -248772 108201 32
128410 152174 108207 37
-6028 -258834 108228 23
28084 -43234 108251 35
70358 175756 108288 39
41439 174533 108359 39
162257 147515 108425 37
162405 147491 108426 37
-40168 168211 108560 39
105191 -261738 108613 23
-101696 -240136 108706 17
60314 -293375 108786 33
45395 6825 108802 24
175759 -265704 108857 23
-64644 -240867 108861 17
107875 -294051 108899 33
-39837 -241493 108965 17
210537 -268451 108978 23
-51050 115729 109031 16
115570 5145 109065 24
188415 -296655 109091 33
50537 -30283 109120 2
-319 -242339 109130 17
214359 -297629 109152 33
282728 -272964 109227 23
268669 -299694 109281 33
130784 -32477 109294 2
-2550 113060 109296 16
-59287 106424 109381 18
-51334 106261 109409 18
-29406 -212029 109419 13
21787 112632 109429 16
-6569 103763 109564 18
119856 -251957 109633 17
187272 139319 109712 34
156475 -256241 109786 17
58084 99357 109788 18
-47983 -153583 109839 4
104310 135057 109926 34
191296 -258021 109932 17
135448 103709 110050 16
140335 94116 110072 18
-47412 -180240 110133 9
211617 -266201 110142 12
16793 129013 110152 34
6230 128853 110179 34
-12934 127907 110228 34
159136 -269997 110265 12
192918 98450 110364 16
108806 -270720 110382 12
101787 -270870 110399 12
201166 97480 110409 16
276517 50158 110533 36
-327 -275452 110638 12
20822 137889 110712 11
29470 137074 110747 11
-118091 -246241 110766 21
131310 215580 110808 15
89031 -327885 110902 3
-83165 -249128 110905 21
247862 225210 110925 28
47177 -41972 111056 5
28159 -43197 111100 5
192900 223476 111111 28
188009 -231203 111120 8
189487 -331101 111148 3
195414 122345 111165 39
-14647 -252182 111178 21
5409 -253371 111258 21
136822 121610 111309 39
133910 218837 111311 28
30777 -57851 111317 20
141811 -234974 111342 8
110581 216890 111390 28
90867 120852 111422 39
162868 35689 111435 36
168343 152852 111521 7
45764 117427 111533 39
105292 -261743 111656 21
27508 -57651 111668 25
30603 -57853 111678 25
-13252 117534 111678 39
-51030 115736 111771 39
119102 32406 111782 36
118979 32399 111783 36
34930 -340485 111804 33
82982 143507 111829 7
79524 -340692 111910 33
59162 142078 111915 7
175590 -265682 111936 21
96125 -341641 111950 33
-39595 -159656 111998 10
-56238 96276 112008 38
-100 -242403 112024 8
20724 137890 112054 7
-9781 -160360 112063 10
210516 -268421 112075 21
132253 -210793 112106 29
-34121 -245545 112188 8
-17002 133114 112199 7
-40424 -245856 112218 8
221670 -344126 112248 33
282741 -272992 112363 21
41054 18816 112402 36
-83003 -249131 112423 8
164130 87891 112478 38
30976 -319050 112498 32
36071 -319472 112517 32
186877 87689 112526 38
20077 17880 112568 36
89880 -324030 112717 32
-11110 -217148 112735 29
67217 122849 112750 31
278995 59992 112836 27
-74114 -214176 112840 9
34891 -340468 112854 23
-39406 -218991 112859 29
128043 -324777 112859 32
186964 87687 112882 14
125596 -221335 112929 6
-11016 -217143 112974 9
55721 164485 112994 30
-73722 -197711 113007 4
278390 -311420 113020 12
186822 87798 113054 34
96064 -341607 113066 23
141212 85147 113099 14
141014 85142 113100 14
219510 -313541 113158 12
141038 85075 113172 34
783 -198287 113193 4
78899 160051 113205 30
122045 -220687 113258 9
252374 -328542 113321 32
64371 82252 113369 34
123520 -318815 113383 12
-73648 -197701 113430 1
70416 74766 113435 14
221619 -343927 113500 23
19413 -226848 113550 6
19230 -226866 113551 6
45834 71551 113551 14
153671 46721 113552 27
36088 -319697 113588 12
-39746 -159624 113590 26
-39562 78578 113637 34
-16215 -201841 113650 1
128340 152227 113655 30
269303 -348134 113665 23
-50361 77819 113665 34
-9832 -160312 113666 26
-4664 -229869 113691 6
9582 70874 113723 14
113631 43254 113781 27
-39624 -231375 113895 6
114829 -279701 113934 13
-35432 69608 113936 14
-50030 -232618 113956 6
162308 147522 113963 30
162423 147506 113964 30
51588 -374310 113986 3
-53481 67812 114022 14
-10943 48282 114033 18
146239 166702 114060 15
91952 -374577 114085 3
96116 -374876 114095 3
17451 47694 114131 18
-84088 -237892 114155 6
132099 -210933 114219 1
154380 -379637 114238 3
-101530 -240179 114257 6
192309 74992 114357 39
208669 -380019 114371 3
182828 74341 114380 39
227900 -380105 114418 3
113401 43150 114463 18
126411 41966 114509 18
127866 72682 114516 39
117838 72198 114540 39
45776 71541 114717 39
-69817 -205093 114726 10
-45401 53571 114794 38
9696 70875 114806 39
-3049 -209313 114870 10
75341 -333732 114870 17
-35460 69659 114917 39
51637 -374290 114923 33
35563 51152 114967 38
99548 -335245 114971 17
110682 -335904 115017 17
110856 -377082 115063 33
138233 -379080 115128 33
132132 -210857 115162 10
154117 -379636 115166 33
147463 -338574 115171 17
153453 46697 115218 38
230495 -419115 115232 19
167805 -339431 115256 17
168045 -339440 115257 17
226315 -419489 115264 19
226172 -419518 115265 19
-43414 -227610 115271 22
-4754 -229876 115432 22
-45344 53581 115447 37
221720 -344123 115482 17
197059 -421232 115487 19
-127607 -260985 115489 9
175580 155205 115563 28
150173 154048 115649 28
-11062 48358 115668 37
-10914 48352 115669 37
171778 -421035 115680 19
269297 -348130 115681 17
-31246 -262376 115694 9
128380 152282 115723 28
-25969 60995 115790 11
156444 -423790 115797 19
17336 47705 115852 37
17495 47690 115853 37
138243 -427176 115936 19
134887 -428026 115962 19
134740 -428035 115963 19
121838 -238765 115979 22
108781 -264228 115993 9
131622 -238725 116017 22
-39547 -159669 116043 35
-16072 -143280 116045 20
139710 -265805 116059 9
269480 -348101 116076 12
192372 75038 116113 7
-117898 -246404 116129 4
182898 74432 116147 7
210606 -268392 116210 9
195753 -349925 116249 12
178939 -351093 116288 12
92193 -433373 116288 19
127810 72835 116346 7
117990 72208 116382 7
-14673 -252151 116386 4
103010 34050 116404 37
-3937 -252254 116413 4
162787 35631 116456 34
103157 -354666 116466 12
118963 32296 116507 37
64589 -356820 116556 12
163233 50532 116560 11
118944 32340 116569 34
55957 -357327 116576 12
44122 -357780 116604 12
53411 64986 116615 7
45246 6876 116639 16
81200 31649 116666 34
75379 -333716 116700 21
150335 28551 116710 37
128896 -258131 116744 4
99454 -335218 116796 21
-69876 -205087 116803 26
157748 -259234 116816 4
110713 -335945 116841 21
12752 26328 116843 34
-25870 60950 116901 7
278429 -311419 116916 8
200302 -259996 116922 4
-3006 -209311 116973 26
147503 -338579 116988 21
252632 -314598 117040 8
-15947 -143167 117063 5
167898 -339429 117069 21
124058 -5513 117082 16
281766 -282437 117135 29
77042 -425695 117225 3
255766 -285207 117249 29
221677 -344113 117283 21
-48099 -153578 117322 2
134732 -428210 117366 3
58039 53616 117378 31
-117916 -246380 117416 10
113532 116174 117432 15
63037 -395903 117435 32
62994 -395893 117436 23
269438 -348135 117473 21
-83163 -248995 117491 10
91319 -398678 117536 23
93894 -397304 117550 32
5688 50780 117564 31
102281 -399764 117575 23
133668 -326621 117612 8
162816 35644 117614 39
-14699 -252137 117638 10
-4000 -252239 117661 10
21856 112633 117665 15
120882 -327321 117674 8
139354 -401571 117700 23
139445 -401462 117719 32
119063 32355 117721 39
57336 8454 117777 38
81183 31672 117814 39
172922 -402387 117816 23
89089 -327872 117826 8
122336 -301372 117834 29
173069 -402409 117844 32
119095 -301534 117848 29
119906 -251949 117928 10
99243 -302393 117935 29
12639 26345 117983 39
118139 -341287 118007 13
76968 -425677 118061 33
134790 -428194 118198 33
-17637 -138526 118274 24
166599 -430106 118274 33
221283 -433204 118404 33
269346 -348109 118481 13
12147 -26054 118597 18
69491 -297877 118672 9
92698 -29135 118876 18
205992 -304784 118963 9
130751 -32469 119008 18
87773 -285497 119014 1
240930 -398753 119178 12
145713 -14620 119220 14
140626 -15053 119244 14
173107 -402408 119337 12
150306 -403064 119391 12
125463 -404235 119449 12
96966 -21581 119455 14
107083 -405020 119492 12
70974 -22745 119574 14
70765 -22753 119575 14
-47461 -180230 119608 25
52821 -23620 119660 14
43377 -24850 119705 14
268722 -299509 119728 1
38130 -24958 119730 14
252495 -328583 119766 6
3377 -183546 119768 25
69366 -297872 119828 4
12119 -26050 119853 14
140642 -15049 119853 34
3558 -183450 119951 5
122214 -301400 119959 4
163984 87896 119996 28
61792 -21303 120056 34
-73639 -197699 120072 2
190400 -304968 120129 4
189569 -331024 120134 6
116665 -198857 120141 20
24634 -21333 120152 34
-16149 -201844 120196 2
96590 85750 120224 28
-6019 -258819 120255 26
242435 -308174 120259 4
75344 -411450 120292 17
83040 -411874 120324 17
113146 -415264 120450 17
105231 -261737 120537 26
118206 -341366 120551 6
138170 -416255 120555 17
65297 -32941 120557 38
-2856 -209310 120562 20
60392 -293370 120593 10
-24054 82962 120633 28
171878 -477181 120634 3
162352 -418322 120656 17
107827 -294041 120695 10
175759 -265692 120716 26
-59933 -212849 120763 20
196884 -421254 120801 17
211590 -266171 120807 26
-73985 -214064 120813 20
140739 -15047 120852 39
33895 63406 120924 15
214274 -297612 120925 10
232430 -422683 120949 17
268818 -299685 121042 10
61820 -21295 121046 39
115515 5150 121069 7
-25865 61201 121075 15
70180 -311203 121120 22
24785 -21287 121137 39
65396 3192 121250 7
24611 -21293 121264 11
107987 -315057 121277 22
108208 -315077 121278 22
156836 -486780 121329 33
34775 -340427 121362 9
52617 -23577 121378 11
96042 -341604 121492 9
139846 -11293 121684 31
221672 -344026 121760 9
75303 -411375 121863 21
82840 -411745 121893 21
116919 -413026 122029 21
106448 -400859 122033 13
124516 -413224 122059 21
143307 -414714 122134 21
150360 -403060 122171 13
156106 -414934 122185 21
144643 -469292 122203 23
230803 -438757 122237 12
186463 -417523 122306 21
193186 -440359 122325 12
193454 -474099 122375 23
147717 -443305 122432 12
226161 -419511 122464 21
144437 -462068 122556 32
125495 -221494 122608 5
-101623 -240218 122817 2
19298 -226907 122848 5
-64613 -240865 122897 2
-69853 -205066 122932 24
-39885 -241445 122950 2
-43259 -227711 122989 5
44071 -357596 122996 4
-290 -242409 123036 2
228108 -379963 123054 29
-15930 -143134 123140 36
105638 -360516 123150 4
113763 -361055 123170 4
-3002 -209308 123183 24
147917 -363038 123255 4
106482 -244451 123267 2
114029 -244637 123283 2
172262 -383091 123299 29
179999 -364289 123335 4
34891 -340235 123355 10
230551 -419112 123377 8
230334 -419134 123378 8
226328 -419459 123397 8
171042 -248770 123407 2
79566 -340674 123448 10
96050 -341596 123483 10
-101641 -240200 123525 25
118143 -341398 123529 10
197083 -421231 123538 8
116678 -382840 123543 29
106209 -383745 123589 29
168574 -340860 123637 10
-64601 -240863 123642 25
83890 -385852 123687 29
165004 -424495 123692 8
-39932 -241441 123720 25
76363 -386152 123720 29
70107 -311182 123737 26
221660 -344006 123747 10
68249 -387389 123756 29
158381 -520407 123777 3
44100 -357744 123812 1
-260 -242385 123845 25
186888 -521910 123847 3
105567 -360515 124048 1
113747 -361062 124079 1
76991 -425656 124115 8
65786 15498 124132 15
106576 -244441 124182 25
68206 -387554 124196 9
114109 -244627 124206 25
147952 -363102 124210 1
26733 13846 124231 15
122162 -389505 124311 9
180045 -364250 124333 1
211500 -266147 124371 20
170981 -248674 124385 25
158360 -520370 124411 33
157082 26120 124412 28
186931 -521893 124479 33
204228 -390726 124486 9
177334 -269087 124491 20
122283 25400 124530 28
159094 -270221 124555 20
47360 -13037 124700 30
104013 -274715 124749 20
40859 18800 124806 28
19906 17801 124877 28
201539 -483713 125341 12
211503 -266146 125345 5
184508 -483990 125381 12
202905 -572822 125386 19
155966 -269391 125471 5
183717 -572427 125514 19
108736 -270735 125578 5
101919 -270790 125593 5
-297 -275446 125824 5
122858 -225342 125856 0
122731 -225352 125857 0
87729 -285472 126032 2
155857 -503174 126052 17
45701 -370950 126148 10
189498 -506626 126192 17
91955 -374450 126248 10
62975 -395889 126276 4
93801 -397293 126352 4
269102 -291076 126424 2
62953 -395872 126468 22
154771 -399931 126504 4
227898 -380068 126540 10
93871 -397303 126596 22
171233 -537792 126779 23
154606 -399786 126848 22
-183 -242406 126908 0
172969 -402397 126924 22
44277 -357775 126961 26
164497 -568325 126969 3
76983 -425652 126978 9
191220 -570520 127034 3
-19120 -246263 127070 0
134705 -428192 127101 9
105566 -360503 127117 26
113846 -361024 127138 26
148031 -363146 127224 26
180124 -364409 127306 26
-48134 -153569 127358 18
160254 -490831 127365 21
165342 -532901 127451 32
230873 -438669 127471 6
151746 -566208 127474 33
-81964 -258399 127663 0
193426 -440333 127690 6
147778 -443204 127957 6
147608 -443210 127958 6
-127362 -260913 128007 0
-127465 -260917 128008 0
-127595 -260943 128009 0
278361 -311410 128126 5
81701 -308330 128192 25
219445 -313539 128259 5
87665 -285463 128376 24
193840 -543568 128394 12
123549 -318813 128476 5
208661 -309231 128593 25
-48123 -153562 128605 38
36128 -319540 128674 5
256001 -310324 128742 25
252476 -331662 128790 20
278182 -311408 128812 25
89022 -327866 128840 2
214239 -297452 128856 24
190030 -467766 128907 29
129469 -327670 128927 2
90892 -435423 128957 1
172526 -467762 128982 29
78241 -418671 129011 10
268709 -299670 129054 24
189525 -330988 129057 2
174830 -336358 129063 20
144746 -469288 129104 29
147571 -338569 129159 20
156304 -424029 129179 10
151680 -436413 129190 1
7978 -192581 129196 27
164882 -424694 129198 10
29103 -47355 129239 28
118101 -341161 129263 20
96081 -341590 129341 20
193245 -440356 129349 1
252259 -427243 129386 10
221955 -441603 129459 1
-46782 -194413 129509 27
182460 -362361 129586 35
111010 -442602 129627 4
-73578 -197690 129662 27
201682 -513649 129747 8
151052 -366478 129765 35
178458 -445580 129795 4
176778 -514400 129866 8
144733 -469278 129886 9
161006 -516470 129942 8
-73685 -197655 130153 16
-16728 -170598 130279 34
59890 -374150 130286 35
59728 -374152 130287 35
51645 -374269 130333 35
113323 -410747 130426 26
-16232 -201839 130467 16
157671 -412069 130538 26
217755 -414501 130691 26
-9800 -160296 130775 39
-34669 -162365 130836 39
-16056 -143268 130902 7
282835 -273026 131054 36
269478 -348063 131078 5
266912 -275118 131181 36
266794 -275133 131182 36
121919 -220657 131222 16
195852 -349913 131245 5
178779 -350973 131284 5
-46897 -194507 131371 38
202713 -578094 131408 12
102993 -354661 131455 5
159126 -578345 131488 17
159768 -580779 131509 12
64315 -357022 131542 5
44755 -365685 131549 2
55974 -357534 131561 5
44218 -357772 131588 5
83904 -366810 131634 2
116630 -198896 131642 14
-85152 -227694 131714 18
133136 -369050 131740 2
161495 -370410 131802 2
-39703 -231393 131871 18
144648 -469114 131947 10
-73663 -197628 131987 37
167793 -468880 131997 10
44865 -365678 132164 25
1648 -210276 132187 14
166417 -479701 132275 22
83913 -366807 132287 25
-29177 -211801 132333 14
121557 -291008 132334 36
121323 -291060 132336 36
105676 -368690 132356 25
-16143 -201834 132358 37
112792 -240178 132399 18
201524 -483673 132421 22
133005 -369042 132442 25
107925 -293856 132443 36
134593 -240735 132474 18
-59892 -212833 132479 14
156576 -566853 132514 21
161511 -370352 132532 25
-73945 -214174 132546 14
191170 -570470 132654 21
158224 -520283 132678 9
69512 -297868 132747 36
200898 -521028 132769 9
155909 -503170 132971 4
44130 -357739 133067 24
121981 -220685 133249 37
125522 -221480 133253 34
125403 -221376 133271 37
105588 -360476 133297 24
113674 -361034 133327 24
240880 -398795 133394 20
148108 -363130 133456 24
132189 -210840 133611 39
172977 -402399 133633 20
185244 -234269 133674 37
-42905 -225475 133687 34
150323 -403059 133713 20
144495 -462053 133794 26
-85158 -227675 133796 34
125584 -404136 133800 20
107054 -404955 133865 20
1587 -210293 133931 39
-29357 -212036 134007 39
240834 -398776 134075 5
-60054 -212915 134083 39
160914 -516451 134191 1
166636 -516780 134213 1
-6911 -238336 134220 38
172991 -402391 134229 5
150281 -403052 134280 5
125493 -404190 134336 5
107010 -405005 134378 5
75364 -411442 134420 2
82882 -411868 134437 2
187534 -631722 134479 12
116945 -412978 134510 2
124544 -413263 134527 2
199478 -549185 134548 29
143272 -414629 134567 2
156104 -414931 134595 2
217754 -414481 134729 2
155845 -503138 134764 10
282874 -273018 135031 27
266896 -275070 135122 27
204631 -560429 135204 6
169725 -561348 135408 6
169679 -561303 135466 9
1478 -210420 135517 7
-29340 -212006 135628 7
-60056 -212811 135739 7
-74102 -214172 135790 7
-26259 -179197 135813 30
121488 -291113 135953 27
228156 -380038 136033 0
228052 -380044 136034 0
3369 -183464 136082 30
-43237 -227559 136120 31
89740 -292378 136135 27
172489 -559612 136244 4
60545 -293354 136302 27
60373 -293362 136303 27
204521 -560583 136324 4
76988 -425618 136354 25
211593 -266136 136371 34
159049 -270220 136507 34
172309 -383022 136510 0
172200 -383033 136511 0
134756 -428180 136536 25
160542 -385583 136611 0
160415 -385606 136612 0
200329 -259952 136634 39
166689 -430102 136637 25
108661 -270730 136637 34
101895 -270839 136654 34
60334 -293366 136702 18
152835 -260452 136746 39
143785 -386476 136754 0
135424 -260442 136787 39
221230 -433192 136809 25
105456 -261748 136861 39
107926 -294028 136867 18
199535 -473177 136894 35
-269 -275373 136917 34
193552 -474095 136931 35
122288 -389495 136938 0
-4845 -256808 136949 11
2221 -256717 136978 11
282895 -272983 136997 14
230759 -438753 137030 5
266873 -275103 137072 14
116535 -198895 137111 30
193395 -440341 137115 5
-12884 -262445 137151 39
93756 -397138 137193 0
-31268 -262318 137196 39
195140 -511129 137212 26
147738 -443212 137218 5
214431 -297608 137235 18
123200 -453412 137329 2
105200 -261734 137397 11
-113345 -267478 137398 39
66251 -402284 137417 0
199963 -454927 137495 2
139709 -265801 137537 11
193772 -543567 137639 10
169791 -561257 137666 22
190671 -563753 137753 22
121499 -291109 137761 14
30952 -319043 137807 16
210565 -268307 137825 11
36106 -319538 137835 16
89737 -292264 137912 14
84455 -292302 137937 14
60539 -293319 138050 14
90946 -435422 138096 24
199537 -473168 138103 20
3447 -183570 138113 28
282880 -272942 138119 11
89051 -327654 138125 16
163265 -440151 138367 24
222014 -441638 138587 24
174750 -336287 138628 16
240595 -340826 138964 16
282821 -272883 139180 7
177980 -584330 139222 1
211898 -276235 139436 7
278389 -311395 139539 34
276805 -298570 139624 39
153712 -276369 139646 7
219559 -313518 139691 34
218855 -298767 139766 39
114772 -279687 139787 7
123696 -318787 139938 34
90023 -324061 139953 38
123353 -302373 140001 39
201665 -483670 140028 5
128005 -324769 140034 38
99274 -302390 140060 39
184531 -483986 140067 5
31115 -319061 140177 34
188811 -496780 140276 2
187624 -631713 140285 29
77821 -290691 140288 31
252442 -328574 140299 38
169687 -561214 140437 26
160346 -490842 140705 25
34834 -340423 141048 37
44125 -357722 141130 18
79611 -340668 141337 37
105575 -360475 141343 18
113735 -361059 141371 18
96037 -341436 141443 37
147927 -363016 141489 18
252428 -427155 141581 36
118068 -341380 141585 37
221430 -433007 141827 36
185354 -234434 141889 28
178760 -351081 141977 37
146037 -237650 142023 28
131664 -238674 142071 28
121940 -238944 142104 28
163386 -440139 142288 36
227411 -357369 142291 37
147744 -443233 142412 36
147616 -443237 142413 36
248716 -359004 142428 37
79642 -340667 142561 11
-19226 -246228 142583 28
240805 -398764 142677 27
193913 -543521 142686 20
83574 -364742 142703 38
118052 -341361 142717 11
-83064 -249123 142799 28
269300 -348068 142826 39
150954 -366455 142846 38
200924 -521002 142962 5
186985 -521832 142993 5
195823 -349872 143007 39
221571 -363209 143026 34
171399 -537784 143044 2
178925 -351064 143049 39
173091 -402293 143064 27
150354 -403002 143194 27
184869 -630916 143206 10
151083 -366460 143208 34
104825 -357318 143233 39
179099 -508953 143280 24
105688 -368661 143325 34
64304 -357025 143330 39
100042 -368988 143339 34
55822 -357555 143351 39
201493 -511042 143364 24
44267 -357697 143379 39
228087 -379912 143398 14
107100 -404926 143441 27
45714 -370945 143479 34
172223 -383062 143663 14
143712 -386491 143798 14
253315 -339704 143965 7
240660 -340819 144011 7
95195 -386438 144028 14
94970 -386465 144029 14
68444 -387560 144155 14
168570 -340854 144271 7
118169 -341385 144453 7
104796 -357509 144787 31
172624 -559613 144832 25
204520 -560488 144933 25
52198 -360402 144973 31
77138 -425555 145141 16
132379 -433665 145443 16
151624 -436382 145548 16
193181 -440325 145776 16
91023 -435425 145777 18
159621 -580766 145824 2
202991 -573030 145889 5
222079 -441628 145933 16
151555 -436368 145986 18
268701 -299659 146000 28
240705 -398783 146081 39
193198 -440224 146135 18
205876 -304782 146213 28
221978 -441572 146231 18
172989 -402359 146247 39
150290 -403028 146303 39
220446 -414899 146369 34
107037 -404970 146409 39
186445 -417505 146457 34
162399 -418314 146519 34
81948 -308297 146633 28
102402 -422144 146673 34
84554 -422805 146719 34
188164 -325424 146847 15
129365 -327667 146996 15
199471 -549165 147355 0
199240 -549198 147357 0
78158 -418511 147823 11
78398 -418544 147824 11
159645 -580729 148061 24
156329 -424028 148141 11
164959 -424758 148176 11
44737 -365669 148240 30
144450 -449971 148359 38
60622 -368117 148384 30
189944 -451358 148456 38
220561 -414778 148762 7
186469 -417457 148885 7
227920 -420559 148946 31
166978 -419777 148956 7
138216 -379235 149090 30
138446 -379257 149092 30
102388 -422203 149189 7
149214 -380747 149190 30
156426 -424038 149200 31
84606 -422792 149253 7
230865 -438738 149289 39
193386 -440340 149382 39
172221 -383013 149399 30
147697 -443298 149494 39
199586 -473151 149676 14
193417 -474087 149707 14
189962 -467923 149788 34
171875 -477176 149807 14
167830 -468867 149845 34
144850 -469256 149904 34
144658 -469219 150118 37
144827 -469232 150119 37
181422 -374681 150153 15
201703 -513548 150306 27
193500 -474253 150433 37
176684 -514413 150449 27
155883 -503163 150486 18
160940 -516458 150539 27
178428 -372394 150699 28
162854 -373409 150752 28
96108 -375033 150978 28
160282 -490824 151156 38
202886 -578018 152260 36
202627 -578066 152262 36
188862 -496808 152577 39
159838 -580747 152602 36
171222 -537739 152737 16
179085 -538924 152780 16
201689 -513638 153098 34
176678 -514403 153162 34
156042 -503153 153408 11
165026 -424718 153484 15
201684 -483622 153509 7
184459 -483984 153571 7
159062 -487018 153663 7
165325 -532827 153930 38
221238 -433190 154947 28
156551 -566834 154973 18
151651 -436399 155183 28
113268 -439673 155314 28
103878 -440002 155345 28
193788 -543566 155749 39
204626 -560412 155794 14
169705 -561195 155959 14
190732 -563745 156466 34
184980 -630687 157808 27
199444 -554861 158196 7
169688 -561159 158344 31
178091 -584317 158766 11
177964 -584306 158972 39
180780 -647200 159541 18
155982 -503143 159562 28
180703 -647160 159871 16
172457 -559606 161183 30
190677 -563494 161361 30
187476 -631631 162133 39
186134 -571724 163299 15
190736 -563721 163837 28
187440 -631615 168242 28
